ARM GAS  /tmp/ccrbXp5Z.s 			page 1


   1              		.cpu cortex-m3
   2              		.arch armv7-m
   3              		.fpu softvfp
   4              		.eabi_attribute 20, 1
   5              		.eabi_attribute 21, 1
   6              		.eabi_attribute 23, 3
   7              		.eabi_attribute 24, 1
   8              		.eabi_attribute 25, 1
   9              		.eabi_attribute 26, 1
  10              		.eabi_attribute 30, 4
  11              		.eabi_attribute 34, 1
  12              		.eabi_attribute 18, 4
  13              		.file	"stm32f1xx_hal_pwr.c"
  14              		.text
  15              		.section	.text.PWR_OverloadWfe,"ax",%progbits
  16              		.align	1
  17              		.syntax unified
  18              		.thumb
  19              		.thumb_func
  21              	PWR_OverloadWfe:
  22              		@ args = 0, pretend = 0, frame = 0
  23              		@ frame_needed = 0, uses_anonymous_args = 0
  24              		@ link register save eliminated.
  25              		.syntax unified
  26              	@ 118 "Drivers/STM32F1xx_HAL_Driver/Src/stm32f1xx_hal_pwr.c" 1
  27 0000 20BF     		wfe
  28              	@ 0 "" 2
  29              	@ 119 "Drivers/STM32F1xx_HAL_Driver/Src/stm32f1xx_hal_pwr.c" 1
  30 0002 00BF     		nop
  31              	@ 0 "" 2
  32              		.thumb
  33              		.syntax unified
  34 0004 7047     		bx	lr
  36              		.section	.text.HAL_PWR_DeInit,"ax",%progbits
  37              		.align	1
  38              		.global	HAL_PWR_DeInit
  39              		.syntax unified
  40              		.thumb
  41              		.thumb_func
  43              	HAL_PWR_DeInit:
  44              		@ args = 0, pretend = 0, frame = 0
  45              		@ frame_needed = 0, uses_anonymous_args = 0
  46              		@ link register save eliminated.
  47 0000 044B     		ldr	r3, .L3
  48 0002 1A69     		ldr	r2, [r3, #16]
  49 0004 42F08052 		orr	r2, r2, #268435456
  50 0008 1A61     		str	r2, [r3, #16]
  51 000a 1A69     		ldr	r2, [r3, #16]
  52 000c 22F08052 		bic	r2, r2, #268435456
  53 0010 1A61     		str	r2, [r3, #16]
  54 0012 7047     		bx	lr
  55              	.L4:
  56              		.align	2
  57              	.L3:
  58 0014 00100240 		.word	1073876992
  60              		.section	.text.HAL_PWR_EnableBkUpAccess,"ax",%progbits
  61              		.align	1
ARM GAS  /tmp/ccrbXp5Z.s 			page 2


  62              		.global	HAL_PWR_EnableBkUpAccess
  63              		.syntax unified
  64              		.thumb
  65              		.thumb_func
  67              	HAL_PWR_EnableBkUpAccess:
  68              		@ args = 0, pretend = 0, frame = 0
  69              		@ frame_needed = 0, uses_anonymous_args = 0
  70              		@ link register save eliminated.
  71 0000 0122     		movs	r2, #1
  72 0002 014B     		ldr	r3, .L6
  73 0004 1A62     		str	r2, [r3, #32]
  74 0006 7047     		bx	lr
  75              	.L7:
  76              		.align	2
  77              	.L6:
  78 0008 00000E42 		.word	1108213760
  80              		.section	.text.HAL_PWR_DisableBkUpAccess,"ax",%progbits
  81              		.align	1
  82              		.global	HAL_PWR_DisableBkUpAccess
  83              		.syntax unified
  84              		.thumb
  85              		.thumb_func
  87              	HAL_PWR_DisableBkUpAccess:
  88              		@ args = 0, pretend = 0, frame = 0
  89              		@ frame_needed = 0, uses_anonymous_args = 0
  90              		@ link register save eliminated.
  91 0000 0022     		movs	r2, #0
  92 0002 014B     		ldr	r3, .L9
  93 0004 1A62     		str	r2, [r3, #32]
  94 0006 7047     		bx	lr
  95              	.L10:
  96              		.align	2
  97              	.L9:
  98 0008 00000E42 		.word	1108213760
 100              		.section	.text.HAL_PWR_ConfigPVD,"ax",%progbits
 101              		.align	1
 102              		.global	HAL_PWR_ConfigPVD
 103              		.syntax unified
 104              		.thumb
 105              		.thumb_func
 107              	HAL_PWR_ConfigPVD:
 108              		@ args = 0, pretend = 0, frame = 0
 109              		@ frame_needed = 0, uses_anonymous_args = 0
 110              		@ link register save eliminated.
 111 0000 184A     		ldr	r2, .L28
 112 0002 0168     		ldr	r1, [r0]
 113 0004 1368     		ldr	r3, [r2]
 114 0006 23F0E003 		bic	r3, r3, #224
 115 000a 0B43     		orrs	r3, r3, r1
 116 000c 1360     		str	r3, [r2]
 117 000e 164B     		ldr	r3, .L28+4
 118 0010 5A68     		ldr	r2, [r3, #4]
 119 0012 22F48032 		bic	r2, r2, #65536
 120 0016 5A60     		str	r2, [r3, #4]
 121 0018 1A68     		ldr	r2, [r3]
 122 001a 22F48032 		bic	r2, r2, #65536
 123 001e 1A60     		str	r2, [r3]
ARM GAS  /tmp/ccrbXp5Z.s 			page 3


 124 0020 DA68     		ldr	r2, [r3, #12]
 125 0022 22F48032 		bic	r2, r2, #65536
 126 0026 DA60     		str	r2, [r3, #12]
 127 0028 9A68     		ldr	r2, [r3, #8]
 128 002a 22F48032 		bic	r2, r2, #65536
 129 002e 9A60     		str	r2, [r3, #8]
 130 0030 4268     		ldr	r2, [r0, #4]
 131 0032 D103     		lsls	r1, r2, #15
 132 0034 42BF     		ittt	mi
 133 0036 1968     		ldrmi	r1, [r3]
 134 0038 41F48031 		orrmi	r1, r1, #65536
 135 003c 1960     		strmi	r1, [r3]
 136 003e 9003     		lsls	r0, r2, #14
 137 0040 42BF     		ittt	mi
 138 0042 5968     		ldrmi	r1, [r3, #4]
 139 0044 41F48031 		orrmi	r1, r1, #65536
 140 0048 5960     		strmi	r1, [r3, #4]
 141 004a D107     		lsls	r1, r2, #31
 142 004c 42BF     		ittt	mi
 143 004e 9968     		ldrmi	r1, [r3, #8]
 144 0050 41F48031 		orrmi	r1, r1, #65536
 145 0054 9960     		strmi	r1, [r3, #8]
 146 0056 9207     		lsls	r2, r2, #30
 147 0058 42BF     		ittt	mi
 148 005a DA68     		ldrmi	r2, [r3, #12]
 149 005c 42F48032 		orrmi	r2, r2, #65536
 150 0060 DA60     		strmi	r2, [r3, #12]
 151 0062 7047     		bx	lr
 152              	.L29:
 153              		.align	2
 154              	.L28:
 155 0064 00700040 		.word	1073770496
 156 0068 00040140 		.word	1073808384
 158              		.section	.text.HAL_PWR_EnablePVD,"ax",%progbits
 159              		.align	1
 160              		.global	HAL_PWR_EnablePVD
 161              		.syntax unified
 162              		.thumb
 163              		.thumb_func
 165              	HAL_PWR_EnablePVD:
 166              		@ args = 0, pretend = 0, frame = 0
 167              		@ frame_needed = 0, uses_anonymous_args = 0
 168              		@ link register save eliminated.
 169 0000 0122     		movs	r2, #1
 170 0002 014B     		ldr	r3, .L31
 171 0004 1A61     		str	r2, [r3, #16]
 172 0006 7047     		bx	lr
 173              	.L32:
 174              		.align	2
 175              	.L31:
 176 0008 00000E42 		.word	1108213760
 178              		.section	.text.HAL_PWR_DisablePVD,"ax",%progbits
 179              		.align	1
 180              		.global	HAL_PWR_DisablePVD
 181              		.syntax unified
 182              		.thumb
 183              		.thumb_func
ARM GAS  /tmp/ccrbXp5Z.s 			page 4


 185              	HAL_PWR_DisablePVD:
 186              		@ args = 0, pretend = 0, frame = 0
 187              		@ frame_needed = 0, uses_anonymous_args = 0
 188              		@ link register save eliminated.
 189 0000 0022     		movs	r2, #0
 190 0002 014B     		ldr	r3, .L34
 191 0004 1A61     		str	r2, [r3, #16]
 192 0006 7047     		bx	lr
 193              	.L35:
 194              		.align	2
 195              	.L34:
 196 0008 00000E42 		.word	1108213760
 198              		.section	.text.HAL_PWR_EnableWakeUpPin,"ax",%progbits
 199              		.align	1
 200              		.global	HAL_PWR_EnableWakeUpPin
 201              		.syntax unified
 202              		.thumb
 203              		.thumb_func
 205              	HAL_PWR_EnableWakeUpPin:
 206              		@ args = 0, pretend = 0, frame = 0
 207              		@ frame_needed = 0, uses_anonymous_args = 0
 208              		@ link register save eliminated.
 209              		.syntax unified
 210              	@ 988 "Drivers/CMSIS/Include/cmsis_gcc.h" 1
 211 0000 90FAA0F0 		rbit r0, r0
 212              	@ 0 "" 2
 213              		.thumb
 214              		.syntax unified
 215 0004 B0FA80F0 		clz	r0, r0
 216 0008 0122     		movs	r2, #1
 217 000a 024B     		ldr	r3, .L37
 218 000c 0344     		add	r3, r3, r0
 219 000e 9B00     		lsls	r3, r3, #2
 220 0010 1A60     		str	r2, [r3]
 221 0012 7047     		bx	lr
 222              	.L38:
 223              		.align	2
 224              	.L37:
 225 0014 20808310 		.word	277053472
 227              		.section	.text.HAL_PWR_DisableWakeUpPin,"ax",%progbits
 228              		.align	1
 229              		.global	HAL_PWR_DisableWakeUpPin
 230              		.syntax unified
 231              		.thumb
 232              		.thumb_func
 234              	HAL_PWR_DisableWakeUpPin:
 235              		@ args = 0, pretend = 0, frame = 0
 236              		@ frame_needed = 0, uses_anonymous_args = 0
 237              		@ link register save eliminated.
 238              		.syntax unified
 239              	@ 988 "Drivers/CMSIS/Include/cmsis_gcc.h" 1
 240 0000 90FAA0F0 		rbit r0, r0
 241              	@ 0 "" 2
 242              		.thumb
 243              		.syntax unified
 244 0004 B0FA80F0 		clz	r0, r0
 245 0008 0022     		movs	r2, #0
ARM GAS  /tmp/ccrbXp5Z.s 			page 5


 246 000a 024B     		ldr	r3, .L40
 247 000c 0344     		add	r3, r3, r0
 248 000e 9B00     		lsls	r3, r3, #2
 249 0010 1A60     		str	r2, [r3]
 250 0012 7047     		bx	lr
 251              	.L41:
 252              		.align	2
 253              	.L40:
 254 0014 20808310 		.word	277053472
 256              		.section	.text.HAL_PWR_EnterSLEEPMode,"ax",%progbits
 257              		.align	1
 258              		.global	HAL_PWR_EnterSLEEPMode
 259              		.syntax unified
 260              		.thumb
 261              		.thumb_func
 263              	HAL_PWR_EnterSLEEPMode:
 264              		@ args = 0, pretend = 0, frame = 0
 265              		@ frame_needed = 0, uses_anonymous_args = 0
 266              		@ link register save eliminated.
 267 0000 064A     		ldr	r2, .L45
 268 0002 0129     		cmp	r1, #1
 269 0004 1369     		ldr	r3, [r2, #16]
 270 0006 23F00403 		bic	r3, r3, #4
 271 000a 1361     		str	r3, [r2, #16]
 272 000c 01D1     		bne	.L43
 273              		.syntax unified
 274              	@ 432 "Drivers/STM32F1xx_HAL_Driver/Src/stm32f1xx_hal_pwr.c" 1
 275 000e 30BF     		wfi
 276              	@ 0 "" 2
 277              		.thumb
 278              		.syntax unified
 279 0010 7047     		bx	lr
 280              	.L43:
 281              		.syntax unified
 282              	@ 437 "Drivers/STM32F1xx_HAL_Driver/Src/stm32f1xx_hal_pwr.c" 1
 283 0012 40BF     		sev
 284              	@ 0 "" 2
 285              	@ 438 "Drivers/STM32F1xx_HAL_Driver/Src/stm32f1xx_hal_pwr.c" 1
 286 0014 20BF     		wfe
 287              	@ 0 "" 2
 288              	@ 439 "Drivers/STM32F1xx_HAL_Driver/Src/stm32f1xx_hal_pwr.c" 1
 289 0016 20BF     		wfe
 290              	@ 0 "" 2
 291              		.thumb
 292              		.syntax unified
 293 0018 7047     		bx	lr
 294              	.L46:
 295 001a 00BF     		.align	2
 296              	.L45:
 297 001c 00ED00E0 		.word	-536810240
 299              		.section	.text.HAL_PWR_EnterSTOPMode,"ax",%progbits
 300              		.align	1
 301              		.global	HAL_PWR_EnterSTOPMode
 302              		.syntax unified
 303              		.thumb
 304              		.thumb_func
 306              	HAL_PWR_EnterSTOPMode:
ARM GAS  /tmp/ccrbXp5Z.s 			page 6


 307              		@ args = 0, pretend = 0, frame = 0
 308              		@ frame_needed = 0, uses_anonymous_args = 0
 309 0000 0F4A     		ldr	r2, .L50
 310 0002 08B5     		push	{r3, lr}
 311 0004 1368     		ldr	r3, [r2]
 312 0006 0129     		cmp	r1, #1
 313 0008 23F00203 		bic	r3, r3, #2
 314 000c 1360     		str	r3, [r2]
 315 000e 1368     		ldr	r3, [r2]
 316 0010 23F00103 		bic	r3, r3, #1
 317 0014 43EA0003 		orr	r3, r3, r0
 318 0018 1360     		str	r3, [r2]
 319 001a 0A4B     		ldr	r3, .L50+4
 320 001c 1A69     		ldr	r2, [r3, #16]
 321 001e 42F00402 		orr	r2, r2, #4
 322 0022 1A61     		str	r2, [r3, #16]
 323 0024 05D1     		bne	.L48
 324              		.syntax unified
 325              	@ 481 "Drivers/STM32F1xx_HAL_Driver/Src/stm32f1xx_hal_pwr.c" 1
 326 0026 30BF     		wfi
 327              	@ 0 "" 2
 328              		.thumb
 329              		.syntax unified
 330              	.L49:
 331 0028 1A69     		ldr	r2, [r3, #16]
 332 002a 22F00402 		bic	r2, r2, #4
 333 002e 1A61     		str	r2, [r3, #16]
 334 0030 08BD     		pop	{r3, pc}
 335              	.L48:
 336              		.syntax unified
 337              	@ 486 "Drivers/STM32F1xx_HAL_Driver/Src/stm32f1xx_hal_pwr.c" 1
 338 0032 40BF     		sev
 339              	@ 0 "" 2
 340              		.thumb
 341              		.syntax unified
 342 0034 FFF7FEFF 		bl	PWR_OverloadWfe
 343 0038 FFF7FEFF 		bl	PWR_OverloadWfe
 344 003c F4E7     		b	.L49
 345              	.L51:
 346 003e 00BF     		.align	2
 347              	.L50:
 348 0040 00700040 		.word	1073770496
 349 0044 00ED00E0 		.word	-536810240
 351              		.section	.text.HAL_PWR_EnterSTANDBYMode,"ax",%progbits
 352              		.align	1
 353              		.global	HAL_PWR_EnterSTANDBYMode
 354              		.syntax unified
 355              		.thumb
 356              		.thumb_func
 358              	HAL_PWR_EnterSTANDBYMode:
 359              		@ args = 0, pretend = 0, frame = 0
 360              		@ frame_needed = 0, uses_anonymous_args = 0
 361              		@ link register save eliminated.
 362 0000 054A     		ldr	r2, .L53
 363 0002 1368     		ldr	r3, [r2]
 364 0004 43F00203 		orr	r3, r3, #2
 365 0008 1360     		str	r3, [r2]
ARM GAS  /tmp/ccrbXp5Z.s 			page 7


 366 000a 044A     		ldr	r2, .L53+4
 367 000c 1369     		ldr	r3, [r2, #16]
 368 000e 43F00403 		orr	r3, r3, #4
 369 0012 1361     		str	r3, [r2, #16]
 370              		.syntax unified
 371              	@ 515 "Drivers/STM32F1xx_HAL_Driver/Src/stm32f1xx_hal_pwr.c" 1
 372 0014 30BF     		wfi
 373              	@ 0 "" 2
 374              		.thumb
 375              		.syntax unified
 376 0016 7047     		bx	lr
 377              	.L54:
 378              		.align	2
 379              	.L53:
 380 0018 00700040 		.word	1073770496
 381 001c 00ED00E0 		.word	-536810240
 383              		.section	.text.HAL_PWR_EnableSleepOnExit,"ax",%progbits
 384              		.align	1
 385              		.global	HAL_PWR_EnableSleepOnExit
 386              		.syntax unified
 387              		.thumb
 388              		.thumb_func
 390              	HAL_PWR_EnableSleepOnExit:
 391              		@ args = 0, pretend = 0, frame = 0
 392              		@ frame_needed = 0, uses_anonymous_args = 0
 393              		@ link register save eliminated.
 394 0000 024A     		ldr	r2, .L56
 395 0002 1369     		ldr	r3, [r2, #16]
 396 0004 43F00203 		orr	r3, r3, #2
 397 0008 1361     		str	r3, [r2, #16]
 398 000a 7047     		bx	lr
 399              	.L57:
 400              		.align	2
 401              	.L56:
 402 000c 00ED00E0 		.word	-536810240
 404              		.section	.text.HAL_PWR_DisableSleepOnExit,"ax",%progbits
 405              		.align	1
 406              		.global	HAL_PWR_DisableSleepOnExit
 407              		.syntax unified
 408              		.thumb
 409              		.thumb_func
 411              	HAL_PWR_DisableSleepOnExit:
 412              		@ args = 0, pretend = 0, frame = 0
 413              		@ frame_needed = 0, uses_anonymous_args = 0
 414              		@ link register save eliminated.
 415 0000 024A     		ldr	r2, .L59
 416 0002 1369     		ldr	r3, [r2, #16]
 417 0004 23F00203 		bic	r3, r3, #2
 418 0008 1361     		str	r3, [r2, #16]
 419 000a 7047     		bx	lr
 420              	.L60:
 421              		.align	2
 422              	.L59:
 423 000c 00ED00E0 		.word	-536810240
 425              		.section	.text.HAL_PWR_EnableSEVOnPend,"ax",%progbits
 426              		.align	1
 427              		.global	HAL_PWR_EnableSEVOnPend
ARM GAS  /tmp/ccrbXp5Z.s 			page 8


 428              		.syntax unified
 429              		.thumb
 430              		.thumb_func
 432              	HAL_PWR_EnableSEVOnPend:
 433              		@ args = 0, pretend = 0, frame = 0
 434              		@ frame_needed = 0, uses_anonymous_args = 0
 435              		@ link register save eliminated.
 436 0000 024A     		ldr	r2, .L62
 437 0002 1369     		ldr	r3, [r2, #16]
 438 0004 43F01003 		orr	r3, r3, #16
 439 0008 1361     		str	r3, [r2, #16]
 440 000a 7047     		bx	lr
 441              	.L63:
 442              		.align	2
 443              	.L62:
 444 000c 00ED00E0 		.word	-536810240
 446              		.section	.text.HAL_PWR_DisableSEVOnPend,"ax",%progbits
 447              		.align	1
 448              		.global	HAL_PWR_DisableSEVOnPend
 449              		.syntax unified
 450              		.thumb
 451              		.thumb_func
 453              	HAL_PWR_DisableSEVOnPend:
 454              		@ args = 0, pretend = 0, frame = 0
 455              		@ frame_needed = 0, uses_anonymous_args = 0
 456              		@ link register save eliminated.
 457 0000 024A     		ldr	r2, .L65
 458 0002 1369     		ldr	r3, [r2, #16]
 459 0004 23F01003 		bic	r3, r3, #16
 460 0008 1361     		str	r3, [r2, #16]
 461 000a 7047     		bx	lr
 462              	.L66:
 463              		.align	2
 464              	.L65:
 465 000c 00ED00E0 		.word	-536810240
 467              		.section	.text.HAL_PWR_PVDCallback,"ax",%progbits
 468              		.align	1
 469              		.weak	HAL_PWR_PVDCallback
 470              		.syntax unified
 471              		.thumb
 472              		.thumb_func
 474              	HAL_PWR_PVDCallback:
 475              		@ args = 0, pretend = 0, frame = 0
 476              		@ frame_needed = 0, uses_anonymous_args = 0
 477              		@ link register save eliminated.
 478 0000 7047     		bx	lr
 480              		.section	.text.HAL_PWR_PVD_IRQHandler,"ax",%progbits
 481              		.align	1
 482              		.global	HAL_PWR_PVD_IRQHandler
 483              		.syntax unified
 484              		.thumb
 485              		.thumb_func
 487              	HAL_PWR_PVD_IRQHandler:
 488              		@ args = 0, pretend = 0, frame = 0
 489              		@ frame_needed = 0, uses_anonymous_args = 0
 490 0000 10B5     		push	{r4, lr}
 491 0002 054C     		ldr	r4, .L73
ARM GAS  /tmp/ccrbXp5Z.s 			page 9


 492 0004 6369     		ldr	r3, [r4, #20]
 493 0006 DB03     		lsls	r3, r3, #15
 494 0008 04D5     		bpl	.L68
 495 000a FFF7FEFF 		bl	HAL_PWR_PVDCallback
 496 000e 4FF48033 		mov	r3, #65536
 497 0012 6361     		str	r3, [r4, #20]
 498              	.L68:
 499 0014 10BD     		pop	{r4, pc}
 500              	.L74:
 501 0016 00BF     		.align	2
 502              	.L73:
 503 0018 00040140 		.word	1073808384
 505              		.ident	"GCC: (Arch Repository) 13.2.0"
ARM GAS  /tmp/ccrbXp5Z.s 			page 10


DEFINED SYMBOLS
                            *ABS*:00000000 stm32f1xx_hal_pwr.c
     /tmp/ccrbXp5Z.s:16     .text.PWR_OverloadWfe:00000000 $t
     /tmp/ccrbXp5Z.s:21     .text.PWR_OverloadWfe:00000000 PWR_OverloadWfe
     /tmp/ccrbXp5Z.s:37     .text.HAL_PWR_DeInit:00000000 $t
     /tmp/ccrbXp5Z.s:43     .text.HAL_PWR_DeInit:00000000 HAL_PWR_DeInit
     /tmp/ccrbXp5Z.s:58     .text.HAL_PWR_DeInit:00000014 $d
     /tmp/ccrbXp5Z.s:61     .text.HAL_PWR_EnableBkUpAccess:00000000 $t
     /tmp/ccrbXp5Z.s:67     .text.HAL_PWR_EnableBkUpAccess:00000000 HAL_PWR_EnableBkUpAccess
     /tmp/ccrbXp5Z.s:78     .text.HAL_PWR_EnableBkUpAccess:00000008 $d
     /tmp/ccrbXp5Z.s:81     .text.HAL_PWR_DisableBkUpAccess:00000000 $t
     /tmp/ccrbXp5Z.s:87     .text.HAL_PWR_DisableBkUpAccess:00000000 HAL_PWR_DisableBkUpAccess
     /tmp/ccrbXp5Z.s:98     .text.HAL_PWR_DisableBkUpAccess:00000008 $d
     /tmp/ccrbXp5Z.s:101    .text.HAL_PWR_ConfigPVD:00000000 $t
     /tmp/ccrbXp5Z.s:107    .text.HAL_PWR_ConfigPVD:00000000 HAL_PWR_ConfigPVD
     /tmp/ccrbXp5Z.s:155    .text.HAL_PWR_ConfigPVD:00000064 $d
     /tmp/ccrbXp5Z.s:159    .text.HAL_PWR_EnablePVD:00000000 $t
     /tmp/ccrbXp5Z.s:165    .text.HAL_PWR_EnablePVD:00000000 HAL_PWR_EnablePVD
     /tmp/ccrbXp5Z.s:176    .text.HAL_PWR_EnablePVD:00000008 $d
     /tmp/ccrbXp5Z.s:179    .text.HAL_PWR_DisablePVD:00000000 $t
     /tmp/ccrbXp5Z.s:185    .text.HAL_PWR_DisablePVD:00000000 HAL_PWR_DisablePVD
     /tmp/ccrbXp5Z.s:196    .text.HAL_PWR_DisablePVD:00000008 $d
     /tmp/ccrbXp5Z.s:199    .text.HAL_PWR_EnableWakeUpPin:00000000 $t
     /tmp/ccrbXp5Z.s:205    .text.HAL_PWR_EnableWakeUpPin:00000000 HAL_PWR_EnableWakeUpPin
     /tmp/ccrbXp5Z.s:225    .text.HAL_PWR_EnableWakeUpPin:00000014 $d
     /tmp/ccrbXp5Z.s:228    .text.HAL_PWR_DisableWakeUpPin:00000000 $t
     /tmp/ccrbXp5Z.s:234    .text.HAL_PWR_DisableWakeUpPin:00000000 HAL_PWR_DisableWakeUpPin
     /tmp/ccrbXp5Z.s:254    .text.HAL_PWR_DisableWakeUpPin:00000014 $d
     /tmp/ccrbXp5Z.s:257    .text.HAL_PWR_EnterSLEEPMode:00000000 $t
     /tmp/ccrbXp5Z.s:263    .text.HAL_PWR_EnterSLEEPMode:00000000 HAL_PWR_EnterSLEEPMode
     /tmp/ccrbXp5Z.s:297    .text.HAL_PWR_EnterSLEEPMode:0000001c $d
     /tmp/ccrbXp5Z.s:300    .text.HAL_PWR_EnterSTOPMode:00000000 $t
     /tmp/ccrbXp5Z.s:306    .text.HAL_PWR_EnterSTOPMode:00000000 HAL_PWR_EnterSTOPMode
     /tmp/ccrbXp5Z.s:348    .text.HAL_PWR_EnterSTOPMode:00000040 $d
     /tmp/ccrbXp5Z.s:352    .text.HAL_PWR_EnterSTANDBYMode:00000000 $t
     /tmp/ccrbXp5Z.s:358    .text.HAL_PWR_EnterSTANDBYMode:00000000 HAL_PWR_EnterSTANDBYMode
     /tmp/ccrbXp5Z.s:380    .text.HAL_PWR_EnterSTANDBYMode:00000018 $d
     /tmp/ccrbXp5Z.s:384    .text.HAL_PWR_EnableSleepOnExit:00000000 $t
     /tmp/ccrbXp5Z.s:390    .text.HAL_PWR_EnableSleepOnExit:00000000 HAL_PWR_EnableSleepOnExit
     /tmp/ccrbXp5Z.s:402    .text.HAL_PWR_EnableSleepOnExit:0000000c $d
     /tmp/ccrbXp5Z.s:405    .text.HAL_PWR_DisableSleepOnExit:00000000 $t
     /tmp/ccrbXp5Z.s:411    .text.HAL_PWR_DisableSleepOnExit:00000000 HAL_PWR_DisableSleepOnExit
     /tmp/ccrbXp5Z.s:423    .text.HAL_PWR_DisableSleepOnExit:0000000c $d
     /tmp/ccrbXp5Z.s:426    .text.HAL_PWR_EnableSEVOnPend:00000000 $t
     /tmp/ccrbXp5Z.s:432    .text.HAL_PWR_EnableSEVOnPend:00000000 HAL_PWR_EnableSEVOnPend
     /tmp/ccrbXp5Z.s:444    .text.HAL_PWR_EnableSEVOnPend:0000000c $d
     /tmp/ccrbXp5Z.s:447    .text.HAL_PWR_DisableSEVOnPend:00000000 $t
     /tmp/ccrbXp5Z.s:453    .text.HAL_PWR_DisableSEVOnPend:00000000 HAL_PWR_DisableSEVOnPend
     /tmp/ccrbXp5Z.s:465    .text.HAL_PWR_DisableSEVOnPend:0000000c $d
     /tmp/ccrbXp5Z.s:468    .text.HAL_PWR_PVDCallback:00000000 $t
     /tmp/ccrbXp5Z.s:474    .text.HAL_PWR_PVDCallback:00000000 HAL_PWR_PVDCallback
     /tmp/ccrbXp5Z.s:481    .text.HAL_PWR_PVD_IRQHandler:00000000 $t
     /tmp/ccrbXp5Z.s:487    .text.HAL_PWR_PVD_IRQHandler:00000000 HAL_PWR_PVD_IRQHandler
     /tmp/ccrbXp5Z.s:503    .text.HAL_PWR_PVD_IRQHandler:00000018 $d

NO UNDEFINED SYMBOLS
