ARM GAS  /tmp/ccPYs0Sf.s 			page 1


   1              		.cpu cortex-m3
   2              		.arch armv7-m
   3              		.fpu softvfp
   4              		.eabi_attribute 20, 1
   5              		.eabi_attribute 21, 1
   6              		.eabi_attribute 23, 3
   7              		.eabi_attribute 24, 1
   8              		.eabi_attribute 25, 1
   9              		.eabi_attribute 26, 1
  10              		.eabi_attribute 30, 4
  11              		.eabi_attribute 34, 1
  12              		.eabi_attribute 18, 4
  13              		.file	"stm32f1xx_hal_msp.c"
  14              		.text
  15              		.section	.text.HAL_MspInit,"ax",%progbits
  16              		.align	1
  17              		.global	HAL_MspInit
  18              		.syntax unified
  19              		.thumb
  20              		.thumb_func
  22              	HAL_MspInit:
  23              		@ args = 0, pretend = 0, frame = 8
  24              		@ frame_needed = 0, uses_anonymous_args = 0
  25              		@ link register save eliminated.
  26 0000 0A4B     		ldr	r3, .L2
  27 0002 82B0     		sub	sp, sp, #8
  28 0004 9A69     		ldr	r2, [r3, #24]
  29 0006 42F00102 		orr	r2, r2, #1
  30 000a 9A61     		str	r2, [r3, #24]
  31 000c 9A69     		ldr	r2, [r3, #24]
  32 000e 02F00102 		and	r2, r2, #1
  33 0012 0092     		str	r2, [sp]
  34 0014 009A     		ldr	r2, [sp]
  35 0016 DA69     		ldr	r2, [r3, #28]
  36 0018 42F08052 		orr	r2, r2, #268435456
  37 001c DA61     		str	r2, [r3, #28]
  38 001e DB69     		ldr	r3, [r3, #28]
  39 0020 03F08053 		and	r3, r3, #268435456
  40 0024 0193     		str	r3, [sp, #4]
  41 0026 019B     		ldr	r3, [sp, #4]
  42 0028 02B0     		add	sp, sp, #8
  43              		@ sp needed
  44 002a 7047     		bx	lr
  45              	.L3:
  46              		.align	2
  47              	.L2:
  48 002c 00100240 		.word	1073876992
  50              		.ident	"GCC: (Arch Repository) 13.2.0"
ARM GAS  /tmp/ccPYs0Sf.s 			page 2


DEFINED SYMBOLS
                            *ABS*:00000000 stm32f1xx_hal_msp.c
     /tmp/ccPYs0Sf.s:16     .text.HAL_MspInit:00000000 $t
     /tmp/ccPYs0Sf.s:22     .text.HAL_MspInit:00000000 HAL_MspInit
     /tmp/ccPYs0Sf.s:48     .text.HAL_MspInit:0000002c $d

NO UNDEFINED SYMBOLS
