ARM GAS  /tmp/ccXeaQoO.s 			page 1


   1              		.cpu cortex-m3
   2              		.arch armv7-m
   3              		.fpu softvfp
   4              		.eabi_attribute 20, 1
   5              		.eabi_attribute 21, 1
   6              		.eabi_attribute 23, 3
   7              		.eabi_attribute 24, 1
   8              		.eabi_attribute 25, 1
   9              		.eabi_attribute 26, 1
  10              		.eabi_attribute 30, 4
  11              		.eabi_attribute 34, 1
  12              		.eabi_attribute 18, 4
  13              		.file	"stm32f1xx_hal.c"
  14              		.text
  15              		.section	.text.HAL_MspInit,"ax",%progbits
  16              		.align	1
  17              		.weak	HAL_MspInit
  18              		.syntax unified
  19              		.thumb
  20              		.thumb_func
  22              	HAL_MspInit:
  23              		@ args = 0, pretend = 0, frame = 0
  24              		@ frame_needed = 0, uses_anonymous_args = 0
  25              		@ link register save eliminated.
  26 0000 7047     		bx	lr
  28              		.section	.text.HAL_MspDeInit,"ax",%progbits
  29              		.align	1
  30              		.weak	HAL_MspDeInit
  31              		.syntax unified
  32              		.thumb
  33              		.thumb_func
  35              	HAL_MspDeInit:
  36              		@ args = 0, pretend = 0, frame = 0
  37              		@ frame_needed = 0, uses_anonymous_args = 0
  38              		@ link register save eliminated.
  39 0000 7047     		bx	lr
  41              		.section	.text.HAL_DeInit,"ax",%progbits
  42              		.align	1
  43              		.global	HAL_DeInit
  44              		.syntax unified
  45              		.thumb
  46              		.thumb_func
  48              	HAL_DeInit:
  49              		@ args = 0, pretend = 0, frame = 0
  50              		@ frame_needed = 0, uses_anonymous_args = 0
  51 0000 10B5     		push	{r4, lr}
  52 0002 4FF0FF32 		mov	r2, #-1
  53 0006 0024     		movs	r4, #0
  54 0008 044B     		ldr	r3, .L4
  55 000a 1A61     		str	r2, [r3, #16]
  56 000c 1C61     		str	r4, [r3, #16]
  57 000e DA60     		str	r2, [r3, #12]
  58 0010 DC60     		str	r4, [r3, #12]
  59 0012 FFF7FEFF 		bl	HAL_MspDeInit
  60 0016 2046     		mov	r0, r4
  61 0018 10BD     		pop	{r4, pc}
  62              	.L5:
ARM GAS  /tmp/ccXeaQoO.s 			page 2


  63 001a 00BF     		.align	2
  64              	.L4:
  65 001c 00100240 		.word	1073876992
  67              		.section	.text.HAL_InitTick,"ax",%progbits
  68              		.align	1
  69              		.weak	HAL_InitTick
  70              		.syntax unified
  71              		.thumb
  72              		.thumb_func
  74              	HAL_InitTick:
  75              		@ args = 0, pretend = 0, frame = 0
  76              		@ frame_needed = 0, uses_anonymous_args = 0
  77 0000 38B5     		push	{r3, r4, r5, lr}
  78 0002 0E4B     		ldr	r3, .L10
  79 0004 0546     		mov	r5, r0
  80 0006 1A78     		ldrb	r2, [r3]	@ zero_extendqisi2
  81 0008 4FF47A73 		mov	r3, #1000
  82 000c B3FBF2F3 		udiv	r3, r3, r2
  83 0010 0B4A     		ldr	r2, .L10+4
  84 0012 1068     		ldr	r0, [r2]
  85 0014 B0FBF3F0 		udiv	r0, r0, r3
  86 0018 FFF7FEFF 		bl	HAL_SYSTICK_Config
  87 001c 0446     		mov	r4, r0
  88 001e 58B9     		cbnz	r0, .L9
  89 0020 0F2D     		cmp	r5, #15
  90 0022 09D8     		bhi	.L9
  91 0024 0246     		mov	r2, r0
  92 0026 2946     		mov	r1, r5
  93 0028 4FF0FF30 		mov	r0, #-1
  94 002c FFF7FEFF 		bl	HAL_NVIC_SetPriority
  95 0030 2046     		mov	r0, r4
  96 0032 044B     		ldr	r3, .L10+8
  97 0034 1D60     		str	r5, [r3]
  98              	.L7:
  99 0036 38BD     		pop	{r3, r4, r5, pc}
 100              	.L9:
 101 0038 0120     		movs	r0, #1
 102 003a FCE7     		b	.L7
 103              	.L11:
 104              		.align	2
 105              	.L10:
 106 003c 00000000 		.word	uwTickFreq
 107 0040 00000000 		.word	SystemCoreClock
 108 0044 00000000 		.word	uwTickPrio
 110              		.section	.text.HAL_Init,"ax",%progbits
 111              		.align	1
 112              		.global	HAL_Init
 113              		.syntax unified
 114              		.thumb
 115              		.thumb_func
 117              	HAL_Init:
 118              		@ args = 0, pretend = 0, frame = 0
 119              		@ frame_needed = 0, uses_anonymous_args = 0
 120 0000 074A     		ldr	r2, .L13
 121 0002 08B5     		push	{r3, lr}
 122 0004 1368     		ldr	r3, [r2]
 123 0006 0320     		movs	r0, #3
ARM GAS  /tmp/ccXeaQoO.s 			page 3


 124 0008 43F01003 		orr	r3, r3, #16
 125 000c 1360     		str	r3, [r2]
 126 000e FFF7FEFF 		bl	HAL_NVIC_SetPriorityGrouping
 127 0012 0F20     		movs	r0, #15
 128 0014 FFF7FEFF 		bl	HAL_InitTick
 129 0018 FFF7FEFF 		bl	HAL_MspInit
 130 001c 0020     		movs	r0, #0
 131 001e 08BD     		pop	{r3, pc}
 132              	.L14:
 133              		.align	2
 134              	.L13:
 135 0020 00200240 		.word	1073881088
 137              		.section	.text.HAL_IncTick,"ax",%progbits
 138              		.align	1
 139              		.weak	HAL_IncTick
 140              		.syntax unified
 141              		.thumb
 142              		.thumb_func
 144              	HAL_IncTick:
 145              		@ args = 0, pretend = 0, frame = 0
 146              		@ frame_needed = 0, uses_anonymous_args = 0
 147              		@ link register save eliminated.
 148 0000 034A     		ldr	r2, .L16
 149 0002 044B     		ldr	r3, .L16+4
 150 0004 1168     		ldr	r1, [r2]
 151 0006 1B78     		ldrb	r3, [r3]	@ zero_extendqisi2
 152 0008 0B44     		add	r3, r3, r1
 153 000a 1360     		str	r3, [r2]
 154 000c 7047     		bx	lr
 155              	.L17:
 156 000e 00BF     		.align	2
 157              	.L16:
 158 0010 00000000 		.word	uwTick
 159 0014 00000000 		.word	uwTickFreq
 161              		.section	.text.HAL_GetTick,"ax",%progbits
 162              		.align	1
 163              		.weak	HAL_GetTick
 164              		.syntax unified
 165              		.thumb
 166              		.thumb_func
 168              	HAL_GetTick:
 169              		@ args = 0, pretend = 0, frame = 0
 170              		@ frame_needed = 0, uses_anonymous_args = 0
 171              		@ link register save eliminated.
 172 0000 014B     		ldr	r3, .L19
 173 0002 1868     		ldr	r0, [r3]
 174 0004 7047     		bx	lr
 175              	.L20:
 176 0006 00BF     		.align	2
 177              	.L19:
 178 0008 00000000 		.word	uwTick
 180              		.section	.text.HAL_GetTickPrio,"ax",%progbits
 181              		.align	1
 182              		.global	HAL_GetTickPrio
 183              		.syntax unified
 184              		.thumb
 185              		.thumb_func
ARM GAS  /tmp/ccXeaQoO.s 			page 4


 187              	HAL_GetTickPrio:
 188              		@ args = 0, pretend = 0, frame = 0
 189              		@ frame_needed = 0, uses_anonymous_args = 0
 190              		@ link register save eliminated.
 191 0000 014B     		ldr	r3, .L22
 192 0002 1868     		ldr	r0, [r3]
 193 0004 7047     		bx	lr
 194              	.L23:
 195 0006 00BF     		.align	2
 196              	.L22:
 197 0008 00000000 		.word	uwTickPrio
 199              		.section	.text.HAL_SetTickFreq,"ax",%progbits
 200              		.align	1
 201              		.global	HAL_SetTickFreq
 202              		.syntax unified
 203              		.thumb
 204              		.thumb_func
 206              	HAL_SetTickFreq:
 207              		@ args = 0, pretend = 0, frame = 0
 208              		@ frame_needed = 0, uses_anonymous_args = 0
 209 0000 38B5     		push	{r3, r4, r5, lr}
 210 0002 074C     		ldr	r4, .L29
 211 0004 2578     		ldrb	r5, [r4]	@ zero_extendqisi2
 212 0006 8542     		cmp	r5, r0
 213 0008 07D0     		beq	.L28
 214 000a 064B     		ldr	r3, .L29+4
 215 000c 2070     		strb	r0, [r4]
 216 000e 1868     		ldr	r0, [r3]
 217 0010 FFF7FEFF 		bl	HAL_InitTick
 218 0014 00B1     		cbz	r0, .L25
 219 0016 2570     		strb	r5, [r4]
 220              	.L25:
 221 0018 38BD     		pop	{r3, r4, r5, pc}
 222              	.L28:
 223 001a 0020     		movs	r0, #0
 224 001c FCE7     		b	.L25
 225              	.L30:
 226 001e 00BF     		.align	2
 227              	.L29:
 228 0020 00000000 		.word	uwTickFreq
 229 0024 00000000 		.word	uwTickPrio
 231              		.section	.text.HAL_GetTickFreq,"ax",%progbits
 232              		.align	1
 233              		.global	HAL_GetTickFreq
 234              		.syntax unified
 235              		.thumb
 236              		.thumb_func
 238              	HAL_GetTickFreq:
 239              		@ args = 0, pretend = 0, frame = 0
 240              		@ frame_needed = 0, uses_anonymous_args = 0
 241              		@ link register save eliminated.
 242 0000 014B     		ldr	r3, .L32
 243 0002 1878     		ldrb	r0, [r3]	@ zero_extendqisi2
 244 0004 7047     		bx	lr
 245              	.L33:
 246 0006 00BF     		.align	2
 247              	.L32:
ARM GAS  /tmp/ccXeaQoO.s 			page 5


 248 0008 00000000 		.word	uwTickFreq
 250              		.section	.text.HAL_Delay,"ax",%progbits
 251              		.align	1
 252              		.weak	HAL_Delay
 253              		.syntax unified
 254              		.thumb
 255              		.thumb_func
 257              	HAL_Delay:
 258              		@ args = 0, pretend = 0, frame = 0
 259              		@ frame_needed = 0, uses_anonymous_args = 0
 260 0000 38B5     		push	{r3, r4, r5, lr}
 261 0002 0446     		mov	r4, r0
 262 0004 FFF7FEFF 		bl	HAL_GetTick
 263 0008 0546     		mov	r5, r0
 264 000a 631C     		adds	r3, r4, #1
 265 000c 1EBF     		ittt	ne
 266 000e 044B     		ldrne	r3, .L41
 267 0010 1B78     		ldrbne	r3, [r3]	@ zero_extendqisi2
 268 0012 E418     		addne	r4, r4, r3
 269              	.L36:
 270 0014 FFF7FEFF 		bl	HAL_GetTick
 271 0018 431B     		subs	r3, r0, r5
 272 001a A342     		cmp	r3, r4
 273 001c FAD3     		bcc	.L36
 274 001e 38BD     		pop	{r3, r4, r5, pc}
 275              	.L42:
 276              		.align	2
 277              	.L41:
 278 0020 00000000 		.word	uwTickFreq
 280              		.section	.text.HAL_SuspendTick,"ax",%progbits
 281              		.align	1
 282              		.weak	HAL_SuspendTick
 283              		.syntax unified
 284              		.thumb
 285              		.thumb_func
 287              	HAL_SuspendTick:
 288              		@ args = 0, pretend = 0, frame = 0
 289              		@ frame_needed = 0, uses_anonymous_args = 0
 290              		@ link register save eliminated.
 291 0000 4FF0E022 		mov	r2, #-536813568
 292 0004 1369     		ldr	r3, [r2, #16]
 293 0006 23F00203 		bic	r3, r3, #2
 294 000a 1361     		str	r3, [r2, #16]
 295 000c 7047     		bx	lr
 297              		.section	.text.HAL_ResumeTick,"ax",%progbits
 298              		.align	1
 299              		.weak	HAL_ResumeTick
 300              		.syntax unified
 301              		.thumb
 302              		.thumb_func
 304              	HAL_ResumeTick:
 305              		@ args = 0, pretend = 0, frame = 0
 306              		@ frame_needed = 0, uses_anonymous_args = 0
 307              		@ link register save eliminated.
 308 0000 4FF0E022 		mov	r2, #-536813568
 309 0004 1369     		ldr	r3, [r2, #16]
 310 0006 43F00203 		orr	r3, r3, #2
ARM GAS  /tmp/ccXeaQoO.s 			page 6


 311 000a 1361     		str	r3, [r2, #16]
 312 000c 7047     		bx	lr
 314              		.section	.text.HAL_GetHalVersion,"ax",%progbits
 315              		.align	1
 316              		.global	HAL_GetHalVersion
 317              		.syntax unified
 318              		.thumb
 319              		.thumb_func
 321              	HAL_GetHalVersion:
 322              		@ args = 0, pretend = 0, frame = 0
 323              		@ frame_needed = 0, uses_anonymous_args = 0
 324              		@ link register save eliminated.
 325 0000 0048     		ldr	r0, .L46
 326 0002 7047     		bx	lr
 327              	.L47:
 328              		.align	2
 329              	.L46:
 330 0004 00090101 		.word	16845056
 332              		.section	.text.HAL_GetREVID,"ax",%progbits
 333              		.align	1
 334              		.global	HAL_GetREVID
 335              		.syntax unified
 336              		.thumb
 337              		.thumb_func
 339              	HAL_GetREVID:
 340              		@ args = 0, pretend = 0, frame = 0
 341              		@ frame_needed = 0, uses_anonymous_args = 0
 342              		@ link register save eliminated.
 343 0000 014B     		ldr	r3, .L49
 344 0002 1868     		ldr	r0, [r3]
 345 0004 000C     		lsrs	r0, r0, #16
 346 0006 7047     		bx	lr
 347              	.L50:
 348              		.align	2
 349              	.L49:
 350 0008 002004E0 		.word	-536600576
 352              		.section	.text.HAL_GetDEVID,"ax",%progbits
 353              		.align	1
 354              		.global	HAL_GetDEVID
 355              		.syntax unified
 356              		.thumb
 357              		.thumb_func
 359              	HAL_GetDEVID:
 360              		@ args = 0, pretend = 0, frame = 0
 361              		@ frame_needed = 0, uses_anonymous_args = 0
 362              		@ link register save eliminated.
 363 0000 024B     		ldr	r3, .L52
 364 0002 1868     		ldr	r0, [r3]
 365 0004 C0F30B00 		ubfx	r0, r0, #0, #12
 366 0008 7047     		bx	lr
 367              	.L53:
 368 000a 00BF     		.align	2
 369              	.L52:
 370 000c 002004E0 		.word	-536600576
 372              		.section	.text.HAL_GetUIDw0,"ax",%progbits
 373              		.align	1
 374              		.global	HAL_GetUIDw0
ARM GAS  /tmp/ccXeaQoO.s 			page 7


 375              		.syntax unified
 376              		.thumb
 377              		.thumb_func
 379              	HAL_GetUIDw0:
 380              		@ args = 0, pretend = 0, frame = 0
 381              		@ frame_needed = 0, uses_anonymous_args = 0
 382              		@ link register save eliminated.
 383 0000 014B     		ldr	r3, .L55
 384 0002 D3F8E807 		ldr	r0, [r3, #2024]
 385 0006 7047     		bx	lr
 386              	.L56:
 387              		.align	2
 388              	.L55:
 389 0008 00F0FF1F 		.word	536866816
 391              		.section	.text.HAL_GetUIDw1,"ax",%progbits
 392              		.align	1
 393              		.global	HAL_GetUIDw1
 394              		.syntax unified
 395              		.thumb
 396              		.thumb_func
 398              	HAL_GetUIDw1:
 399              		@ args = 0, pretend = 0, frame = 0
 400              		@ frame_needed = 0, uses_anonymous_args = 0
 401              		@ link register save eliminated.
 402 0000 014B     		ldr	r3, .L58
 403 0002 D3F8EC07 		ldr	r0, [r3, #2028]
 404 0006 7047     		bx	lr
 405              	.L59:
 406              		.align	2
 407              	.L58:
 408 0008 00F0FF1F 		.word	536866816
 410              		.section	.text.HAL_GetUIDw2,"ax",%progbits
 411              		.align	1
 412              		.global	HAL_GetUIDw2
 413              		.syntax unified
 414              		.thumb
 415              		.thumb_func
 417              	HAL_GetUIDw2:
 418              		@ args = 0, pretend = 0, frame = 0
 419              		@ frame_needed = 0, uses_anonymous_args = 0
 420              		@ link register save eliminated.
 421 0000 014B     		ldr	r3, .L61
 422 0002 D3F8F007 		ldr	r0, [r3, #2032]
 423 0006 7047     		bx	lr
 424              	.L62:
 425              		.align	2
 426              	.L61:
 427 0008 00F0FF1F 		.word	536866816
 429              		.section	.text.HAL_DBGMCU_EnableDBGSleepMode,"ax",%progbits
 430              		.align	1
 431              		.global	HAL_DBGMCU_EnableDBGSleepMode
 432              		.syntax unified
 433              		.thumb
 434              		.thumb_func
 436              	HAL_DBGMCU_EnableDBGSleepMode:
 437              		@ args = 0, pretend = 0, frame = 0
 438              		@ frame_needed = 0, uses_anonymous_args = 0
ARM GAS  /tmp/ccXeaQoO.s 			page 8


 439              		@ link register save eliminated.
 440 0000 024A     		ldr	r2, .L64
 441 0002 5368     		ldr	r3, [r2, #4]
 442 0004 43F00103 		orr	r3, r3, #1
 443 0008 5360     		str	r3, [r2, #4]
 444 000a 7047     		bx	lr
 445              	.L65:
 446              		.align	2
 447              	.L64:
 448 000c 002004E0 		.word	-536600576
 450              		.section	.text.HAL_DBGMCU_DisableDBGSleepMode,"ax",%progbits
 451              		.align	1
 452              		.global	HAL_DBGMCU_DisableDBGSleepMode
 453              		.syntax unified
 454              		.thumb
 455              		.thumb_func
 457              	HAL_DBGMCU_DisableDBGSleepMode:
 458              		@ args = 0, pretend = 0, frame = 0
 459              		@ frame_needed = 0, uses_anonymous_args = 0
 460              		@ link register save eliminated.
 461 0000 024A     		ldr	r2, .L67
 462 0002 5368     		ldr	r3, [r2, #4]
 463 0004 23F00103 		bic	r3, r3, #1
 464 0008 5360     		str	r3, [r2, #4]
 465 000a 7047     		bx	lr
 466              	.L68:
 467              		.align	2
 468              	.L67:
 469 000c 002004E0 		.word	-536600576
 471              		.section	.text.HAL_DBGMCU_EnableDBGStopMode,"ax",%progbits
 472              		.align	1
 473              		.global	HAL_DBGMCU_EnableDBGStopMode
 474              		.syntax unified
 475              		.thumb
 476              		.thumb_func
 478              	HAL_DBGMCU_EnableDBGStopMode:
 479              		@ args = 0, pretend = 0, frame = 0
 480              		@ frame_needed = 0, uses_anonymous_args = 0
 481              		@ link register save eliminated.
 482 0000 024A     		ldr	r2, .L70
 483 0002 5368     		ldr	r3, [r2, #4]
 484 0004 43F00203 		orr	r3, r3, #2
 485 0008 5360     		str	r3, [r2, #4]
 486 000a 7047     		bx	lr
 487              	.L71:
 488              		.align	2
 489              	.L70:
 490 000c 002004E0 		.word	-536600576
 492              		.section	.text.HAL_DBGMCU_DisableDBGStopMode,"ax",%progbits
 493              		.align	1
 494              		.global	HAL_DBGMCU_DisableDBGStopMode
 495              		.syntax unified
 496              		.thumb
 497              		.thumb_func
 499              	HAL_DBGMCU_DisableDBGStopMode:
 500              		@ args = 0, pretend = 0, frame = 0
 501              		@ frame_needed = 0, uses_anonymous_args = 0
ARM GAS  /tmp/ccXeaQoO.s 			page 9


 502              		@ link register save eliminated.
 503 0000 024A     		ldr	r2, .L73
 504 0002 5368     		ldr	r3, [r2, #4]
 505 0004 23F00203 		bic	r3, r3, #2
 506 0008 5360     		str	r3, [r2, #4]
 507 000a 7047     		bx	lr
 508              	.L74:
 509              		.align	2
 510              	.L73:
 511 000c 002004E0 		.word	-536600576
 513              		.section	.text.HAL_DBGMCU_EnableDBGStandbyMode,"ax",%progbits
 514              		.align	1
 515              		.global	HAL_DBGMCU_EnableDBGStandbyMode
 516              		.syntax unified
 517              		.thumb
 518              		.thumb_func
 520              	HAL_DBGMCU_EnableDBGStandbyMode:
 521              		@ args = 0, pretend = 0, frame = 0
 522              		@ frame_needed = 0, uses_anonymous_args = 0
 523              		@ link register save eliminated.
 524 0000 024A     		ldr	r2, .L76
 525 0002 5368     		ldr	r3, [r2, #4]
 526 0004 43F00403 		orr	r3, r3, #4
 527 0008 5360     		str	r3, [r2, #4]
 528 000a 7047     		bx	lr
 529              	.L77:
 530              		.align	2
 531              	.L76:
 532 000c 002004E0 		.word	-536600576
 534              		.section	.text.HAL_DBGMCU_DisableDBGStandbyMode,"ax",%progbits
 535              		.align	1
 536              		.global	HAL_DBGMCU_DisableDBGStandbyMode
 537              		.syntax unified
 538              		.thumb
 539              		.thumb_func
 541              	HAL_DBGMCU_DisableDBGStandbyMode:
 542              		@ args = 0, pretend = 0, frame = 0
 543              		@ frame_needed = 0, uses_anonymous_args = 0
 544              		@ link register save eliminated.
 545 0000 024A     		ldr	r2, .L79
 546 0002 5368     		ldr	r3, [r2, #4]
 547 0004 23F00403 		bic	r3, r3, #4
 548 0008 5360     		str	r3, [r2, #4]
 549 000a 7047     		bx	lr
 550              	.L80:
 551              		.align	2
 552              	.L79:
 553 000c 002004E0 		.word	-536600576
 555              		.global	uwTickFreq
 556              		.section	.data.uwTickFreq,"aw"
 559              	uwTickFreq:
 560 0000 01       		.byte	1
 561              		.global	uwTickPrio
 562              		.section	.data.uwTickPrio,"aw"
 563              		.align	2
 566              	uwTickPrio:
 567 0000 10000000 		.word	16
ARM GAS  /tmp/ccXeaQoO.s 			page 10


 568              		.global	uwTick
 569              		.section	.bss.uwTick,"aw",%nobits
 570              		.align	2
 573              	uwTick:
 574 0000 00000000 		.space	4
 575              		.ident	"GCC: (Arch Repository) 13.2.0"
ARM GAS  /tmp/ccXeaQoO.s 			page 11


DEFINED SYMBOLS
                            *ABS*:00000000 stm32f1xx_hal.c
     /tmp/ccXeaQoO.s:16     .text.HAL_MspInit:00000000 $t
     /tmp/ccXeaQoO.s:22     .text.HAL_MspInit:00000000 HAL_MspInit
     /tmp/ccXeaQoO.s:29     .text.HAL_MspDeInit:00000000 $t
     /tmp/ccXeaQoO.s:35     .text.HAL_MspDeInit:00000000 HAL_MspDeInit
     /tmp/ccXeaQoO.s:42     .text.HAL_DeInit:00000000 $t
     /tmp/ccXeaQoO.s:48     .text.HAL_DeInit:00000000 HAL_DeInit
     /tmp/ccXeaQoO.s:65     .text.HAL_DeInit:0000001c $d
     /tmp/ccXeaQoO.s:68     .text.HAL_InitTick:00000000 $t
     /tmp/ccXeaQoO.s:74     .text.HAL_InitTick:00000000 HAL_InitTick
     /tmp/ccXeaQoO.s:106    .text.HAL_InitTick:0000003c $d
     /tmp/ccXeaQoO.s:559    .data.uwTickFreq:00000000 uwTickFreq
     /tmp/ccXeaQoO.s:566    .data.uwTickPrio:00000000 uwTickPrio
     /tmp/ccXeaQoO.s:111    .text.HAL_Init:00000000 $t
     /tmp/ccXeaQoO.s:117    .text.HAL_Init:00000000 HAL_Init
     /tmp/ccXeaQoO.s:135    .text.HAL_Init:00000020 $d
     /tmp/ccXeaQoO.s:138    .text.HAL_IncTick:00000000 $t
     /tmp/ccXeaQoO.s:144    .text.HAL_IncTick:00000000 HAL_IncTick
     /tmp/ccXeaQoO.s:158    .text.HAL_IncTick:00000010 $d
     /tmp/ccXeaQoO.s:573    .bss.uwTick:00000000 uwTick
     /tmp/ccXeaQoO.s:162    .text.HAL_GetTick:00000000 $t
     /tmp/ccXeaQoO.s:168    .text.HAL_GetTick:00000000 HAL_GetTick
     /tmp/ccXeaQoO.s:178    .text.HAL_GetTick:00000008 $d
     /tmp/ccXeaQoO.s:181    .text.HAL_GetTickPrio:00000000 $t
     /tmp/ccXeaQoO.s:187    .text.HAL_GetTickPrio:00000000 HAL_GetTickPrio
     /tmp/ccXeaQoO.s:197    .text.HAL_GetTickPrio:00000008 $d
     /tmp/ccXeaQoO.s:200    .text.HAL_SetTickFreq:00000000 $t
     /tmp/ccXeaQoO.s:206    .text.HAL_SetTickFreq:00000000 HAL_SetTickFreq
     /tmp/ccXeaQoO.s:228    .text.HAL_SetTickFreq:00000020 $d
     /tmp/ccXeaQoO.s:232    .text.HAL_GetTickFreq:00000000 $t
     /tmp/ccXeaQoO.s:238    .text.HAL_GetTickFreq:00000000 HAL_GetTickFreq
     /tmp/ccXeaQoO.s:248    .text.HAL_GetTickFreq:00000008 $d
     /tmp/ccXeaQoO.s:251    .text.HAL_Delay:00000000 $t
     /tmp/ccXeaQoO.s:257    .text.HAL_Delay:00000000 HAL_Delay
     /tmp/ccXeaQoO.s:278    .text.HAL_Delay:00000020 $d
     /tmp/ccXeaQoO.s:281    .text.HAL_SuspendTick:00000000 $t
     /tmp/ccXeaQoO.s:287    .text.HAL_SuspendTick:00000000 HAL_SuspendTick
     /tmp/ccXeaQoO.s:298    .text.HAL_ResumeTick:00000000 $t
     /tmp/ccXeaQoO.s:304    .text.HAL_ResumeTick:00000000 HAL_ResumeTick
     /tmp/ccXeaQoO.s:315    .text.HAL_GetHalVersion:00000000 $t
     /tmp/ccXeaQoO.s:321    .text.HAL_GetHalVersion:00000000 HAL_GetHalVersion
     /tmp/ccXeaQoO.s:330    .text.HAL_GetHalVersion:00000004 $d
     /tmp/ccXeaQoO.s:333    .text.HAL_GetREVID:00000000 $t
     /tmp/ccXeaQoO.s:339    .text.HAL_GetREVID:00000000 HAL_GetREVID
     /tmp/ccXeaQoO.s:350    .text.HAL_GetREVID:00000008 $d
     /tmp/ccXeaQoO.s:353    .text.HAL_GetDEVID:00000000 $t
     /tmp/ccXeaQoO.s:359    .text.HAL_GetDEVID:00000000 HAL_GetDEVID
     /tmp/ccXeaQoO.s:370    .text.HAL_GetDEVID:0000000c $d
     /tmp/ccXeaQoO.s:373    .text.HAL_GetUIDw0:00000000 $t
     /tmp/ccXeaQoO.s:379    .text.HAL_GetUIDw0:00000000 HAL_GetUIDw0
     /tmp/ccXeaQoO.s:389    .text.HAL_GetUIDw0:00000008 $d
     /tmp/ccXeaQoO.s:392    .text.HAL_GetUIDw1:00000000 $t
     /tmp/ccXeaQoO.s:398    .text.HAL_GetUIDw1:00000000 HAL_GetUIDw1
     /tmp/ccXeaQoO.s:408    .text.HAL_GetUIDw1:00000008 $d
     /tmp/ccXeaQoO.s:411    .text.HAL_GetUIDw2:00000000 $t
     /tmp/ccXeaQoO.s:417    .text.HAL_GetUIDw2:00000000 HAL_GetUIDw2
ARM GAS  /tmp/ccXeaQoO.s 			page 12


     /tmp/ccXeaQoO.s:427    .text.HAL_GetUIDw2:00000008 $d
     /tmp/ccXeaQoO.s:430    .text.HAL_DBGMCU_EnableDBGSleepMode:00000000 $t
     /tmp/ccXeaQoO.s:436    .text.HAL_DBGMCU_EnableDBGSleepMode:00000000 HAL_DBGMCU_EnableDBGSleepMode
     /tmp/ccXeaQoO.s:448    .text.HAL_DBGMCU_EnableDBGSleepMode:0000000c $d
     /tmp/ccXeaQoO.s:451    .text.HAL_DBGMCU_DisableDBGSleepMode:00000000 $t
     /tmp/ccXeaQoO.s:457    .text.HAL_DBGMCU_DisableDBGSleepMode:00000000 HAL_DBGMCU_DisableDBGSleepMode
     /tmp/ccXeaQoO.s:469    .text.HAL_DBGMCU_DisableDBGSleepMode:0000000c $d
     /tmp/ccXeaQoO.s:472    .text.HAL_DBGMCU_EnableDBGStopMode:00000000 $t
     /tmp/ccXeaQoO.s:478    .text.HAL_DBGMCU_EnableDBGStopMode:00000000 HAL_DBGMCU_EnableDBGStopMode
     /tmp/ccXeaQoO.s:490    .text.HAL_DBGMCU_EnableDBGStopMode:0000000c $d
     /tmp/ccXeaQoO.s:493    .text.HAL_DBGMCU_DisableDBGStopMode:00000000 $t
     /tmp/ccXeaQoO.s:499    .text.HAL_DBGMCU_DisableDBGStopMode:00000000 HAL_DBGMCU_DisableDBGStopMode
     /tmp/ccXeaQoO.s:511    .text.HAL_DBGMCU_DisableDBGStopMode:0000000c $d
     /tmp/ccXeaQoO.s:514    .text.HAL_DBGMCU_EnableDBGStandbyMode:00000000 $t
     /tmp/ccXeaQoO.s:520    .text.HAL_DBGMCU_EnableDBGStandbyMode:00000000 HAL_DBGMCU_EnableDBGStandbyMode
     /tmp/ccXeaQoO.s:532    .text.HAL_DBGMCU_EnableDBGStandbyMode:0000000c $d
     /tmp/ccXeaQoO.s:535    .text.HAL_DBGMCU_DisableDBGStandbyMode:00000000 $t
     /tmp/ccXeaQoO.s:541    .text.HAL_DBGMCU_DisableDBGStandbyMode:00000000 HAL_DBGMCU_DisableDBGStandbyMode
     /tmp/ccXeaQoO.s:553    .text.HAL_DBGMCU_DisableDBGStandbyMode:0000000c $d
     /tmp/ccXeaQoO.s:563    .data.uwTickPrio:00000000 $d
     /tmp/ccXeaQoO.s:570    .bss.uwTick:00000000 $d

UNDEFINED SYMBOLS
HAL_SYSTICK_Config
HAL_NVIC_SetPriority
SystemCoreClock
HAL_NVIC_SetPriorityGrouping
