ARM GAS  /tmp/ccfP1ZLu.s 			page 1


   1              		.cpu cortex-m4
   2              		.arch armv7e-m
   3              		.fpu fpv4-sp-d16
   4              		.eabi_attribute 27, 1
   5              		.eabi_attribute 28, 1
   6              		.eabi_attribute 20, 1
   7              		.eabi_attribute 21, 1
   8              		.eabi_attribute 23, 3
   9              		.eabi_attribute 24, 1
  10              		.eabi_attribute 25, 1
  11              		.eabi_attribute 26, 1
  12              		.eabi_attribute 30, 1
  13              		.eabi_attribute 34, 1
  14              		.eabi_attribute 18, 4
  15              		.file	"gpio.c"
  16              		.text
  17              	.Ltext0:
  18              		.cfi_sections	.debug_frame
  19              		.file 1 "Core/Src/gpio.c"
  20              		.section	.text.gpio_init,"ax",%progbits
  21              		.align	1
  22              		.global	gpio_init
  23              		.syntax unified
  24              		.thumb
  25              		.thumb_func
  27              	gpio_init:
  28              	.LFB134:
   1:Core/Src/gpio.c **** /* USER CODE BEGIN Header */
   2:Core/Src/gpio.c **** /**
   3:Core/Src/gpio.c ****  ******************************************************************************
   4:Core/Src/gpio.c ****  * @file    gpio.c
   5:Core/Src/gpio.c ****  * @brief   This file provides code for the configuration
   6:Core/Src/gpio.c ****  *          of all used GPIO pins.
   7:Core/Src/gpio.c ****  ******************************************************************************
   8:Core/Src/gpio.c ****  * @attention
   9:Core/Src/gpio.c ****  *
  10:Core/Src/gpio.c ****  * Copyright (c) 2024 STMicroelectronics.
  11:Core/Src/gpio.c ****  * All rights reserved.
  12:Core/Src/gpio.c ****  *
  13:Core/Src/gpio.c ****  * This software is licensed under terms that can be found in the LICENSE file
  14:Core/Src/gpio.c ****  * in the root directory of this software component.
  15:Core/Src/gpio.c ****  * If no LICENSE file comes with this software, it is provided AS-IS.
  16:Core/Src/gpio.c ****  *
  17:Core/Src/gpio.c ****  ******************************************************************************
  18:Core/Src/gpio.c ****  */
  19:Core/Src/gpio.c **** /* USER CODE END Header */
  20:Core/Src/gpio.c **** 
  21:Core/Src/gpio.c **** /* Includes ------------------------------------------------------------------*/
  22:Core/Src/gpio.c **** #include "gpio.h"
  23:Core/Src/gpio.c **** #include "stm32f407xx.h"
  24:Core/Src/gpio.c **** #include "stm32f4xx_hal_gpio.h"
  25:Core/Src/gpio.c **** 
  26:Core/Src/gpio.c **** /* USER CODE BEGIN 0 */
  27:Core/Src/gpio.c **** 
  28:Core/Src/gpio.c **** /* USER CODE END 0 */
  29:Core/Src/gpio.c **** 
  30:Core/Src/gpio.c **** /*----------------------------------------------------------------------------*/
ARM GAS  /tmp/ccfP1ZLu.s 			page 2


  31:Core/Src/gpio.c **** /* Configure GPIO                                                             */
  32:Core/Src/gpio.c **** /*----------------------------------------------------------------------------*/
  33:Core/Src/gpio.c **** /* USER CODE BEGIN 1 */
  34:Core/Src/gpio.c **** 
  35:Core/Src/gpio.c **** /* USER CODE END 1 */
  36:Core/Src/gpio.c **** 
  37:Core/Src/gpio.c **** /** Configure pins as
  38:Core/Src/gpio.c ****  * Analog
  39:Core/Src/gpio.c ****  * Input
  40:Core/Src/gpio.c ****  * Output
  41:Core/Src/gpio.c ****  * EVENT_OUT
  42:Core/Src/gpio.c ****  * EXTI
  43:Core/Src/gpio.c ****  */
  44:Core/Src/gpio.c **** 
  45:Core/Src/gpio.c **** void gpio_init() {
  29              		.loc 1 45 18 view -0
  30              		.cfi_startproc
  31              		@ args = 0, pretend = 0, frame = 24
  32              		@ frame_needed = 0, uses_anonymous_args = 0
  33 0000 30B5     		push	{r4, r5, lr}
  34              	.LCFI0:
  35              		.cfi_def_cfa_offset 12
  36              		.cfi_offset 4, -12
  37              		.cfi_offset 5, -8
  38              		.cfi_offset 14, -4
  39 0002 87B0     		sub	sp, sp, #28
  40              	.LCFI1:
  41              		.cfi_def_cfa_offset 40
  46:Core/Src/gpio.c ****   GPIO_InitTypeDef gpio_config;
  42              		.loc 1 46 3 view .LVU1
  47:Core/Src/gpio.c ****   gpio_config.Mode = GPIO_MODE_OUTPUT_PP;
  43              		.loc 1 47 3 view .LVU2
  44              		.loc 1 47 20 is_stmt 0 view .LVU3
  45 0004 0123     		movs	r3, #1
  46 0006 0293     		str	r3, [sp, #8]
  48:Core/Src/gpio.c ****   gpio_config.Pull = GPIO_NOPULL;
  47              		.loc 1 48 3 is_stmt 1 view .LVU4
  48              		.loc 1 48 20 is_stmt 0 view .LVU5
  49 0008 0024     		movs	r4, #0
  50 000a 0394     		str	r4, [sp, #12]
  49:Core/Src/gpio.c ****   gpio_config.Speed = GPIO_SPEED_FREQ_LOW;
  51              		.loc 1 49 3 is_stmt 1 view .LVU6
  52              		.loc 1 49 21 is_stmt 0 view .LVU7
  53 000c 0494     		str	r4, [sp, #16]
  50:Core/Src/gpio.c ****   gpio_config.Pin = GPIO_PIN_10 | GPIO_PIN_11 | GPIO_PIN_12;
  54              		.loc 1 50 3 is_stmt 1 view .LVU8
  55              		.loc 1 50 19 is_stmt 0 view .LVU9
  56 000e 4FF4E053 		mov	r3, #7168
  57 0012 0193     		str	r3, [sp, #4]
  51:Core/Src/gpio.c **** 
  52:Core/Src/gpio.c ****   HAL_GPIO_Init(GPIOH, &gpio_config);
  58              		.loc 1 52 3 is_stmt 1 view .LVU10
  59 0014 064D     		ldr	r5, .L3
  60 0016 01A9     		add	r1, sp, #4
  61 0018 2846     		mov	r0, r5
  62 001a FFF7FEFF 		bl	HAL_GPIO_Init
  63              	.LVL0:
ARM GAS  /tmp/ccfP1ZLu.s 			page 3


  53:Core/Src/gpio.c **** 
  54:Core/Src/gpio.c ****   HAL_GPIO_WritePin(GPIOH, gpio_config.Pin, GPIO_PIN_RESET);
  64              		.loc 1 54 3 view .LVU11
  65 001e 2246     		mov	r2, r4
  66 0020 BDF80410 		ldrh	r1, [sp, #4]
  67 0024 2846     		mov	r0, r5
  68 0026 FFF7FEFF 		bl	HAL_GPIO_WritePin
  69              	.LVL1:
  55:Core/Src/gpio.c **** }
  70              		.loc 1 55 1 is_stmt 0 view .LVU12
  71 002a 07B0     		add	sp, sp, #28
  72              	.LCFI2:
  73              		.cfi_def_cfa_offset 12
  74              		@ sp needed
  75 002c 30BD     		pop	{r4, r5, pc}
  76              	.L4:
  77 002e 00BF     		.align	2
  78              	.L3:
  79 0030 001C0240 		.word	1073880064
  80              		.cfi_endproc
  81              	.LFE134:
  83              		.section	.text.MX_GPIO_Init,"ax",%progbits
  84              		.align	1
  85              		.global	MX_GPIO_Init
  86              		.syntax unified
  87              		.thumb
  88              		.thumb_func
  90              	MX_GPIO_Init:
  91              	.LFB135:
  56:Core/Src/gpio.c **** 
  57:Core/Src/gpio.c **** void MX_GPIO_Init(void) {
  92              		.loc 1 57 25 is_stmt 1 view -0
  93              		.cfi_startproc
  94              		@ args = 0, pretend = 0, frame = 16
  95              		@ frame_needed = 0, uses_anonymous_args = 0
  96              		@ link register save eliminated.
  97 0000 84B0     		sub	sp, sp, #16
  98              	.LCFI3:
  99              		.cfi_def_cfa_offset 16
  58:Core/Src/gpio.c **** 
  59:Core/Src/gpio.c ****   /* GPIO Ports Clock Enable */
  60:Core/Src/gpio.c ****   __HAL_RCC_GPIOB_CLK_ENABLE();
 100              		.loc 1 60 3 view .LVU14
 101              	.LBB2:
 102              		.loc 1 60 3 view .LVU15
 103 0002 0022     		movs	r2, #0
 104 0004 0192     		str	r2, [sp, #4]
 105              		.loc 1 60 3 view .LVU16
 106 0006 104B     		ldr	r3, .L7
 107 0008 196B     		ldr	r1, [r3, #48]
 108 000a 41F00201 		orr	r1, r1, #2
 109 000e 1963     		str	r1, [r3, #48]
 110              		.loc 1 60 3 view .LVU17
 111 0010 196B     		ldr	r1, [r3, #48]
 112 0012 01F00201 		and	r1, r1, #2
 113 0016 0191     		str	r1, [sp, #4]
 114              		.loc 1 60 3 view .LVU18
ARM GAS  /tmp/ccfP1ZLu.s 			page 4


 115 0018 0199     		ldr	r1, [sp, #4]
 116              	.LBE2:
 117              		.loc 1 60 3 view .LVU19
  61:Core/Src/gpio.c ****   __HAL_RCC_GPIOA_CLK_ENABLE();
 118              		.loc 1 61 3 view .LVU20
 119              	.LBB3:
 120              		.loc 1 61 3 view .LVU21
 121 001a 0292     		str	r2, [sp, #8]
 122              		.loc 1 61 3 view .LVU22
 123 001c 196B     		ldr	r1, [r3, #48]
 124 001e 41F00101 		orr	r1, r1, #1
 125 0022 1963     		str	r1, [r3, #48]
 126              		.loc 1 61 3 view .LVU23
 127 0024 196B     		ldr	r1, [r3, #48]
 128 0026 01F00101 		and	r1, r1, #1
 129 002a 0291     		str	r1, [sp, #8]
 130              		.loc 1 61 3 view .LVU24
 131 002c 0299     		ldr	r1, [sp, #8]
 132              	.LBE3:
 133              		.loc 1 61 3 view .LVU25
  62:Core/Src/gpio.c ****   __HAL_RCC_GPIOH_CLK_ENABLE();
 134              		.loc 1 62 3 view .LVU26
 135              	.LBB4:
 136              		.loc 1 62 3 view .LVU27
 137 002e 0392     		str	r2, [sp, #12]
 138              		.loc 1 62 3 view .LVU28
 139 0030 1A6B     		ldr	r2, [r3, #48]
 140 0032 42F08002 		orr	r2, r2, #128
 141 0036 1A63     		str	r2, [r3, #48]
 142              		.loc 1 62 3 view .LVU29
 143 0038 1B6B     		ldr	r3, [r3, #48]
 144 003a 03F08003 		and	r3, r3, #128
 145 003e 0393     		str	r3, [sp, #12]
 146              		.loc 1 62 3 view .LVU30
 147 0040 039B     		ldr	r3, [sp, #12]
 148              	.LBE4:
 149              		.loc 1 62 3 view .LVU31
  63:Core/Src/gpio.c **** }
 150              		.loc 1 63 1 is_stmt 0 view .LVU32
 151 0042 04B0     		add	sp, sp, #16
 152              	.LCFI4:
 153              		.cfi_def_cfa_offset 0
 154              		@ sp needed
 155 0044 7047     		bx	lr
 156              	.L8:
 157 0046 00BF     		.align	2
 158              	.L7:
 159 0048 00380240 		.word	1073887232
 160              		.cfi_endproc
 161              	.LFE135:
 163              		.text
 164              	.Letext0:
 165              		.file 2 "/usr/arm-none-eabi/include/machine/_default_types.h"
 166              		.file 3 "/usr/arm-none-eabi/include/sys/_stdint.h"
 167              		.file 4 "Drivers/CMSIS/Device/ST/STM32F4xx/Include/stm32f407xx.h"
 168              		.file 5 "Drivers/STM32F4xx_HAL_Driver/Inc/stm32f4xx_hal_gpio.h"
ARM GAS  /tmp/ccfP1ZLu.s 			page 5


DEFINED SYMBOLS
                            *ABS*:00000000 gpio.c
     /tmp/ccfP1ZLu.s:21     .text.gpio_init:00000000 $t
     /tmp/ccfP1ZLu.s:27     .text.gpio_init:00000000 gpio_init
     /tmp/ccfP1ZLu.s:79     .text.gpio_init:00000030 $d
     /tmp/ccfP1ZLu.s:84     .text.MX_GPIO_Init:00000000 $t
     /tmp/ccfP1ZLu.s:90     .text.MX_GPIO_Init:00000000 MX_GPIO_Init
     /tmp/ccfP1ZLu.s:159    .text.MX_GPIO_Init:00000048 $d

UNDEFINED SYMBOLS
HAL_GPIO_Init
HAL_GPIO_WritePin
