ARM GAS  /tmp/cc6JnXem.s 			page 1


   1              		.cpu cortex-m4
   2              		.arch armv7e-m
   3              		.fpu fpv4-sp-d16
   4              		.eabi_attribute 27, 1
   5              		.eabi_attribute 28, 1
   6              		.eabi_attribute 23, 1
   7              		.eabi_attribute 24, 1
   8              		.eabi_attribute 25, 1
   9              		.eabi_attribute 26, 1
  10              		.eabi_attribute 30, 2
  11              		.eabi_attribute 34, 1
  12              		.eabi_attribute 18, 4
  13              		.file	"gpio.c"
  14              		.text
  15              		.section	.text.MX_GPIO_Init,"ax",%progbits
  16              		.align	1
  17              		.p2align 2,,3
  18              		.global	MX_GPIO_Init
  19              		.syntax unified
  20              		.thumb
  21              		.thumb_func
  23              	MX_GPIO_Init:
  24              		@ args = 0, pretend = 0, frame = 40
  25              		@ frame_needed = 0, uses_anonymous_args = 0
  26 0000 10B5     		push	{r4, lr}
  27 0002 0024     		movs	r4, #0
  28 0004 8AB0     		sub	sp, sp, #40
  29 0006 CDE90444 		strd	r4, r4, [sp, #16]
  30 000a CDE90644 		strd	r4, r4, [sp, #24]
  31 000e 244B     		ldr	r3, .L4
  32 0010 0094     		str	r4, [sp]
  33 0012 0894     		str	r4, [sp, #32]
  34 0014 1A6B     		ldr	r2, [r3, #48]
  35 0016 2348     		ldr	r0, .L4+4
  36 0018 42F00202 		orr	r2, r2, #2
  37 001c 1A63     		str	r2, [r3, #48]
  38 001e 1A6B     		ldr	r2, [r3, #48]
  39 0020 02F00202 		and	r2, r2, #2
  40 0024 0092     		str	r2, [sp]
  41 0026 009A     		ldr	r2, [sp]
  42 0028 0194     		str	r4, [sp, #4]
  43 002a 1A6B     		ldr	r2, [r3, #48]
  44 002c 42F00802 		orr	r2, r2, #8
  45 0030 1A63     		str	r2, [r3, #48]
  46 0032 1A6B     		ldr	r2, [r3, #48]
  47 0034 02F00802 		and	r2, r2, #8
  48 0038 0192     		str	r2, [sp, #4]
  49 003a 019A     		ldr	r2, [sp, #4]
  50 003c 0294     		str	r4, [sp, #8]
  51 003e 1A6B     		ldr	r2, [r3, #48]
  52 0040 42F00102 		orr	r2, r2, #1
  53 0044 1A63     		str	r2, [r3, #48]
  54 0046 1A6B     		ldr	r2, [r3, #48]
  55 0048 02F00102 		and	r2, r2, #1
  56 004c 0292     		str	r2, [sp, #8]
  57 004e 029A     		ldr	r2, [sp, #8]
  58 0050 0394     		str	r4, [sp, #12]
ARM GAS  /tmp/cc6JnXem.s 			page 2


  59 0052 1A6B     		ldr	r2, [r3, #48]
  60 0054 42F08002 		orr	r2, r2, #128
  61 0058 1A63     		str	r2, [r3, #48]
  62 005a 1B6B     		ldr	r3, [r3, #48]
  63 005c 03F08003 		and	r3, r3, #128
  64 0060 0393     		str	r3, [sp, #12]
  65 0062 2246     		mov	r2, r4
  66 0064 4FF4C051 		mov	r1, #6144
  67 0068 039B     		ldr	r3, [sp, #12]
  68 006a FFF7FEFF 		bl	HAL_GPIO_WritePin
  69 006e 4FF4C052 		mov	r2, #6144
  70 0072 0123     		movs	r3, #1
  71 0074 04A9     		add	r1, sp, #16
  72 0076 0B48     		ldr	r0, .L4+4
  73 0078 CDE90423 		strd	r2, r3, [sp, #16]
  74 007c CDE90644 		strd	r4, r4, [sp, #24]
  75 0080 FFF7FEFF 		bl	HAL_GPIO_Init
  76 0084 4FF48062 		mov	r2, #1024
  77 0088 4FF48813 		mov	r3, #1114112
  78 008c 0548     		ldr	r0, .L4+4
  79 008e 0694     		str	r4, [sp, #24]
  80 0090 04A9     		add	r1, sp, #16
  81 0092 CDE90423 		strd	r2, [sp, #16]
  82 0096 FFF7FEFF 		bl	HAL_GPIO_Init
  83 009a 0AB0     		add	sp, sp, #40
  84              		@ sp needed
  85 009c 10BD     		pop	{r4, pc}
  86              	.L5:
  87 009e 00BF     		.align	2
  88              	.L4:
  89 00a0 00380240 		.word	1073887232
  90 00a4 001C0240 		.word	1073880064
  92              		.ident	"GCC: (Arch Repository) 14.1.0"
ARM GAS  /tmp/cc6JnXem.s 			page 3


DEFINED SYMBOLS
                            *ABS*:00000000 gpio.c
     /tmp/cc6JnXem.s:16     .text.MX_GPIO_Init:00000000 $t
     /tmp/cc6JnXem.s:23     .text.MX_GPIO_Init:00000000 MX_GPIO_Init
     /tmp/cc6JnXem.s:89     .text.MX_GPIO_Init:000000a0 $d

UNDEFINED SYMBOLS
HAL_GPIO_WritePin
HAL_GPIO_Init
