ARM GAS  /tmp/ccGUAeBe.s 			page 1


   1              		.cpu cortex-m4
   2              		.arch armv7e-m
   3              		.fpu fpv4-sp-d16
   4              		.eabi_attribute 27, 1
   5              		.eabi_attribute 28, 1
   6              		.eabi_attribute 23, 1
   7              		.eabi_attribute 24, 1
   8              		.eabi_attribute 25, 1
   9              		.eabi_attribute 26, 1
  10              		.eabi_attribute 30, 2
  11              		.eabi_attribute 34, 1
  12              		.eabi_attribute 18, 4
  13              		.file	"stm32f4xx_hal_flash_ex.c"
  14              		.text
  15              		.section	.text.HAL_FLASHEx_Erase_IT,"ax",%progbits
  16              		.align	1
  17              		.p2align 2,,3
  18              		.global	HAL_FLASHEx_Erase_IT
  19              		.syntax unified
  20              		.thumb
  21              		.thumb_func
  23              	HAL_FLASHEx_Erase_IT:
  24              		@ args = 0, pretend = 0, frame = 0
  25              		@ frame_needed = 0, uses_anonymous_args = 0
  26              		@ link register save eliminated.
  27 0000 2C49     		ldr	r1, .L13
  28 0002 0B7E     		ldrb	r3, [r1, #24]	@ zero_extendqisi2
  29 0004 012B     		cmp	r3, #1
  30 0006 53D0     		beq	.L6
  31 0008 2B4B     		ldr	r3, .L13+4
  32 000a 1A69     		ldr	r2, [r3, #16]
  33 000c 4FF0010C 		mov	ip, #1
  34 0010 42F08072 		orr	r2, r2, #16777216
  35 0014 10B4     		push	{r4}
  36 0016 81F818C0 		strb	ip, [r1, #24]
  37 001a 1A61     		str	r2, [r3, #16]
  38 001c 1A69     		ldr	r2, [r3, #16]
  39 001e 42F00072 		orr	r2, r2, #33554432
  40 0022 1A61     		str	r2, [r3, #16]
  41 0024 F322     		movs	r2, #243
  42 0026 DA60     		str	r2, [r3, #12]
  43 0028 0468     		ldr	r4, [r0]
  44 002a 0269     		ldr	r2, [r0, #16]
  45 002c 6445     		cmp	r4, ip
  46 002e 18D1     		bne	.L3
  47 0030 4068     		ldr	r0, [r0, #4]
  48 0032 4FF0020C 		mov	ip, #2
  49 0036 81F800C0 		strb	ip, [r1]
  50 003a 0861     		str	r0, [r1, #16]
  51 003c 1969     		ldr	r1, [r3, #16]
  52 003e 5DF8044B 		ldr	r4, [sp], #4
  53 0042 21F44071 		bic	r1, r1, #768
  54 0046 1961     		str	r1, [r3, #16]
  55 0048 1969     		ldr	r1, [r3, #16]
  56 004a 41F00401 		orr	r1, r1, #4
  57 004e 1961     		str	r1, [r3, #16]
  58 0050 1969     		ldr	r1, [r3, #16]
ARM GAS  /tmp/ccGUAeBe.s 			page 2


  59 0052 1202     		lsls	r2, r2, #8
  60 0054 92B2     		uxth	r2, r2
  61 0056 0A43     		orrs	r2, r2, r1
  62 0058 42F48032 		orr	r2, r2, #65536
  63 005c 0020     		movs	r0, #0
  64 005e 1A61     		str	r2, [r3, #16]
  65 0060 7047     		bx	lr
  66              	.L3:
  67 0062 D0E90203 		ldrd	r0, r3, [r0, #8]
  68 0066 81F800C0 		strb	ip, [r1]
  69 006a D2B2     		uxtb	r2, r2
  70 006c 4B60     		str	r3, [r1, #4]
  71 006e 124B     		ldr	r3, .L13+4
  72 0070 C860     		str	r0, [r1, #12]
  73 0072 0A72     		strb	r2, [r1, #8]
  74 0074 1969     		ldr	r1, [r3, #16]
  75 0076 5DF8044B 		ldr	r4, [sp], #4
  76 007a 21F44071 		bic	r1, r1, #768
  77 007e 1961     		str	r1, [r3, #16]
  78 0080 1969     		ldr	r1, [r3, #16]
  79 0082 022A     		cmp	r2, #2
  80 0084 94BF     		ite	ls
  81 0086 1202     		lslls	r2, r2, #8
  82 0088 4FF44072 		movhi	r2, #768
  83 008c 0A43     		orrs	r2, r2, r1
  84 008e 1A61     		str	r2, [r3, #16]
  85 0090 1A69     		ldr	r2, [r3, #16]
  86 0092 22F0F802 		bic	r2, r2, #248
  87 0096 1A61     		str	r2, [r3, #16]
  88 0098 1A69     		ldr	r2, [r3, #16]
  89 009a 42EAC002 		orr	r2, r2, r0, lsl #3
  90 009e 42F00202 		orr	r2, r2, #2
  91 00a2 1A61     		str	r2, [r3, #16]
  92 00a4 1A69     		ldr	r2, [r3, #16]
  93 00a6 42F48032 		orr	r2, r2, #65536
  94 00aa 0020     		movs	r0, #0
  95 00ac 1A61     		str	r2, [r3, #16]
  96 00ae 7047     		bx	lr
  97              	.L6:
  98 00b0 0220     		movs	r0, #2
  99 00b2 7047     		bx	lr
 100              	.L14:
 101              		.align	2
 102              	.L13:
 103 00b4 00000000 		.word	pFlash
 104 00b8 003C0240 		.word	1073888256
 106              		.section	.text.HAL_FLASHEx_OBProgram,"ax",%progbits
 107              		.align	1
 108              		.p2align 2,,3
 109              		.global	HAL_FLASHEx_OBProgram
 110              		.syntax unified
 111              		.thumb
 112              		.thumb_func
 114              	HAL_FLASHEx_OBProgram:
 115              		@ args = 0, pretend = 0, frame = 0
 116              		@ frame_needed = 0, uses_anonymous_args = 0
 117 0000 70B5     		push	{r4, r5, r6, lr}
ARM GAS  /tmp/ccGUAeBe.s 			page 3


 118 0002 2D4D     		ldr	r5, .L45
 119 0004 2B7E     		ldrb	r3, [r5, #24]	@ zero_extendqisi2
 120 0006 012B     		cmp	r3, #1
 121 0008 53D0     		beq	.L26
 122 000a 0446     		mov	r4, r0
 123 000c 0120     		movs	r0, #1
 124 000e 2876     		strb	r0, [r5, #24]
 125 0010 2368     		ldr	r3, [r4]
 126 0012 DE07     		lsls	r6, r3, #31
 127 0014 12D4     		bmi	.L41
 128              	.L17:
 129 0016 9907     		lsls	r1, r3, #30
 130 0018 21D4     		bmi	.L42
 131              	.L21:
 132 001a 5A07     		lsls	r2, r3, #29
 133 001c 2BD4     		bmi	.L43
 134              	.L23:
 135 001e 1B07     		lsls	r3, r3, #28
 136 0020 09D5     		bpl	.L25
 137 0022 264B     		ldr	r3, .L45+4
 138 0024 227D     		ldrb	r2, [r4, #20]	@ zero_extendqisi2
 139 0026 197D     		ldrb	r1, [r3, #20]	@ zero_extendqisi2
 140 0028 01F0F301 		and	r1, r1, #243
 141 002c 1975     		strb	r1, [r3, #20]
 142 002e 197D     		ldrb	r1, [r3, #20]	@ zero_extendqisi2
 143 0030 0A43     		orrs	r2, r2, r1
 144 0032 0020     		movs	r0, #0
 145 0034 1A75     		strb	r2, [r3, #20]
 146              	.L25:
 147 0036 0023     		movs	r3, #0
 148 0038 2B76     		strb	r3, [r5, #24]
 149 003a 70BD     		pop	{r4, r5, r6, pc}
 150              	.L41:
 151 003c D4E90136 		ldrd	r3, r6, [r4, #4]
 152 0040 8342     		cmp	r3, r0
 153 0042 4CF25030 		movw	r0, #50000
 154 0046 28D0     		beq	.L44
 155 0048 FFF7FEFF 		bl	FLASH_WaitForLastOperation
 156 004c 18BB     		cbnz	r0, .L38
 157 004e 1B4A     		ldr	r2, .L45+4
 158 0050 2368     		ldr	r3, [r4]
 159 0052 D18A     		ldrh	r1, [r2, #22]
 160 0054 0E43     		orrs	r6, r6, r1
 161 0056 B6B2     		uxth	r6, r6
 162 0058 9907     		lsls	r1, r3, #30
 163 005a D682     		strh	r6, [r2, #22]	@ movhi
 164 005c DDD5     		bpl	.L21
 165              	.L42:
 166 005e 4CF25030 		movw	r0, #50000
 167 0062 2669     		ldr	r6, [r4, #16]
 168 0064 FFF7FEFF 		bl	FLASH_WaitForLastOperation
 169 0068 10B9     		cbnz	r0, .L39
 170 006a 144B     		ldr	r3, .L45+4
 171 006c F6B2     		uxtb	r6, r6
 172 006e 5E75     		strb	r6, [r3, #21]
 173              	.L39:
 174 0070 2368     		ldr	r3, [r4]
ARM GAS  /tmp/ccGUAeBe.s 			page 4


 175 0072 5A07     		lsls	r2, r3, #29
 176 0074 D3D5     		bpl	.L23
 177              	.L43:
 178 0076 4CF25030 		movw	r0, #50000
 179 007a 267E     		ldrb	r6, [r4, #24]	@ zero_extendqisi2
 180 007c FFF7FEFF 		bl	FLASH_WaitForLastOperation
 181 0080 38B9     		cbnz	r0, .L40
 182 0082 0E4A     		ldr	r2, .L45+4
 183 0084 137D     		ldrb	r3, [r2, #20]	@ zero_extendqisi2
 184 0086 26F01F06 		bic	r6, r6, #31
 185 008a 03F01F03 		and	r3, r3, #31
 186 008e 3343     		orrs	r3, r3, r6
 187 0090 1375     		strb	r3, [r2, #20]
 188              	.L40:
 189 0092 2368     		ldr	r3, [r4]
 190 0094 C3E7     		b	.L23
 191              	.L38:
 192 0096 2368     		ldr	r3, [r4]
 193 0098 BDE7     		b	.L17
 194              	.L44:
 195 009a FFF7FEFF 		bl	FLASH_WaitForLastOperation
 196 009e 0028     		cmp	r0, #0
 197 00a0 F9D1     		bne	.L38
 198 00a2 0649     		ldr	r1, .L45+4
 199 00a4 2368     		ldr	r3, [r4]
 200 00a6 CA8A     		ldrh	r2, [r1, #22]
 201 00a8 92B2     		uxth	r2, r2
 202 00aa 22EA0602 		bic	r2, r2, r6
 203 00ae CA82     		strh	r2, [r1, #22]	@ movhi
 204 00b0 B1E7     		b	.L17
 205              	.L26:
 206 00b2 0220     		movs	r0, #2
 207 00b4 70BD     		pop	{r4, r5, r6, pc}
 208              	.L46:
 209 00b6 00BF     		.align	2
 210              	.L45:
 211 00b8 00000000 		.word	pFlash
 212 00bc 003C0240 		.word	1073888256
 214              		.section	.text.HAL_FLASHEx_OBGetConfig,"ax",%progbits
 215              		.align	1
 216              		.p2align 2,,3
 217              		.global	HAL_FLASHEx_OBGetConfig
 218              		.syntax unified
 219              		.thumb
 220              		.thumb_func
 222              	HAL_FLASHEx_OBGetConfig:
 223              		@ args = 0, pretend = 0, frame = 0
 224              		@ frame_needed = 0, uses_anonymous_args = 0
 225              		@ link register save eliminated.
 226 0000 0E4A     		ldr	r2, .L50
 227 0002 D38A     		ldrh	r3, [r2, #22]
 228 0004 0F21     		movs	r1, #15
 229 0006 9BB2     		uxth	r3, r3
 230 0008 8360     		str	r3, [r0, #8]
 231 000a 0160     		str	r1, [r0]
 232 000c 517D     		ldrb	r1, [r2, #21]	@ zero_extendqisi2
 233 000e CC29     		cmp	r1, #204
ARM GAS  /tmp/ccGUAeBe.s 			page 5


 234 0010 CBB2     		uxtb	r3, r1
 235 0012 08D0     		beq	.L48
 236 0014 537D     		ldrb	r3, [r2, #21]	@ zero_extendqisi2
 237 0016 AA2B     		cmp	r3, #170
 238 0018 4FF0FF33 		mov	r3, #-1
 239 001c 18BF     		it	ne
 240 001e 0023     		movne	r3, #0
 241 0020 83F05503 		eor	r3, r3, #85
 242 0024 DBB2     		uxtb	r3, r3
 243              	.L48:
 244 0026 054A     		ldr	r2, .L50
 245 0028 0361     		str	r3, [r0, #16]
 246 002a 5369     		ldr	r3, [r2, #20]
 247 002c 23F01F03 		bic	r3, r3, #31
 248 0030 0376     		strb	r3, [r0, #24]
 249 0032 137D     		ldrb	r3, [r2, #20]	@ zero_extendqisi2
 250 0034 03F00C03 		and	r3, r3, #12
 251 0038 4361     		str	r3, [r0, #20]
 252 003a 7047     		bx	lr
 253              	.L51:
 254              		.align	2
 255              	.L50:
 256 003c 003C0240 		.word	1073888256
 258              		.section	.text.FLASH_Erase_Sector,"ax",%progbits
 259              		.align	1
 260              		.p2align 2,,3
 261              		.global	FLASH_Erase_Sector
 262              		.syntax unified
 263              		.thumb
 264              		.thumb_func
 266              	FLASH_Erase_Sector:
 267              		@ args = 0, pretend = 0, frame = 0
 268              		@ frame_needed = 0, uses_anonymous_args = 0
 269              		@ link register save eliminated.
 270 0000 0D4B     		ldr	r3, .L55
 271 0002 1A69     		ldr	r2, [r3, #16]
 272 0004 22F44072 		bic	r2, r2, #768
 273 0008 1A61     		str	r2, [r3, #16]
 274 000a 1A69     		ldr	r2, [r3, #16]
 275 000c 0229     		cmp	r1, #2
 276 000e 94BF     		ite	ls
 277 0010 0902     		lslls	r1, r1, #8
 278 0012 4FF44071 		movhi	r1, #768
 279 0016 0A43     		orrs	r2, r2, r1
 280 0018 1A61     		str	r2, [r3, #16]
 281 001a 1A69     		ldr	r2, [r3, #16]
 282 001c 22F0F802 		bic	r2, r2, #248
 283 0020 1A61     		str	r2, [r3, #16]
 284 0022 1A69     		ldr	r2, [r3, #16]
 285 0024 42EAC000 		orr	r0, r2, r0, lsl #3
 286 0028 40F00200 		orr	r0, r0, #2
 287 002c 1861     		str	r0, [r3, #16]
 288 002e 1A69     		ldr	r2, [r3, #16]
 289 0030 42F48032 		orr	r2, r2, #65536
 290 0034 1A61     		str	r2, [r3, #16]
 291 0036 7047     		bx	lr
 292              	.L56:
ARM GAS  /tmp/ccGUAeBe.s 			page 6


 293              		.align	2
 294              	.L55:
 295 0038 003C0240 		.word	1073888256
 297              		.section	.text.FLASH_FlushCaches,"ax",%progbits
 298              		.align	1
 299              		.p2align 2,,3
 300              		.global	FLASH_FlushCaches
 301              		.syntax unified
 302              		.thumb
 303              		.thumb_func
 305              	FLASH_FlushCaches:
 306              		@ args = 0, pretend = 0, frame = 0
 307              		@ frame_needed = 0, uses_anonymous_args = 0
 308              		@ link register save eliminated.
 309 0000 144B     		ldr	r3, .L66
 310 0002 1A68     		ldr	r2, [r3]
 311 0004 9105     		lsls	r1, r2, #22
 312 0006 0FD5     		bpl	.L58
 313 0008 1A68     		ldr	r2, [r3]
 314 000a 22F40072 		bic	r2, r2, #512
 315 000e 1A60     		str	r2, [r3]
 316 0010 1A68     		ldr	r2, [r3]
 317 0012 42F40062 		orr	r2, r2, #2048
 318 0016 1A60     		str	r2, [r3]
 319 0018 1A68     		ldr	r2, [r3]
 320 001a 22F40062 		bic	r2, r2, #2048
 321 001e 1A60     		str	r2, [r3]
 322 0020 1A68     		ldr	r2, [r3]
 323 0022 42F40072 		orr	r2, r2, #512
 324 0026 1A60     		str	r2, [r3]
 325              	.L58:
 326 0028 0A4B     		ldr	r3, .L66
 327 002a 1A68     		ldr	r2, [r3]
 328 002c 5205     		lsls	r2, r2, #21
 329 002e 0FD5     		bpl	.L57
 330 0030 1A68     		ldr	r2, [r3]
 331 0032 22F48062 		bic	r2, r2, #1024
 332 0036 1A60     		str	r2, [r3]
 333 0038 1A68     		ldr	r2, [r3]
 334 003a 42F48052 		orr	r2, r2, #4096
 335 003e 1A60     		str	r2, [r3]
 336 0040 1A68     		ldr	r2, [r3]
 337 0042 22F48052 		bic	r2, r2, #4096
 338 0046 1A60     		str	r2, [r3]
 339 0048 1A68     		ldr	r2, [r3]
 340 004a 42F48062 		orr	r2, r2, #1024
 341 004e 1A60     		str	r2, [r3]
 342              	.L57:
 343 0050 7047     		bx	lr
 344              	.L67:
 345 0052 00BF     		.align	2
 346              	.L66:
 347 0054 003C0240 		.word	1073888256
 349              		.section	.text.HAL_FLASHEx_Erase,"ax",%progbits
 350              		.align	1
 351              		.p2align 2,,3
 352              		.global	HAL_FLASHEx_Erase
ARM GAS  /tmp/ccGUAeBe.s 			page 7


 353              		.syntax unified
 354              		.thumb
 355              		.thumb_func
 357              	HAL_FLASHEx_Erase:
 358              		@ args = 0, pretend = 0, frame = 0
 359              		@ frame_needed = 0, uses_anonymous_args = 0
 360 0000 2DE9F843 		push	{r3, r4, r5, r6, r7, r8, r9, lr}
 361 0004 384F     		ldr	r7, .L82
 362 0006 3B7E     		ldrb	r3, [r7, #24]	@ zero_extendqisi2
 363 0008 012B     		cmp	r3, #1
 364 000a 4ED0     		beq	.L77
 365 000c 0123     		movs	r3, #1
 366 000e 0546     		mov	r5, r0
 367 0010 4CF25030 		movw	r0, #50000
 368 0014 8846     		mov	r8, r1
 369 0016 3B76     		strb	r3, [r7, #24]
 370 0018 FFF7FEFF 		bl	FLASH_WaitForLastOperation
 371 001c 0646     		mov	r6, r0
 372 001e 0028     		cmp	r0, #0
 373 0020 3ED1     		bne	.L70
 374 0022 4FF0FF33 		mov	r3, #-1
 375 0026 C8F80030 		str	r3, [r8]
 376 002a 2B68     		ldr	r3, [r5]
 377 002c 012B     		cmp	r3, #1
 378 002e 40D0     		beq	.L81
 379 0030 D5E90293 		ldrd	r9, r3, [r5, #8]
 380 0034 4B44     		add	r3, r3, r9
 381 0036 9945     		cmp	r9, r3
 382 0038 30D2     		bcs	.L72
 383 003a 2C4C     		ldr	r4, .L82+4
 384 003c 06E0     		b	.L76
 385              	.L75:
 386 003e D5E90223 		ldrd	r2, r3, [r5, #8]
 387 0042 09F10109 		add	r9, r9, #1
 388 0046 1344     		add	r3, r3, r2
 389 0048 4B45     		cmp	r3, r9
 390 004a 27D9     		bls	.L72
 391              	.L76:
 392 004c 2B7C     		ldrb	r3, [r5, #16]	@ zero_extendqisi2
 393 004e 022B     		cmp	r3, #2
 394 0050 4FF44072 		mov	r2, #768
 395 0054 98BF     		it	ls
 396 0056 1A02     		lslls	r2, r3, #8
 397 0058 2369     		ldr	r3, [r4, #16]
 398 005a 23F44073 		bic	r3, r3, #768
 399 005e 2361     		str	r3, [r4, #16]
 400 0060 2369     		ldr	r3, [r4, #16]
 401 0062 1343     		orrs	r3, r3, r2
 402 0064 2361     		str	r3, [r4, #16]
 403 0066 2369     		ldr	r3, [r4, #16]
 404 0068 23F0F803 		bic	r3, r3, #248
 405 006c 2361     		str	r3, [r4, #16]
 406 006e 2369     		ldr	r3, [r4, #16]
 407 0070 43EAC903 		orr	r3, r3, r9, lsl #3
 408 0074 43F00203 		orr	r3, r3, #2
 409 0078 2361     		str	r3, [r4, #16]
 410 007a 2369     		ldr	r3, [r4, #16]
ARM GAS  /tmp/ccGUAeBe.s 			page 8


 411 007c 43F48033 		orr	r3, r3, #65536
 412 0080 2361     		str	r3, [r4, #16]
 413 0082 4CF25030 		movw	r0, #50000
 414 0086 FFF7FEFF 		bl	FLASH_WaitForLastOperation
 415 008a 2369     		ldr	r3, [r4, #16]
 416 008c 23F0FA03 		bic	r3, r3, #250
 417 0090 2361     		str	r3, [r4, #16]
 418 0092 0028     		cmp	r0, #0
 419 0094 D3D0     		beq	.L75
 420 0096 C8F80090 		str	r9, [r8]
 421 009a 0646     		mov	r6, r0
 422              	.L72:
 423 009c FFF7FEFF 		bl	FLASH_FlushCaches
 424              	.L70:
 425 00a0 0023     		movs	r3, #0
 426 00a2 3B76     		strb	r3, [r7, #24]
 427 00a4 3046     		mov	r0, r6
 428 00a6 BDE8F883 		pop	{r3, r4, r5, r6, r7, r8, r9, pc}
 429              	.L77:
 430 00aa 0226     		movs	r6, #2
 431 00ac 3046     		mov	r0, r6
 432 00ae BDE8F883 		pop	{r3, r4, r5, r6, r7, r8, r9, pc}
 433              	.L81:
 434 00b2 0E4C     		ldr	r4, .L82+4
 435 00b4 2B69     		ldr	r3, [r5, #16]
 436 00b6 2269     		ldr	r2, [r4, #16]
 437 00b8 22F44072 		bic	r2, r2, #768
 438 00bc 2261     		str	r2, [r4, #16]
 439 00be 2269     		ldr	r2, [r4, #16]
 440 00c0 42F00402 		orr	r2, r2, #4
 441 00c4 2261     		str	r2, [r4, #16]
 442 00c6 2269     		ldr	r2, [r4, #16]
 443 00c8 1B02     		lsls	r3, r3, #8
 444 00ca 9BB2     		uxth	r3, r3
 445 00cc 1343     		orrs	r3, r3, r2
 446 00ce 43F48033 		orr	r3, r3, #65536
 447 00d2 2361     		str	r3, [r4, #16]
 448 00d4 4CF25030 		movw	r0, #50000
 449 00d8 FFF7FEFF 		bl	FLASH_WaitForLastOperation
 450 00dc 2369     		ldr	r3, [r4, #16]
 451 00de 23F00403 		bic	r3, r3, #4
 452 00e2 0646     		mov	r6, r0
 453 00e4 2361     		str	r3, [r4, #16]
 454 00e6 D9E7     		b	.L72
 455              	.L83:
 456              		.align	2
 457              	.L82:
 458 00e8 00000000 		.word	pFlash
 459 00ec 003C0240 		.word	1073888256
 461              		.ident	"GCC: (Arch Repository) 14.1.0"
ARM GAS  /tmp/ccGUAeBe.s 			page 9


DEFINED SYMBOLS
                            *ABS*:00000000 stm32f4xx_hal_flash_ex.c
     /tmp/ccGUAeBe.s:16     .text.HAL_FLASHEx_Erase_IT:00000000 $t
     /tmp/ccGUAeBe.s:23     .text.HAL_FLASHEx_Erase_IT:00000000 HAL_FLASHEx_Erase_IT
     /tmp/ccGUAeBe.s:103    .text.HAL_FLASHEx_Erase_IT:000000b4 $d
     /tmp/ccGUAeBe.s:107    .text.HAL_FLASHEx_OBProgram:00000000 $t
     /tmp/ccGUAeBe.s:114    .text.HAL_FLASHEx_OBProgram:00000000 HAL_FLASHEx_OBProgram
     /tmp/ccGUAeBe.s:211    .text.HAL_FLASHEx_OBProgram:000000b8 $d
     /tmp/ccGUAeBe.s:215    .text.HAL_FLASHEx_OBGetConfig:00000000 $t
     /tmp/ccGUAeBe.s:222    .text.HAL_FLASHEx_OBGetConfig:00000000 HAL_FLASHEx_OBGetConfig
     /tmp/ccGUAeBe.s:256    .text.HAL_FLASHEx_OBGetConfig:0000003c $d
     /tmp/ccGUAeBe.s:259    .text.FLASH_Erase_Sector:00000000 $t
     /tmp/ccGUAeBe.s:266    .text.FLASH_Erase_Sector:00000000 FLASH_Erase_Sector
     /tmp/ccGUAeBe.s:295    .text.FLASH_Erase_Sector:00000038 $d
     /tmp/ccGUAeBe.s:298    .text.FLASH_FlushCaches:00000000 $t
     /tmp/ccGUAeBe.s:305    .text.FLASH_FlushCaches:00000000 FLASH_FlushCaches
     /tmp/ccGUAeBe.s:347    .text.FLASH_FlushCaches:00000054 $d
     /tmp/ccGUAeBe.s:350    .text.HAL_FLASHEx_Erase:00000000 $t
     /tmp/ccGUAeBe.s:357    .text.HAL_FLASHEx_Erase:00000000 HAL_FLASHEx_Erase
     /tmp/ccGUAeBe.s:458    .text.HAL_FLASHEx_Erase:000000e8 $d

UNDEFINED SYMBOLS
pFlash
FLASH_WaitForLastOperation
