ARM GAS  /tmp/cczSf2MO.s 			page 1


   1              		.cpu cortex-m4
   2              		.arch armv7e-m
   3              		.fpu fpv4-sp-d16
   4              		.eabi_attribute 27, 1
   5              		.eabi_attribute 28, 1
   6              		.eabi_attribute 23, 1
   7              		.eabi_attribute 24, 1
   8              		.eabi_attribute 25, 1
   9              		.eabi_attribute 26, 1
  10              		.eabi_attribute 30, 2
  11              		.eabi_attribute 34, 1
  12              		.eabi_attribute 18, 4
  13              		.file	"stm32f4xx_hal_msp.c"
  14              		.text
  15              		.section	.text.HAL_MspInit,"ax",%progbits
  16              		.align	1
  17              		.p2align 2,,3
  18              		.global	HAL_MspInit
  19              		.syntax unified
  20              		.thumb
  21              		.thumb_func
  23              	HAL_MspInit:
  24              		@ args = 0, pretend = 0, frame = 8
  25              		@ frame_needed = 0, uses_anonymous_args = 0
  26              		@ link register save eliminated.
  27 0000 82B0     		sub	sp, sp, #8
  28 0002 0C4B     		ldr	r3, .L4
  29 0004 0021     		movs	r1, #0
  30 0006 0091     		str	r1, [sp]
  31 0008 5A6C     		ldr	r2, [r3, #68]
  32 000a 42F48042 		orr	r2, r2, #16384
  33 000e 5A64     		str	r2, [r3, #68]
  34 0010 5A6C     		ldr	r2, [r3, #68]
  35 0012 02F48042 		and	r2, r2, #16384
  36 0016 0092     		str	r2, [sp]
  37 0018 009A     		ldr	r2, [sp]
  38 001a 0191     		str	r1, [sp, #4]
  39 001c 1A6C     		ldr	r2, [r3, #64]
  40 001e 42F08052 		orr	r2, r2, #268435456
  41 0022 1A64     		str	r2, [r3, #64]
  42 0024 1B6C     		ldr	r3, [r3, #64]
  43 0026 03F08053 		and	r3, r3, #268435456
  44 002a 0193     		str	r3, [sp, #4]
  45 002c 019B     		ldr	r3, [sp, #4]
  46 002e 02B0     		add	sp, sp, #8
  47              		@ sp needed
  48 0030 7047     		bx	lr
  49              	.L5:
  50 0032 00BF     		.align	2
  51              	.L4:
  52 0034 00380240 		.word	1073887232
  54              		.ident	"GCC: (Arch Repository) 14.1.0"
ARM GAS  /tmp/cczSf2MO.s 			page 2


DEFINED SYMBOLS
                            *ABS*:00000000 stm32f4xx_hal_msp.c
     /tmp/cczSf2MO.s:16     .text.HAL_MspInit:00000000 $t
     /tmp/cczSf2MO.s:23     .text.HAL_MspInit:00000000 HAL_MspInit
     /tmp/cczSf2MO.s:52     .text.HAL_MspInit:00000034 $d

NO UNDEFINED SYMBOLS
