ARM GAS  /tmp/ccXiO1vy.s 			page 1


   1              		.cpu cortex-m4
   2              		.arch armv7e-m
   3              		.fpu fpv4-sp-d16
   4              		.eabi_attribute 27, 1
   5              		.eabi_attribute 28, 1
   6              		.eabi_attribute 23, 1
   7              		.eabi_attribute 24, 1
   8              		.eabi_attribute 25, 1
   9              		.eabi_attribute 26, 1
  10              		.eabi_attribute 30, 2
  11              		.eabi_attribute 34, 1
  12              		.eabi_attribute 18, 4
  13              		.file	"stm32f4xx_hal_exti.c"
  14              		.text
  15              		.section	.text.HAL_EXTI_SetConfigLine,"ax",%progbits
  16              		.align	1
  17              		.p2align 2,,3
  18              		.global	HAL_EXTI_SetConfigLine
  19              		.syntax unified
  20              		.thumb
  21              		.thumb_func
  23              	HAL_EXTI_SetConfigLine:
  24              		@ args = 0, pretend = 0, frame = 0
  25              		@ frame_needed = 0, uses_anonymous_args = 0
  26              		@ link register save eliminated.
  27 0000 0028     		cmp	r0, #0
  28 0002 35D0     		beq	.L15
  29 0004 0029     		cmp	r1, #0
  30 0006 33D0     		beq	.L15
  31 0008 0B68     		ldr	r3, [r1]
  32 000a 70B4     		push	{r4, r5, r6}
  33 000c 4FF0010C 		mov	ip, #1
  34 0010 03F01F02 		and	r2, r3, #31
  35 0014 9C01     		lsls	r4, r3, #6
  36 0016 0360     		str	r3, [r0]
  37 0018 0CFA02F0 		lsl	r0, ip, r2
  38 001c 15D5     		bpl	.L4
  39 001e 1F4E     		ldr	r6, .L22
  40 0020 8C68     		ldr	r4, [r1, #8]
  41 0022 B568     		ldr	r5, [r6, #8]
  42 0024 14F0010F 		tst	r4, #1
  43 0028 14BF     		ite	ne
  44 002a 0543     		orrne	r5, r5, r0
  45 002c 8543     		biceq	r5, r5, r0
  46 002e B560     		str	r5, [r6, #8]
  47 0030 1A4D     		ldr	r5, .L22
  48 0032 14F0020F 		tst	r4, #2
  49 0036 EC68     		ldr	r4, [r5, #12]
  50 0038 14BF     		ite	ne
  51 003a 0443     		orrne	r4, r4, r0
  52 003c 8443     		biceq	r4, r4, r0
  53 003e EC60     		str	r4, [r5, #12]
  54 0040 03F0C064 		and	r4, r3, #100663296
  55 0044 B4F1C06F 		cmp	r4, #100663296
  56 0048 14D0     		beq	.L21
  57              	.L4:
  58 004a 4B68     		ldr	r3, [r1, #4]
ARM GAS  /tmp/ccXiO1vy.s 			page 2


  59 004c 1349     		ldr	r1, .L22
  60 004e 0A68     		ldr	r2, [r1]
  61 0050 DC07     		lsls	r4, r3, #31
  62 0052 4CBF     		ite	mi
  63 0054 0243     		orrmi	r2, r2, r0
  64 0056 8243     		bicpl	r2, r2, r0
  65 0058 0A60     		str	r2, [r1]
  66 005a 104A     		ldr	r2, .L22
  67 005c 13F0020F 		tst	r3, #2
  68 0060 5368     		ldr	r3, [r2, #4]
  69 0062 14BF     		ite	ne
  70 0064 0343     		orrne	r3, r3, r0
  71 0066 8343     		biceq	r3, r3, r0
  72 0068 70BC     		pop	{r4, r5, r6}
  73 006a 0020     		movs	r0, #0
  74 006c 5360     		str	r3, [r2, #4]
  75 006e 7047     		bx	lr
  76              	.L15:
  77 0070 0120     		movs	r0, #1
  78 0072 7047     		bx	lr
  79              	.L21:
  80 0074 02F01C02 		and	r2, r2, #28
  81 0078 02F18042 		add	r2, r2, #1073741824
  82 007c 02F59C32 		add	r2, r2, #79872
  83 0080 CC68     		ldr	r4, [r1, #12]
  84 0082 9568     		ldr	r5, [r2, #8]
  85 0084 03F00303 		and	r3, r3, #3
  86 0088 9B00     		lsls	r3, r3, #2
  87 008a 0F26     		movs	r6, #15
  88 008c 9C40     		lsls	r4, r4, r3
  89 008e 06FA03F3 		lsl	r3, r6, r3
  90 0092 25EA0303 		bic	r3, r5, r3
  91 0096 1C43     		orrs	r4, r4, r3
  92 0098 9460     		str	r4, [r2, #8]
  93 009a D6E7     		b	.L4
  94              	.L23:
  95              		.align	2
  96              	.L22:
  97 009c 003C0140 		.word	1073822720
  99              		.section	.text.HAL_EXTI_GetConfigLine,"ax",%progbits
 100              		.align	1
 101              		.p2align 2,,3
 102              		.global	HAL_EXTI_GetConfigLine
 103              		.syntax unified
 104              		.thumb
 105              		.thumb_func
 107              	HAL_EXTI_GetConfigLine:
 108              		@ args = 0, pretend = 0, frame = 0
 109              		@ frame_needed = 0, uses_anonymous_args = 0
 110              		@ link register save eliminated.
 111 0000 0028     		cmp	r0, #0
 112 0002 31D0     		beq	.L32
 113 0004 0029     		cmp	r1, #0
 114 0006 2FD0     		beq	.L32
 115 0008 0068     		ldr	r0, [r0]
 116 000a 10B4     		push	{r4}
 117 000c 204C     		ldr	r4, .L44
ARM GAS  /tmp/ccXiO1vy.s 			page 3


 118 000e 0860     		str	r0, [r1]
 119 0010 2368     		ldr	r3, [r4]
 120 0012 00F01F0C 		and	ip, r0, #31
 121 0016 0122     		movs	r2, #1
 122 0018 02FA0CF2 		lsl	r2, r2, ip
 123 001c 1340     		ands	r3, r3, r2
 124 001e 003B     		subs	r3, r3, #0
 125 0020 18BF     		it	ne
 126 0022 0123     		movne	r3, #1
 127 0024 4B60     		str	r3, [r1, #4]
 128 0026 6468     		ldr	r4, [r4, #4]
 129 0028 1442     		tst	r4, r2
 130 002a 1CBF     		itt	ne
 131 002c 43F00203 		orrne	r3, r3, #2
 132 0030 4B60     		strne	r3, [r1, #4]
 133 0032 0023     		movs	r3, #0
 134 0034 C1E90233 		strd	r3, r3, [r1, #8]
 135 0038 8301     		lsls	r3, r0, #6
 136 003a 11D5     		bpl	.L28
 137 003c 144C     		ldr	r4, .L44
 138 003e A368     		ldr	r3, [r4, #8]
 139 0040 1340     		ands	r3, r3, r2
 140 0042 003B     		subs	r3, r3, #0
 141 0044 18BF     		it	ne
 142 0046 0123     		movne	r3, #1
 143 0048 8B60     		str	r3, [r1, #8]
 144 004a E468     		ldr	r4, [r4, #12]
 145 004c 1442     		tst	r4, r2
 146 004e 1CBF     		itt	ne
 147 0050 43F00203 		orrne	r3, r3, #2
 148 0054 8B60     		strne	r3, [r1, #8]
 149 0056 00F0C063 		and	r3, r0, #100663296
 150 005a B3F1C06F 		cmp	r3, #100663296
 151 005e 05D0     		beq	.L43
 152              	.L28:
 153 0060 0020     		movs	r0, #0
 154 0062 5DF8044B 		ldr	r4, [sp], #4
 155 0066 7047     		bx	lr
 156              	.L32:
 157 0068 0120     		movs	r0, #1
 158 006a 7047     		bx	lr
 159              	.L43:
 160 006c 4FEA9C0C 		lsr	ip, ip, #2
 161 0070 084B     		ldr	r3, .L44+4
 162 0072 5DF8044B 		ldr	r4, [sp], #4
 163 0076 0CF1020C 		add	ip, ip, #2
 164 007a 00F00300 		and	r0, r0, #3
 165 007e 53F82C30 		ldr	r3, [r3, ip, lsl #2]
 166 0082 8000     		lsls	r0, r0, #2
 167 0084 C340     		lsrs	r3, r3, r0
 168 0086 03F00F03 		and	r3, r3, #15
 169 008a 0020     		movs	r0, #0
 170 008c CB60     		str	r3, [r1, #12]
 171 008e 7047     		bx	lr
 172              	.L45:
 173              		.align	2
 174              	.L44:
ARM GAS  /tmp/ccXiO1vy.s 			page 4


 175 0090 003C0140 		.word	1073822720
 176 0094 00380140 		.word	1073821696
 178              		.section	.text.HAL_EXTI_ClearConfigLine,"ax",%progbits
 179              		.align	1
 180              		.p2align 2,,3
 181              		.global	HAL_EXTI_ClearConfigLine
 182              		.syntax unified
 183              		.thumb
 184              		.thumb_func
 186              	HAL_EXTI_ClearConfigLine:
 187              		@ args = 0, pretend = 0, frame = 0
 188              		@ frame_needed = 0, uses_anonymous_args = 0
 189              		@ link register save eliminated.
 190 0000 80B3     		cbz	r0, .L51
 191 0002 0168     		ldr	r1, [r0]
 192 0004 184A     		ldr	r2, .L52
 193 0006 01F01F0C 		and	ip, r1, #31
 194 000a 1068     		ldr	r0, [r2]
 195 000c 0123     		movs	r3, #1
 196 000e 03FA0CF3 		lsl	r3, r3, ip
 197 0012 20EA0300 		bic	r0, r0, r3
 198 0016 1060     		str	r0, [r2]
 199 0018 5068     		ldr	r0, [r2, #4]
 200 001a 20EA0300 		bic	r0, r0, r3
 201 001e 5060     		str	r0, [r2, #4]
 202 0020 8801     		lsls	r0, r1, #6
 203 0022 6FEA0303 		mvn	r3, r3
 204 0026 1BD5     		bpl	.L50
 205 0028 9068     		ldr	r0, [r2, #8]
 206 002a 1840     		ands	r0, r0, r3
 207 002c 9060     		str	r0, [r2, #8]
 208 002e D068     		ldr	r0, [r2, #12]
 209 0030 0340     		ands	r3, r3, r0
 210 0032 01F0C060 		and	r0, r1, #100663296
 211 0036 B0F1C06F 		cmp	r0, #100663296
 212 003a D360     		str	r3, [r2, #12]
 213 003c 10D1     		bne	.L50
 214 003e 0CF01C0C 		and	ip, ip, #28
 215 0042 0CF1804C 		add	ip, ip, #1073741824
 216 0046 0CF59C3C 		add	ip, ip, #79872
 217 004a 01F00301 		and	r1, r1, #3
 218 004e DCF80830 		ldr	r3, [ip, #8]
 219 0052 8900     		lsls	r1, r1, #2
 220 0054 0F22     		movs	r2, #15
 221 0056 8A40     		lsls	r2, r2, r1
 222 0058 23EA0203 		bic	r3, r3, r2
 223 005c CCF80830 		str	r3, [ip, #8]
 224              	.L50:
 225 0060 0020     		movs	r0, #0
 226 0062 7047     		bx	lr
 227              	.L51:
 228 0064 0120     		movs	r0, #1
 229 0066 7047     		bx	lr
 230              	.L53:
 231              		.align	2
 232              	.L52:
 233 0068 003C0140 		.word	1073822720
ARM GAS  /tmp/ccXiO1vy.s 			page 5


 235              		.section	.text.HAL_EXTI_RegisterCallback,"ax",%progbits
 236              		.align	1
 237              		.p2align 2,,3
 238              		.global	HAL_EXTI_RegisterCallback
 239              		.syntax unified
 240              		.thumb
 241              		.thumb_func
 243              	HAL_EXTI_RegisterCallback:
 244              		@ args = 0, pretend = 0, frame = 0
 245              		@ frame_needed = 0, uses_anonymous_args = 0
 246              		@ link register save eliminated.
 247 0000 11B9     		cbnz	r1, .L56
 248 0002 4260     		str	r2, [r0, #4]
 249 0004 0846     		mov	r0, r1
 250 0006 7047     		bx	lr
 251              	.L56:
 252 0008 0120     		movs	r0, #1
 253 000a 7047     		bx	lr
 255              		.section	.text.HAL_EXTI_GetHandle,"ax",%progbits
 256              		.align	1
 257              		.p2align 2,,3
 258              		.global	HAL_EXTI_GetHandle
 259              		.syntax unified
 260              		.thumb
 261              		.thumb_func
 263              	HAL_EXTI_GetHandle:
 264              		@ args = 0, pretend = 0, frame = 0
 265              		@ frame_needed = 0, uses_anonymous_args = 0
 266              		@ link register save eliminated.
 267 0000 10B1     		cbz	r0, .L59
 268 0002 0160     		str	r1, [r0]
 269 0004 0020     		movs	r0, #0
 270 0006 7047     		bx	lr
 271              	.L59:
 272 0008 0120     		movs	r0, #1
 273 000a 7047     		bx	lr
 275              		.section	.text.HAL_EXTI_IRQHandler,"ax",%progbits
 276              		.align	1
 277              		.p2align 2,,3
 278              		.global	HAL_EXTI_IRQHandler
 279              		.syntax unified
 280              		.thumb
 281              		.thumb_func
 283              	HAL_EXTI_IRQHandler:
 284              		@ args = 0, pretend = 0, frame = 0
 285              		@ frame_needed = 0, uses_anonymous_args = 0
 286              		@ link register save eliminated.
 287 0000 0368     		ldr	r3, [r0]
 288 0002 0949     		ldr	r1, .L68
 289 0004 03F01F02 		and	r2, r3, #31
 290 0008 10B4     		push	{r4}
 291 000a 0123     		movs	r3, #1
 292 000c 4C69     		ldr	r4, [r1, #20]
 293 000e 9340     		lsls	r3, r3, r2
 294 0010 1C42     		tst	r4, r3
 295 0012 05D0     		beq	.L60
 296 0014 4268     		ldr	r2, [r0, #4]
ARM GAS  /tmp/ccXiO1vy.s 			page 6


 297 0016 4B61     		str	r3, [r1, #20]
 298 0018 12B1     		cbz	r2, .L60
 299 001a 5DF8044B 		ldr	r4, [sp], #4
 300 001e 1047     		bx	r2	@ indirect register sibling call
 301              	.L60:
 302 0020 5DF8044B 		ldr	r4, [sp], #4
 303 0024 7047     		bx	lr
 304              	.L69:
 305 0026 00BF     		.align	2
 306              	.L68:
 307 0028 003C0140 		.word	1073822720
 309              		.section	.text.HAL_EXTI_GetPending,"ax",%progbits
 310              		.align	1
 311              		.p2align 2,,3
 312              		.global	HAL_EXTI_GetPending
 313              		.syntax unified
 314              		.thumb
 315              		.thumb_func
 317              	HAL_EXTI_GetPending:
 318              		@ args = 0, pretend = 0, frame = 0
 319              		@ frame_needed = 0, uses_anonymous_args = 0
 320              		@ link register save eliminated.
 321 0000 054B     		ldr	r3, .L71
 322 0002 0068     		ldr	r0, [r0]
 323 0004 5A69     		ldr	r2, [r3, #20]
 324 0006 00F01F00 		and	r0, r0, #31
 325 000a 0123     		movs	r3, #1
 326 000c 8340     		lsls	r3, r3, r0
 327 000e 1340     		ands	r3, r3, r2
 328 0010 23FA00F0 		lsr	r0, r3, r0
 329 0014 7047     		bx	lr
 330              	.L72:
 331 0016 00BF     		.align	2
 332              	.L71:
 333 0018 003C0140 		.word	1073822720
 335              		.section	.text.HAL_EXTI_ClearPending,"ax",%progbits
 336              		.align	1
 337              		.p2align 2,,3
 338              		.global	HAL_EXTI_ClearPending
 339              		.syntax unified
 340              		.thumb
 341              		.thumb_func
 343              	HAL_EXTI_ClearPending:
 344              		@ args = 0, pretend = 0, frame = 0
 345              		@ frame_needed = 0, uses_anonymous_args = 0
 346              		@ link register save eliminated.
 347 0000 0268     		ldr	r2, [r0]
 348 0002 0349     		ldr	r1, .L74
 349 0004 0123     		movs	r3, #1
 350 0006 02F01F02 		and	r2, r2, #31
 351 000a 9340     		lsls	r3, r3, r2
 352 000c 4B61     		str	r3, [r1, #20]
 353 000e 7047     		bx	lr
 354              	.L75:
 355              		.align	2
 356              	.L74:
 357 0010 003C0140 		.word	1073822720
ARM GAS  /tmp/ccXiO1vy.s 			page 7


 359              		.section	.text.HAL_EXTI_GenerateSWI,"ax",%progbits
 360              		.align	1
 361              		.p2align 2,,3
 362              		.global	HAL_EXTI_GenerateSWI
 363              		.syntax unified
 364              		.thumb
 365              		.thumb_func
 367              	HAL_EXTI_GenerateSWI:
 368              		@ args = 0, pretend = 0, frame = 0
 369              		@ frame_needed = 0, uses_anonymous_args = 0
 370              		@ link register save eliminated.
 371 0000 0268     		ldr	r2, [r0]
 372 0002 0349     		ldr	r1, .L77
 373 0004 0123     		movs	r3, #1
 374 0006 02F01F02 		and	r2, r2, #31
 375 000a 9340     		lsls	r3, r3, r2
 376 000c 0B61     		str	r3, [r1, #16]
 377 000e 7047     		bx	lr
 378              	.L78:
 379              		.align	2
 380              	.L77:
 381 0010 003C0140 		.word	1073822720
 383              		.ident	"GCC: (Arch Repository) 14.1.0"
ARM GAS  /tmp/ccXiO1vy.s 			page 8


DEFINED SYMBOLS
                            *ABS*:00000000 stm32f4xx_hal_exti.c
     /tmp/ccXiO1vy.s:16     .text.HAL_EXTI_SetConfigLine:00000000 $t
     /tmp/ccXiO1vy.s:23     .text.HAL_EXTI_SetConfigLine:00000000 HAL_EXTI_SetConfigLine
     /tmp/ccXiO1vy.s:97     .text.HAL_EXTI_SetConfigLine:0000009c $d
     /tmp/ccXiO1vy.s:100    .text.HAL_EXTI_GetConfigLine:00000000 $t
     /tmp/ccXiO1vy.s:107    .text.HAL_EXTI_GetConfigLine:00000000 HAL_EXTI_GetConfigLine
     /tmp/ccXiO1vy.s:175    .text.HAL_EXTI_GetConfigLine:00000090 $d
     /tmp/ccXiO1vy.s:179    .text.HAL_EXTI_ClearConfigLine:00000000 $t
     /tmp/ccXiO1vy.s:186    .text.HAL_EXTI_ClearConfigLine:00000000 HAL_EXTI_ClearConfigLine
     /tmp/ccXiO1vy.s:233    .text.HAL_EXTI_ClearConfigLine:00000068 $d
     /tmp/ccXiO1vy.s:236    .text.HAL_EXTI_RegisterCallback:00000000 $t
     /tmp/ccXiO1vy.s:243    .text.HAL_EXTI_RegisterCallback:00000000 HAL_EXTI_RegisterCallback
     /tmp/ccXiO1vy.s:256    .text.HAL_EXTI_GetHandle:00000000 $t
     /tmp/ccXiO1vy.s:263    .text.HAL_EXTI_GetHandle:00000000 HAL_EXTI_GetHandle
     /tmp/ccXiO1vy.s:276    .text.HAL_EXTI_IRQHandler:00000000 $t
     /tmp/ccXiO1vy.s:283    .text.HAL_EXTI_IRQHandler:00000000 HAL_EXTI_IRQHandler
     /tmp/ccXiO1vy.s:307    .text.HAL_EXTI_IRQHandler:00000028 $d
     /tmp/ccXiO1vy.s:310    .text.HAL_EXTI_GetPending:00000000 $t
     /tmp/ccXiO1vy.s:317    .text.HAL_EXTI_GetPending:00000000 HAL_EXTI_GetPending
     /tmp/ccXiO1vy.s:333    .text.HAL_EXTI_GetPending:00000018 $d
     /tmp/ccXiO1vy.s:336    .text.HAL_EXTI_ClearPending:00000000 $t
     /tmp/ccXiO1vy.s:343    .text.HAL_EXTI_ClearPending:00000000 HAL_EXTI_ClearPending
     /tmp/ccXiO1vy.s:357    .text.HAL_EXTI_ClearPending:00000010 $d
     /tmp/ccXiO1vy.s:360    .text.HAL_EXTI_GenerateSWI:00000000 $t
     /tmp/ccXiO1vy.s:367    .text.HAL_EXTI_GenerateSWI:00000000 HAL_EXTI_GenerateSWI
     /tmp/ccXiO1vy.s:381    .text.HAL_EXTI_GenerateSWI:00000010 $d

NO UNDEFINED SYMBOLS
