ARM GAS  /tmp/cc8G9zcF.s 			page 1


   1              		.cpu cortex-m4
   2              		.arch armv7e-m
   3              		.fpu fpv4-sp-d16
   4              		.eabi_attribute 27, 1
   5              		.eabi_attribute 28, 1
   6              		.eabi_attribute 23, 1
   7              		.eabi_attribute 24, 1
   8              		.eabi_attribute 25, 1
   9              		.eabi_attribute 26, 1
  10              		.eabi_attribute 30, 2
  11              		.eabi_attribute 34, 1
  12              		.eabi_attribute 18, 4
  13              		.file	"stm32f4xx_hal_dma_ex.c"
  14              		.text
  15              		.section	.text.HAL_DMAEx_MultiBufferStart,"ax",%progbits
  16              		.align	1
  17              		.p2align 2,,3
  18              		.global	HAL_DMAEx_MultiBufferStart
  19              		.syntax unified
  20              		.thumb
  21              		.thumb_func
  23              	HAL_DMAEx_MultiBufferStart:
  24              		@ args = 4, pretend = 0, frame = 0
  25              		@ frame_needed = 0, uses_anonymous_args = 0
  26              		@ link register save eliminated.
  27 0000 30B4     		push	{r4, r5}
  28 0002 8568     		ldr	r5, [r0, #8]
  29 0004 802D     		cmp	r5, #128
  30 0006 27D0     		beq	.L10
  31 0008 90F83440 		ldrb	r4, [r0, #52]	@ zero_extendqisi2
  32 000c 012C     		cmp	r4, #1
  33 000e 07D0     		beq	.L5
  34 0010 90F83540 		ldrb	r4, [r0, #53]	@ zero_extendqisi2
  35 0014 4FF0010C 		mov	ip, #1
  36 0018 6445     		cmp	r4, ip
  37 001a 80F834C0 		strb	ip, [r0, #52]
  38 001e 02D0     		beq	.L11
  39              	.L5:
  40 0020 0220     		movs	r0, #2
  41 0022 30BC     		pop	{r4, r5}
  42 0024 7047     		bx	lr
  43              	.L11:
  44 0026 0468     		ldr	r4, [r0]
  45 0028 4FF0020C 		mov	ip, #2
  46 002c 80F835C0 		strb	ip, [r0, #53]
  47 0030 2068     		ldr	r0, [r4]
  48 0032 40F48020 		orr	r0, r0, #262144
  49 0036 2060     		str	r0, [r4]
  50 0038 402D     		cmp	r5, #64
  51 003a 2361     		str	r3, [r4, #16]
  52 003c 029B     		ldr	r3, [sp, #8]
  53 003e 6360     		str	r3, [r4, #4]
  54 0040 0BBF     		itete	eq
  55 0042 A260     		streq	r2, [r4, #8]
  56 0044 A160     		strne	r1, [r4, #8]
  57 0046 E160     		streq	r1, [r4, #12]
  58 0048 E260     		strne	r2, [r4, #12]
ARM GAS  /tmp/cc8G9zcF.s 			page 2


  59 004a 2368     		ldr	r3, [r4]
  60 004c 43F00103 		orr	r3, r3, #1
  61 0050 0020     		movs	r0, #0
  62 0052 2360     		str	r3, [r4]
  63 0054 30BC     		pop	{r4, r5}
  64 0056 7047     		bx	lr
  65              	.L10:
  66 0058 4FF48073 		mov	r3, #256
  67 005c 4365     		str	r3, [r0, #84]
  68 005e 30BC     		pop	{r4, r5}
  69 0060 0120     		movs	r0, #1
  70 0062 7047     		bx	lr
  72              		.section	.text.HAL_DMAEx_MultiBufferStart_IT,"ax",%progbits
  73              		.align	1
  74              		.p2align 2,,3
  75              		.global	HAL_DMAEx_MultiBufferStart_IT
  76              		.syntax unified
  77              		.thumb
  78              		.thumb_func
  80              	HAL_DMAEx_MultiBufferStart_IT:
  81              		@ args = 4, pretend = 0, frame = 0
  82              		@ frame_needed = 0, uses_anonymous_args = 0
  83              		@ link register save eliminated.
  84 0000 70B4     		push	{r4, r5, r6}
  85 0002 8568     		ldr	r5, [r0, #8]
  86 0004 802D     		cmp	r5, #128
  87 0006 1BD0     		beq	.L57
  88 0008 C46B     		ldr	r4, [r0, #60]
  89 000a A4B1     		cbz	r4, .L15
  90 000c 446C     		ldr	r4, [r0, #68]
  91 000e 94B1     		cbz	r4, .L15
  92 0010 C46C     		ldr	r4, [r0, #76]
  93 0012 84B1     		cbz	r4, .L15
  94 0014 90F83440 		ldrb	r4, [r0, #52]	@ zero_extendqisi2
  95 0018 012C     		cmp	r4, #1
  96 001a 0AD0     		beq	.L18
  97 001c 90F83540 		ldrb	r4, [r0, #53]	@ zero_extendqisi2
  98 0020 4FF0010C 		mov	ip, #1
  99 0024 6445     		cmp	r4, ip
 100 0026 80F834C0 		strb	ip, [r0, #52]
 101 002a 0DD0     		beq	.L58
 102 002c 0023     		movs	r3, #0
 103 002e 80F83430 		strb	r3, [r0, #52]
 104              	.L18:
 105 0032 0220     		movs	r0, #2
 106 0034 02E0     		b	.L17
 107              	.L15:
 108 0036 4023     		movs	r3, #64
 109 0038 4365     		str	r3, [r0, #84]
 110              	.L14:
 111 003a 0120     		movs	r0, #1
 112              	.L17:
 113 003c 70BC     		pop	{r4, r5, r6}
 114 003e 7047     		bx	lr
 115              	.L57:
 116 0040 4FF48073 		mov	r3, #256
 117 0044 4365     		str	r3, [r0, #84]
ARM GAS  /tmp/cc8G9zcF.s 			page 3


 118 0046 F8E7     		b	.L14
 119              	.L58:
 120 0048 0226     		movs	r6, #2
 121 004a 80F83560 		strb	r6, [r0, #53]
 122 004e 0468     		ldr	r4, [r0]
 123 0050 0026     		movs	r6, #0
 124 0052 4665     		str	r6, [r0, #84]
 125 0054 2668     		ldr	r6, [r4]
 126 0056 46F48026 		orr	r6, r6, #262144
 127 005a 2660     		str	r6, [r4]
 128 005c 2361     		str	r3, [r4, #16]
 129 005e 039B     		ldr	r3, [sp, #12]
 130 0060 6360     		str	r3, [r4, #4]
 131 0062 AB4B     		ldr	r3, .L64
 132 0064 402D     		cmp	r5, #64
 133 0066 0BBF     		itete	eq
 134 0068 A260     		streq	r2, [r4, #8]
 135 006a A160     		strne	r1, [r4, #8]
 136 006c E160     		streq	r1, [r4, #12]
 137 006e E260     		strne	r2, [r4, #12]
 138 0070 9C42     		cmp	r4, r3
 139 0072 1FD9     		bls	.L22
 140 0074 1833     		adds	r3, r3, #24
 141 0076 9C42     		cmp	r4, r3
 142 0078 00F08B80 		beq	.L59
 143 007c A54B     		ldr	r3, .L64+4
 144 007e 9C42     		cmp	r4, r3
 145 0080 71D0     		beq	.L60
 146 0082 A54B     		ldr	r3, .L64+8
 147 0084 9C42     		cmp	r4, r3
 148 0086 00F0BC80 		beq	.L26
 149 008a 4FF00061 		mov	r1, #134217728
 150 008e 4FF08062 		mov	r2, #67108864
 151 0092 43F8941C 		str	r1, [r3, #-148]
 152 0096 43F8942C 		str	r2, [r3, #-148]
 153 009a 4FF00071 		mov	r1, #33554432
 154 009e 4FF08072 		mov	r2, #16777216
 155 00a2 43F8941C 		str	r1, [r3, #-148]
 156 00a6 43F8942C 		str	r2, [r3, #-148]
 157 00aa 4FF48003 		mov	r3, #4194304
 158              	.L24:
 159 00ae 9B4A     		ldr	r2, .L64+12
 160 00b0 D360     		str	r3, [r2, #12]
 161 00b2 25E0     		b	.L41
 162              	.L22:
 163 00b4 9A4B     		ldr	r3, .L64+16
 164 00b6 9C42     		cmp	r4, r3
 165 00b8 38D8     		bhi	.L61
 166 00ba 9A4B     		ldr	r3, .L64+20
 167 00bc 9C42     		cmp	r4, r3
 168 00be 76D9     		bls	.L32
 169 00c0 1833     		adds	r3, r3, #24
 170 00c2 9C42     		cmp	r4, r3
 171 00c4 00F0C780 		beq	.L33
 172 00c8 1833     		adds	r3, r3, #24
 173 00ca 9C42     		cmp	r4, r3
 174 00cc 00F0F080 		beq	.L34
ARM GAS  /tmp/cc8G9zcF.s 			page 4


 175 00d0 1833     		adds	r3, r3, #24
 176 00d2 9C42     		cmp	r4, r3
 177 00d4 00F00B81 		beq	.L35
 178 00d8 4FF00061 		mov	r1, #134217728
 179 00dc 4FF08062 		mov	r2, #67108864
 180 00e0 43F8941C 		str	r1, [r3, #-148]
 181 00e4 43F8942C 		str	r2, [r3, #-148]
 182 00e8 4FF00071 		mov	r1, #33554432
 183 00ec 4FF08072 		mov	r2, #16777216
 184 00f0 43F8941C 		str	r1, [r3, #-148]
 185 00f4 43F8942C 		str	r2, [r3, #-148]
 186 00f8 4FF48002 		mov	r2, #4194304
 187              	.L36:
 188 00fc 8A4B     		ldr	r3, .L64+24
 189 00fe DA60     		str	r2, [r3, #12]
 190              	.L41:
 191 0100 2368     		ldr	r3, [r4]
 192 0102 026C     		ldr	r2, [r0, #64]
 193 0104 43F01603 		orr	r3, r3, #22
 194 0108 2360     		str	r3, [r4]
 195 010a 6369     		ldr	r3, [r4, #20]
 196 010c 43F08003 		orr	r3, r3, #128
 197 0110 6361     		str	r3, [r4, #20]
 198 0112 002A     		cmp	r2, #0
 199 0114 39D0     		beq	.L62
 200              	.L42:
 201 0116 2368     		ldr	r3, [r4]
 202 0118 43F00803 		orr	r3, r3, #8
 203 011c 2360     		str	r3, [r4]
 204              	.L43:
 205 011e 2368     		ldr	r3, [r4]
 206 0120 43F00103 		orr	r3, r3, #1
 207 0124 0020     		movs	r0, #0
 208 0126 2360     		str	r3, [r4]
 209 0128 70BC     		pop	{r4, r5, r6}
 210 012a 7047     		bx	lr
 211              	.L61:
 212 012c 03F55673 		add	r3, r3, #856
 213 0130 9C42     		cmp	r4, r3
 214 0132 5BD0     		beq	.L28
 215 0134 1833     		adds	r3, r3, #24
 216 0136 9C42     		cmp	r4, r3
 217 0138 73D0     		beq	.L29
 218 013a 1833     		adds	r3, r3, #24
 219 013c 9C42     		cmp	r4, r3
 220 013e 00F09580 		beq	.L63
 221 0142 764B     		ldr	r3, .L64+12
 222 0144 4FF00061 		mov	r1, #134217728
 223 0148 4FF08062 		mov	r2, #67108864
 224 014c 9960     		str	r1, [r3, #8]
 225 014e 9A60     		str	r2, [r3, #8]
 226 0150 4FF00071 		mov	r1, #33554432
 227 0154 4FF08072 		mov	r2, #16777216
 228 0158 9960     		str	r1, [r3, #8]
 229 015a 9A60     		str	r2, [r3, #8]
 230 015c 4FF48002 		mov	r2, #4194304
 231              	.L31:
ARM GAS  /tmp/cc8G9zcF.s 			page 5


 232 0160 6E4B     		ldr	r3, .L64+12
 233 0162 9A60     		str	r2, [r3, #8]
 234 0164 CCE7     		b	.L41
 235              	.L60:
 236 0166 4FF40061 		mov	r1, #2048
 237 016a 4FF48062 		mov	r2, #1024
 238 016e 43F87C1C 		str	r1, [r3, #-124]
 239 0172 43F87C2C 		str	r2, [r3, #-124]
 240 0176 4FF40071 		mov	r1, #512
 241 017a 4FF48072 		mov	r2, #256
 242 017e 43F87C1C 		str	r1, [r3, #-124]
 243 0182 43F87C2C 		str	r2, [r3, #-124]
 244 0186 4023     		movs	r3, #64
 245 0188 91E7     		b	.L24
 246              	.L62:
 247 018a 836C     		ldr	r3, [r0, #72]
 248 018c 002B     		cmp	r3, #0
 249 018e C2D1     		bne	.L42
 250 0190 C5E7     		b	.L43
 251              	.L59:
 252 0192 2021     		movs	r1, #32
 253 0194 1022     		movs	r2, #16
 254 0196 43F8641C 		str	r1, [r3, #-100]
 255 019a 43F8642C 		str	r2, [r3, #-100]
 256 019e 0821     		movs	r1, #8
 257 01a0 0422     		movs	r2, #4
 258 01a2 43F8641C 		str	r1, [r3, #-100]
 259 01a6 43F8642C 		str	r2, [r3, #-100]
 260 01aa 0123     		movs	r3, #1
 261 01ac 7FE7     		b	.L24
 262              	.L32:
 263 01ae 5F4B     		ldr	r3, .L64+28
 264 01b0 9C42     		cmp	r4, r3
 265 01b2 45D0     		beq	.L37
 266 01b4 1833     		adds	r3, r3, #24
 267 01b6 9C42     		cmp	r4, r3
 268 01b8 6BD0     		beq	.L38
 269 01ba 1833     		adds	r3, r3, #24
 270 01bc 9C42     		cmp	r4, r3
 271 01be 00F08680 		beq	.L39
 272 01c2 4FF00061 		mov	r1, #134217728
 273 01c6 4FF08062 		mov	r2, #67108864
 274 01ca 43F8381C 		str	r1, [r3, #-56]
 275 01ce 43F8382C 		str	r2, [r3, #-56]
 276 01d2 4FF00071 		mov	r1, #33554432
 277 01d6 4FF08072 		mov	r2, #16777216
 278 01da 43F8381C 		str	r1, [r3, #-56]
 279 01de 43F8382C 		str	r2, [r3, #-56]
 280 01e2 4FF48002 		mov	r2, #4194304
 281              	.L40:
 282 01e6 504B     		ldr	r3, .L64+24
 283 01e8 9A60     		str	r2, [r3, #8]
 284 01ea 89E7     		b	.L41
 285              	.L28:
 286 01ec 4B4B     		ldr	r3, .L64+12
 287 01ee 2021     		movs	r1, #32
 288 01f0 1022     		movs	r2, #16
ARM GAS  /tmp/cc8G9zcF.s 			page 6


 289 01f2 9960     		str	r1, [r3, #8]
 290 01f4 9A60     		str	r2, [r3, #8]
 291 01f6 0821     		movs	r1, #8
 292 01f8 0422     		movs	r2, #4
 293 01fa 9960     		str	r1, [r3, #8]
 294 01fc 9A60     		str	r2, [r3, #8]
 295 01fe 0122     		movs	r2, #1
 296 0200 AEE7     		b	.L31
 297              	.L26:
 298 0202 464B     		ldr	r3, .L64+12
 299 0204 4FF40011 		mov	r1, #2097152
 300 0208 4FF48012 		mov	r2, #1048576
 301 020c D960     		str	r1, [r3, #12]
 302 020e DA60     		str	r2, [r3, #12]
 303 0210 4FF40021 		mov	r1, #524288
 304 0214 4FF48022 		mov	r2, #262144
 305 0218 D960     		str	r1, [r3, #12]
 306 021a DA60     		str	r2, [r3, #12]
 307 021c 4FF48033 		mov	r3, #65536
 308 0220 45E7     		b	.L24
 309              	.L29:
 310 0222 3E4B     		ldr	r3, .L64+12
 311 0224 4FF40061 		mov	r1, #2048
 312 0228 4FF48062 		mov	r2, #1024
 313 022c 9960     		str	r1, [r3, #8]
 314 022e 9A60     		str	r2, [r3, #8]
 315 0230 4FF40071 		mov	r1, #512
 316 0234 4FF48072 		mov	r2, #256
 317 0238 9960     		str	r1, [r3, #8]
 318 023a 9A60     		str	r2, [r3, #8]
 319 023c 4022     		movs	r2, #64
 320 023e 8FE7     		b	.L31
 321              	.L37:
 322 0240 394B     		ldr	r3, .L64+24
 323 0242 2021     		movs	r1, #32
 324 0244 1022     		movs	r2, #16
 325 0246 9960     		str	r1, [r3, #8]
 326 0248 9A60     		str	r2, [r3, #8]
 327 024a 0821     		movs	r1, #8
 328 024c 0422     		movs	r2, #4
 329 024e 9960     		str	r1, [r3, #8]
 330 0250 9A60     		str	r2, [r3, #8]
 331 0252 0122     		movs	r2, #1
 332 0254 C7E7     		b	.L40
 333              	.L33:
 334 0256 344B     		ldr	r3, .L64+24
 335 0258 2021     		movs	r1, #32
 336 025a 1022     		movs	r2, #16
 337 025c D960     		str	r1, [r3, #12]
 338 025e DA60     		str	r2, [r3, #12]
 339 0260 0821     		movs	r1, #8
 340 0262 0422     		movs	r2, #4
 341 0264 D960     		str	r1, [r3, #12]
 342 0266 DA60     		str	r2, [r3, #12]
 343 0268 0122     		movs	r2, #1
 344 026a 47E7     		b	.L36
 345              	.L63:
ARM GAS  /tmp/cc8G9zcF.s 			page 7


 346 026c 4FF40011 		mov	r1, #2097152
 347 0270 4FF48012 		mov	r2, #1048576
 348 0274 43F8381C 		str	r1, [r3, #-56]
 349 0278 43F8382C 		str	r2, [r3, #-56]
 350 027c 4FF40021 		mov	r1, #524288
 351 0280 4FF48022 		mov	r2, #262144
 352 0284 43F8381C 		str	r1, [r3, #-56]
 353 0288 43F8382C 		str	r2, [r3, #-56]
 354 028c 4FF48032 		mov	r2, #65536
 355 0290 66E7     		b	.L31
 356              	.L38:
 357 0292 254B     		ldr	r3, .L64+24
 358 0294 4FF40061 		mov	r1, #2048
 359 0298 4FF48062 		mov	r2, #1024
 360 029c 9960     		str	r1, [r3, #8]
 361 029e 9A60     		str	r2, [r3, #8]
 362 02a0 4FF40071 		mov	r1, #512
 363 02a4 4FF48072 		mov	r2, #256
 364 02a8 9960     		str	r1, [r3, #8]
 365 02aa 9A60     		str	r2, [r3, #8]
 366 02ac 4022     		movs	r2, #64
 367 02ae 9AE7     		b	.L40
 368              	.L34:
 369 02b0 1D4B     		ldr	r3, .L64+24
 370 02b2 4FF40061 		mov	r1, #2048
 371 02b6 4FF48062 		mov	r2, #1024
 372 02ba D960     		str	r1, [r3, #12]
 373 02bc DA60     		str	r2, [r3, #12]
 374 02be 4FF40071 		mov	r1, #512
 375 02c2 4FF48072 		mov	r2, #256
 376 02c6 D960     		str	r1, [r3, #12]
 377 02c8 DA60     		str	r2, [r3, #12]
 378 02ca 4022     		movs	r2, #64
 379 02cc 16E7     		b	.L36
 380              	.L39:
 381 02ce 164B     		ldr	r3, .L64+24
 382 02d0 4FF40011 		mov	r1, #2097152
 383 02d4 4FF48012 		mov	r2, #1048576
 384 02d8 9960     		str	r1, [r3, #8]
 385 02da 9A60     		str	r2, [r3, #8]
 386 02dc 4FF40021 		mov	r1, #524288
 387 02e0 4FF48022 		mov	r2, #262144
 388 02e4 9960     		str	r1, [r3, #8]
 389 02e6 9A60     		str	r2, [r3, #8]
 390 02e8 4FF48032 		mov	r2, #65536
 391 02ec 7BE7     		b	.L40
 392              	.L35:
 393 02ee 0E4B     		ldr	r3, .L64+24
 394 02f0 4FF40011 		mov	r1, #2097152
 395 02f4 4FF48012 		mov	r2, #1048576
 396 02f8 D960     		str	r1, [r3, #12]
 397 02fa DA60     		str	r2, [r3, #12]
 398 02fc 4FF40021 		mov	r1, #524288
 399 0300 4FF48022 		mov	r2, #262144
 400 0304 D960     		str	r1, [r3, #12]
 401 0306 DA60     		str	r2, [r3, #12]
 402 0308 4FF48032 		mov	r2, #65536
ARM GAS  /tmp/cc8G9zcF.s 			page 8


 403 030c F6E6     		b	.L36
 404              	.L65:
 405 030e 00BF     		.align	2
 406              	.L64:
 407 0310 58640240 		.word	1073898584
 408 0314 88640240 		.word	1073898632
 409 0318 A0640240 		.word	1073898656
 410 031c 00640240 		.word	1073898496
 411 0320 B8600240 		.word	1073897656
 412 0324 58600240 		.word	1073897560
 413 0328 00600240 		.word	1073897472
 414 032c 10600240 		.word	1073897488
 416              		.section	.text.HAL_DMAEx_ChangeMemory,"ax",%progbits
 417              		.align	1
 418              		.p2align 2,,3
 419              		.global	HAL_DMAEx_ChangeMemory
 420              		.syntax unified
 421              		.thumb
 422              		.thumb_func
 424              	HAL_DMAEx_ChangeMemory:
 425              		@ args = 0, pretend = 0, frame = 0
 426              		@ frame_needed = 0, uses_anonymous_args = 0
 427              		@ link register save eliminated.
 428 0000 0368     		ldr	r3, [r0]
 429 0002 12B9     		cbnz	r2, .L67
 430 0004 D960     		str	r1, [r3, #12]
 431 0006 0020     		movs	r0, #0
 432 0008 7047     		bx	lr
 433              	.L67:
 434 000a 1961     		str	r1, [r3, #16]
 435 000c 0020     		movs	r0, #0
 436 000e 7047     		bx	lr
 438              		.ident	"GCC: (Arch Repository) 14.1.0"
ARM GAS  /tmp/cc8G9zcF.s 			page 9


DEFINED SYMBOLS
                            *ABS*:00000000 stm32f4xx_hal_dma_ex.c
     /tmp/cc8G9zcF.s:16     .text.HAL_DMAEx_MultiBufferStart:00000000 $t
     /tmp/cc8G9zcF.s:23     .text.HAL_DMAEx_MultiBufferStart:00000000 HAL_DMAEx_MultiBufferStart
     /tmp/cc8G9zcF.s:73     .text.HAL_DMAEx_MultiBufferStart_IT:00000000 $t
     /tmp/cc8G9zcF.s:80     .text.HAL_DMAEx_MultiBufferStart_IT:00000000 HAL_DMAEx_MultiBufferStart_IT
     /tmp/cc8G9zcF.s:407    .text.HAL_DMAEx_MultiBufferStart_IT:00000310 $d
     /tmp/cc8G9zcF.s:417    .text.HAL_DMAEx_ChangeMemory:00000000 $t
     /tmp/cc8G9zcF.s:424    .text.HAL_DMAEx_ChangeMemory:00000000 HAL_DMAEx_ChangeMemory

NO UNDEFINED SYMBOLS
