ARM GAS  /tmp/cc3wWW9F.s 			page 1


   1              		.cpu cortex-m4
   2              		.arch armv7e-m
   3              		.fpu fpv4-sp-d16
   4              		.eabi_attribute 27, 1
   5              		.eabi_attribute 28, 1
   6              		.eabi_attribute 23, 1
   7              		.eabi_attribute 24, 1
   8              		.eabi_attribute 25, 1
   9              		.eabi_attribute 26, 1
  10              		.eabi_attribute 30, 2
  11              		.eabi_attribute 34, 1
  12              		.eabi_attribute 18, 4
  13              		.file	"stm32f4xx_hal_can.c"
  14              		.text
  15              		.section	.text.HAL_CAN_MspInit,"ax",%progbits
  16              		.align	1
  17              		.p2align 2,,3
  18              		.weak	HAL_CAN_MspInit
  19              		.syntax unified
  20              		.thumb
  21              		.thumb_func
  23              	HAL_CAN_MspInit:
  24              		@ args = 0, pretend = 0, frame = 0
  25              		@ frame_needed = 0, uses_anonymous_args = 0
  26              		@ link register save eliminated.
  27 0000 7047     		bx	lr
  29 0002 00BF     		.section	.text.HAL_CAN_Init,"ax",%progbits
  30              		.align	1
  31              		.p2align 2,,3
  32              		.global	HAL_CAN_Init
  33              		.syntax unified
  34              		.thumb
  35              		.thumb_func
  37              	HAL_CAN_Init:
  38              		@ args = 0, pretend = 0, frame = 0
  39              		@ frame_needed = 0, uses_anonymous_args = 0
  40 0000 0028     		cmp	r0, #0
  41 0002 7BD0     		beq	.L29
  42 0004 38B5     		push	{r3, r4, r5, lr}
  43 0006 90F82030 		ldrb	r3, [r0, #32]	@ zero_extendqisi2
  44 000a 0446     		mov	r4, r0
  45 000c 002B     		cmp	r3, #0
  46 000e 72D0     		beq	.L33
  47              	.L5:
  48 0010 2268     		ldr	r2, [r4]
  49 0012 1368     		ldr	r3, [r2]
  50 0014 43F00103 		orr	r3, r3, #1
  51 0018 1360     		str	r3, [r2]
  52 001a FFF7FEFF 		bl	HAL_GetTick
  53 001e 0546     		mov	r5, r0
  54 0020 04E0     		b	.L6
  55              	.L8:
  56 0022 FFF7FEFF 		bl	HAL_GetTick
  57 0026 401B     		subs	r0, r0, r5
  58 0028 0A28     		cmp	r0, #10
  59 002a 5BD8     		bhi	.L32
  60              	.L6:
ARM GAS  /tmp/cc3wWW9F.s 			page 2


  61 002c 2368     		ldr	r3, [r4]
  62 002e 5A68     		ldr	r2, [r3, #4]
  63 0030 D107     		lsls	r1, r2, #31
  64 0032 F6D5     		bpl	.L8
  65 0034 1A68     		ldr	r2, [r3]
  66 0036 22F00202 		bic	r2, r2, #2
  67 003a 1A60     		str	r2, [r3]
  68 003c FFF7FEFF 		bl	HAL_GetTick
  69 0040 0546     		mov	r5, r0
  70 0042 04E0     		b	.L9
  71              	.L10:
  72 0044 FFF7FEFF 		bl	HAL_GetTick
  73 0048 401B     		subs	r0, r0, r5
  74 004a 0A28     		cmp	r0, #10
  75 004c 4AD8     		bhi	.L32
  76              	.L9:
  77 004e 2368     		ldr	r3, [r4]
  78 0050 5A68     		ldr	r2, [r3, #4]
  79 0052 9207     		lsls	r2, r2, #30
  80 0054 F6D4     		bmi	.L10
  81 0056 227E     		ldrb	r2, [r4, #24]	@ zero_extendqisi2
  82 0058 012A     		cmp	r2, #1
  83 005a 1A68     		ldr	r2, [r3]
  84 005c 0CBF     		ite	eq
  85 005e 42F08002 		orreq	r2, r2, #128
  86 0062 22F08002 		bicne	r2, r2, #128
  87 0066 1A60     		str	r2, [r3]
  88 0068 627E     		ldrb	r2, [r4, #25]	@ zero_extendqisi2
  89 006a 012A     		cmp	r2, #1
  90 006c 1A68     		ldr	r2, [r3]
  91 006e 0CBF     		ite	eq
  92 0070 42F04002 		orreq	r2, r2, #64
  93 0074 22F04002 		bicne	r2, r2, #64
  94 0078 1A60     		str	r2, [r3]
  95 007a A27E     		ldrb	r2, [r4, #26]	@ zero_extendqisi2
  96 007c 012A     		cmp	r2, #1
  97 007e 1A68     		ldr	r2, [r3]
  98 0080 0CBF     		ite	eq
  99 0082 42F02002 		orreq	r2, r2, #32
 100 0086 22F02002 		bicne	r2, r2, #32
 101 008a 1A60     		str	r2, [r3]
 102 008c E27E     		ldrb	r2, [r4, #27]	@ zero_extendqisi2
 103 008e 012A     		cmp	r2, #1
 104 0090 1A68     		ldr	r2, [r3]
 105 0092 0CBF     		ite	eq
 106 0094 22F01002 		biceq	r2, r2, #16
 107 0098 42F01002 		orrne	r2, r2, #16
 108 009c 1A60     		str	r2, [r3]
 109 009e 227F     		ldrb	r2, [r4, #28]	@ zero_extendqisi2
 110 00a0 012A     		cmp	r2, #1
 111 00a2 1A68     		ldr	r2, [r3]
 112 00a4 0CBF     		ite	eq
 113 00a6 42F00802 		orreq	r2, r2, #8
 114 00aa 22F00802 		bicne	r2, r2, #8
 115 00ae 1A60     		str	r2, [r3]
 116 00b0 627F     		ldrb	r2, [r4, #29]	@ zero_extendqisi2
 117 00b2 012A     		cmp	r2, #1
ARM GAS  /tmp/cc3wWW9F.s 			page 3


 118 00b4 1A68     		ldr	r2, [r3]
 119 00b6 0CBF     		ite	eq
 120 00b8 42F00402 		orreq	r2, r2, #4
 121 00bc 22F00402 		bicne	r2, r2, #4
 122 00c0 1A60     		str	r2, [r3]
 123 00c2 D4E90220 		ldrd	r2, r0, [r4, #8]
 124 00c6 2169     		ldr	r1, [r4, #16]
 125 00c8 0243     		orrs	r2, r2, r0
 126 00ca 0A43     		orrs	r2, r2, r1
 127 00cc 6069     		ldr	r0, [r4, #20]
 128 00ce 6168     		ldr	r1, [r4, #4]
 129 00d0 0243     		orrs	r2, r2, r0
 130 00d2 0139     		subs	r1, r1, #1
 131 00d4 0A43     		orrs	r2, r2, r1
 132 00d6 0020     		movs	r0, #0
 133 00d8 0121     		movs	r1, #1
 134 00da DA61     		str	r2, [r3, #28]
 135 00dc 6062     		str	r0, [r4, #36]
 136 00de 84F82010 		strb	r1, [r4, #32]
 137 00e2 38BD     		pop	{r3, r4, r5, pc}
 138              	.L32:
 139 00e4 636A     		ldr	r3, [r4, #36]
 140 00e6 0522     		movs	r2, #5
 141 00e8 43F40033 		orr	r3, r3, #131072
 142 00ec 6362     		str	r3, [r4, #36]
 143 00ee 84F82020 		strb	r2, [r4, #32]
 144 00f2 0120     		movs	r0, #1
 145 00f4 38BD     		pop	{r3, r4, r5, pc}
 146              	.L33:
 147 00f6 FFF7FEFF 		bl	HAL_CAN_MspInit
 148 00fa 89E7     		b	.L5
 149              	.L29:
 150 00fc 0120     		movs	r0, #1
 151 00fe 7047     		bx	lr
 153              		.section	.text.HAL_CAN_MspDeInit,"ax",%progbits
 154              		.align	1
 155              		.p2align 2,,3
 156              		.weak	HAL_CAN_MspDeInit
 157              		.syntax unified
 158              		.thumb
 159              		.thumb_func
 161              	HAL_CAN_MspDeInit:
 162              		@ args = 0, pretend = 0, frame = 0
 163              		@ frame_needed = 0, uses_anonymous_args = 0
 164              		@ link register save eliminated.
 165 0000 7047     		bx	lr
 167 0002 00BF     		.section	.text.HAL_CAN_DeInit,"ax",%progbits
 168              		.align	1
 169              		.p2align 2,,3
 170              		.global	HAL_CAN_DeInit
 171              		.syntax unified
 172              		.thumb
 173              		.thumb_func
 175              	HAL_CAN_DeInit:
 176              		@ args = 0, pretend = 0, frame = 0
 177              		@ frame_needed = 0, uses_anonymous_args = 0
 178 0000 88B3     		cbz	r0, .L41
ARM GAS  /tmp/cc3wWW9F.s 			page 4


 179 0002 38B5     		push	{r3, r4, r5, lr}
 180 0004 90F82030 		ldrb	r3, [r0, #32]	@ zero_extendqisi2
 181 0008 022B     		cmp	r3, #2
 182 000a 0446     		mov	r4, r0
 183 000c 11D0     		beq	.L47
 184 000e 436A     		ldr	r3, [r0, #36]
 185 0010 43F48013 		orr	r3, r3, #1048576
 186 0014 4362     		str	r3, [r0, #36]
 187              	.L39:
 188 0016 2046     		mov	r0, r4
 189 0018 FFF7FEFF 		bl	HAL_CAN_MspDeInit
 190 001c 2168     		ldr	r1, [r4]
 191 001e 0A68     		ldr	r2, [r1]
 192 0020 0023     		movs	r3, #0
 193 0022 42F40042 		orr	r2, r2, #32768
 194 0026 0A60     		str	r2, [r1]
 195 0028 6362     		str	r3, [r4, #36]
 196 002a 84F82030 		strb	r3, [r4, #32]
 197 002e 1846     		mov	r0, r3
 198 0030 38BD     		pop	{r3, r4, r5, pc}
 199              	.L47:
 200 0032 0268     		ldr	r2, [r0]
 201 0034 1368     		ldr	r3, [r2]
 202 0036 43F00103 		orr	r3, r3, #1
 203 003a 1360     		str	r3, [r2]
 204 003c FFF7FEFF 		bl	HAL_GetTick
 205 0040 0546     		mov	r5, r0
 206 0042 04E0     		b	.L38
 207              	.L40:
 208 0044 FFF7FEFF 		bl	HAL_GetTick
 209 0048 401B     		subs	r0, r0, r5
 210 004a 0A28     		cmp	r0, #10
 211 004c 0DD8     		bhi	.L48
 212              	.L38:
 213 004e 2368     		ldr	r3, [r4]
 214 0050 5A68     		ldr	r2, [r3, #4]
 215 0052 D207     		lsls	r2, r2, #31
 216 0054 F6D5     		bpl	.L40
 217 0056 1A68     		ldr	r2, [r3]
 218 0058 0121     		movs	r1, #1
 219 005a 22F00202 		bic	r2, r2, #2
 220 005e 1A60     		str	r2, [r3]
 221 0060 84F82010 		strb	r1, [r4, #32]
 222 0064 D7E7     		b	.L39
 223              	.L41:
 224 0066 0120     		movs	r0, #1
 225 0068 7047     		bx	lr
 226              	.L48:
 227 006a 636A     		ldr	r3, [r4, #36]
 228 006c 0522     		movs	r2, #5
 229 006e 43F40033 		orr	r3, r3, #131072
 230 0072 6362     		str	r3, [r4, #36]
 231 0074 84F82020 		strb	r2, [r4, #32]
 232 0078 CDE7     		b	.L39
 234 007a 00BF     		.section	.text.HAL_CAN_ConfigFilter,"ax",%progbits
 235              		.align	1
 236              		.p2align 2,,3
ARM GAS  /tmp/cc3wWW9F.s 			page 5


 237              		.global	HAL_CAN_ConfigFilter
 238              		.syntax unified
 239              		.thumb
 240              		.thumb_func
 242              	HAL_CAN_ConfigFilter:
 243              		@ args = 0, pretend = 0, frame = 0
 244              		@ frame_needed = 0, uses_anonymous_args = 0
 245              		@ link register save eliminated.
 246 0000 90F82020 		ldrb	r2, [r0, #32]	@ zero_extendqisi2
 247 0004 013A     		subs	r2, r2, #1
 248 0006 012A     		cmp	r2, #1
 249 0008 06D9     		bls	.L63
 250 000a 426A     		ldr	r2, [r0, #36]
 251 000c 0346     		mov	r3, r0
 252 000e 42F48022 		orr	r2, r2, #262144
 253 0012 0120     		movs	r0, #1
 254 0014 5A62     		str	r2, [r3, #36]
 255 0016 7047     		bx	lr
 256              	.L63:
 257 0018 404B     		ldr	r3, .L64
 258 001a D3F80022 		ldr	r2, [r3, #512]
 259 001e 0120     		movs	r0, #1
 260 0020 0243     		orrs	r2, r2, r0
 261 0022 30B4     		push	{r4, r5}
 262 0024 C3F80022 		str	r2, [r3, #512]
 263 0028 D3F80022 		ldr	r2, [r3, #512]
 264 002c 22F47C52 		bic	r2, r2, #16128
 265 0030 C3F80022 		str	r2, [r3, #512]
 266 0034 D3F80022 		ldr	r2, [r3, #512]
 267 0038 4C6A     		ldr	r4, [r1, #36]
 268 003a 42EA0422 		orr	r2, r2, r4, lsl #8
 269 003e C3F80022 		str	r2, [r3, #512]
 270 0042 4A69     		ldr	r2, [r1, #20]
 271 0044 02F01F04 		and	r4, r2, #31
 272 0048 A040     		lsls	r0, r0, r4
 273 004a D3F81C42 		ldr	r4, [r3, #540]
 274 004e 24EA0004 		bic	r4, r4, r0
 275 0052 C3F81C42 		str	r4, [r3, #540]
 276 0056 CD69     		ldr	r5, [r1, #28]
 277 0058 C443     		mvns	r4, r0
 278 005a 002D     		cmp	r5, #0
 279 005c 45D1     		bne	.L51
 280 005e D3F80C52 		ldr	r5, [r3, #524]
 281 0062 2540     		ands	r5, r5, r4
 282 0064 C3F80C52 		str	r5, [r3, #524]
 283 0068 D200     		lsls	r2, r2, #3
 284 006a CD68     		ldr	r5, [r1, #12]
 285 006c 8B88     		ldrh	r3, [r1, #4]
 286 006e 02F18042 		add	r2, r2, #1073741824
 287 0072 02F5C842 		add	r2, r2, #25600
 288 0076 43EA0543 		orr	r3, r3, r5, lsl #16
 289 007a C2F84032 		str	r3, [r2, #576]
 290 007e 8D68     		ldr	r5, [r1, #8]
 291 0080 0B88     		ldrh	r3, [r1]
 292 0082 43EA0543 		orr	r3, r3, r5, lsl #16
 293 0086 C2F84432 		str	r3, [r2, #580]
 294              	.L52:
ARM GAS  /tmp/cc3wWW9F.s 			page 6


 295 008a 8B69     		ldr	r3, [r1, #24]
 296 008c 234A     		ldr	r2, .L64
 297 008e 33BB     		cbnz	r3, .L53
 298 0090 D2F80432 		ldr	r3, [r2, #516]
 299 0094 2340     		ands	r3, r3, r4
 300 0096 C2F80432 		str	r3, [r2, #516]
 301              	.L54:
 302 009a 0B69     		ldr	r3, [r1, #16]
 303 009c C3B9     		cbnz	r3, .L55
 304 009e 1F4B     		ldr	r3, .L64
 305 00a0 D3F81422 		ldr	r2, [r3, #532]
 306 00a4 1440     		ands	r4, r4, r2
 307 00a6 C3F81442 		str	r4, [r3, #532]
 308              	.L56:
 309 00aa 0B6A     		ldr	r3, [r1, #32]
 310 00ac 012B     		cmp	r3, #1
 311 00ae 05D1     		bne	.L57
 312 00b0 1A4A     		ldr	r2, .L64
 313 00b2 D2F81C32 		ldr	r3, [r2, #540]
 314 00b6 0343     		orrs	r3, r3, r0
 315 00b8 C2F81C32 		str	r3, [r2, #540]
 316              	.L57:
 317 00bc 174A     		ldr	r2, .L64
 318 00be D2F80032 		ldr	r3, [r2, #512]
 319 00c2 23F00103 		bic	r3, r3, #1
 320 00c6 0020     		movs	r0, #0
 321 00c8 30BC     		pop	{r4, r5}
 322 00ca C2F80032 		str	r3, [r2, #512]
 323 00ce 7047     		bx	lr
 324              	.L55:
 325 00d0 124A     		ldr	r2, .L64
 326 00d2 D2F81432 		ldr	r3, [r2, #532]
 327 00d6 0343     		orrs	r3, r3, r0
 328 00d8 C2F81432 		str	r3, [r2, #532]
 329 00dc E5E7     		b	.L56
 330              	.L53:
 331 00de D2F80432 		ldr	r3, [r2, #516]
 332 00e2 0343     		orrs	r3, r3, r0
 333 00e4 C2F80432 		str	r3, [r2, #516]
 334 00e8 D7E7     		b	.L54
 335              	.L51:
 336 00ea 012D     		cmp	r5, #1
 337 00ec CDD1     		bne	.L52
 338 00ee D3F80C52 		ldr	r5, [r3, #524]
 339 00f2 0543     		orrs	r5, r5, r0
 340 00f4 C3F80C52 		str	r5, [r3, #524]
 341 00f8 D200     		lsls	r2, r2, #3
 342 00fa 0D68     		ldr	r5, [r1]
 343 00fc 8B88     		ldrh	r3, [r1, #4]
 344 00fe 02F18042 		add	r2, r2, #1073741824
 345 0102 02F5C842 		add	r2, r2, #25600
 346 0106 43EA0543 		orr	r3, r3, r5, lsl #16
 347 010a C2F84032 		str	r3, [r2, #576]
 348 010e 8D68     		ldr	r5, [r1, #8]
 349 0110 8B89     		ldrh	r3, [r1, #12]
 350 0112 43EA0543 		orr	r3, r3, r5, lsl #16
 351 0116 C2F84432 		str	r3, [r2, #580]
ARM GAS  /tmp/cc3wWW9F.s 			page 7


 352 011a B6E7     		b	.L52
 353              	.L65:
 354              		.align	2
 355              	.L64:
 356 011c 00640040 		.word	1073767424
 358              		.section	.text.HAL_CAN_Start,"ax",%progbits
 359              		.align	1
 360              		.p2align 2,,3
 361              		.global	HAL_CAN_Start
 362              		.syntax unified
 363              		.thumb
 364              		.thumb_func
 366              	HAL_CAN_Start:
 367              		@ args = 0, pretend = 0, frame = 0
 368              		@ frame_needed = 0, uses_anonymous_args = 0
 369 0000 38B5     		push	{r3, r4, r5, lr}
 370 0002 90F82030 		ldrb	r3, [r0, #32]	@ zero_extendqisi2
 371 0006 012B     		cmp	r3, #1
 372 0008 0446     		mov	r4, r0
 373 000a 05D0     		beq	.L74
 374 000c 436A     		ldr	r3, [r0, #36]
 375 000e 43F40023 		orr	r3, r3, #524288
 376 0012 4362     		str	r3, [r0, #36]
 377              	.L69:
 378 0014 0120     		movs	r0, #1
 379 0016 38BD     		pop	{r3, r4, r5, pc}
 380              	.L74:
 381 0018 0268     		ldr	r2, [r0]
 382 001a 0223     		movs	r3, #2
 383 001c 80F82030 		strb	r3, [r0, #32]
 384 0020 1368     		ldr	r3, [r2]
 385 0022 23F00103 		bic	r3, r3, #1
 386 0026 1360     		str	r3, [r2]
 387 0028 FFF7FEFF 		bl	HAL_GetTick
 388 002c 0546     		mov	r5, r0
 389 002e 04E0     		b	.L68
 390              	.L70:
 391 0030 FFF7FEFF 		bl	HAL_GetTick
 392 0034 431B     		subs	r3, r0, r5
 393 0036 0A2B     		cmp	r3, #10
 394 0038 07D8     		bhi	.L75
 395              	.L68:
 396 003a 2368     		ldr	r3, [r4]
 397 003c 5B68     		ldr	r3, [r3, #4]
 398 003e 13F00103 		ands	r3, r3, #1
 399 0042 F5D1     		bne	.L70
 400 0044 6362     		str	r3, [r4, #36]
 401 0046 1846     		mov	r0, r3
 402 0048 38BD     		pop	{r3, r4, r5, pc}
 403              	.L75:
 404 004a 636A     		ldr	r3, [r4, #36]
 405 004c 0522     		movs	r2, #5
 406 004e 43F40033 		orr	r3, r3, #131072
 407 0052 6362     		str	r3, [r4, #36]
 408 0054 84F82020 		strb	r2, [r4, #32]
 409 0058 DCE7     		b	.L69
 411 005a 00BF     		.section	.text.HAL_CAN_Stop,"ax",%progbits
ARM GAS  /tmp/cc3wWW9F.s 			page 8


 412              		.align	1
 413              		.p2align 2,,3
 414              		.global	HAL_CAN_Stop
 415              		.syntax unified
 416              		.thumb
 417              		.thumb_func
 419              	HAL_CAN_Stop:
 420              		@ args = 0, pretend = 0, frame = 0
 421              		@ frame_needed = 0, uses_anonymous_args = 0
 422 0000 38B5     		push	{r3, r4, r5, lr}
 423 0002 90F82030 		ldrb	r3, [r0, #32]	@ zero_extendqisi2
 424 0006 022B     		cmp	r3, #2
 425 0008 0446     		mov	r4, r0
 426 000a 05D0     		beq	.L84
 427 000c 436A     		ldr	r3, [r0, #36]
 428 000e 43F48013 		orr	r3, r3, #1048576
 429 0012 4362     		str	r3, [r0, #36]
 430              	.L79:
 431 0014 0120     		movs	r0, #1
 432 0016 38BD     		pop	{r3, r4, r5, pc}
 433              	.L84:
 434 0018 0268     		ldr	r2, [r0]
 435 001a 1368     		ldr	r3, [r2]
 436 001c 43F00103 		orr	r3, r3, #1
 437 0020 1360     		str	r3, [r2]
 438 0022 FFF7FEFF 		bl	HAL_GetTick
 439 0026 0546     		mov	r5, r0
 440 0028 04E0     		b	.L78
 441              	.L80:
 442 002a FFF7FEFF 		bl	HAL_GetTick
 443 002e 431B     		subs	r3, r0, r5
 444 0030 0A2B     		cmp	r3, #10
 445 0032 0CD8     		bhi	.L85
 446              	.L78:
 447 0034 2368     		ldr	r3, [r4]
 448 0036 5A68     		ldr	r2, [r3, #4]
 449 0038 D207     		lsls	r2, r2, #31
 450 003a F6D5     		bpl	.L80
 451 003c 1A68     		ldr	r2, [r3]
 452 003e 0121     		movs	r1, #1
 453 0040 22F00202 		bic	r2, r2, #2
 454 0044 1A60     		str	r2, [r3]
 455 0046 84F82010 		strb	r1, [r4, #32]
 456 004a 0020     		movs	r0, #0
 457 004c 38BD     		pop	{r3, r4, r5, pc}
 458              	.L85:
 459 004e 636A     		ldr	r3, [r4, #36]
 460 0050 0522     		movs	r2, #5
 461 0052 43F40033 		orr	r3, r3, #131072
 462 0056 6362     		str	r3, [r4, #36]
 463 0058 84F82020 		strb	r2, [r4, #32]
 464 005c DAE7     		b	.L79
 466 005e 00BF     		.section	.text.HAL_CAN_RequestSleep,"ax",%progbits
 467              		.align	1
 468              		.p2align 2,,3
 469              		.global	HAL_CAN_RequestSleep
 470              		.syntax unified
ARM GAS  /tmp/cc3wWW9F.s 			page 9


 471              		.thumb
 472              		.thumb_func
 474              	HAL_CAN_RequestSleep:
 475              		@ args = 0, pretend = 0, frame = 0
 476              		@ frame_needed = 0, uses_anonymous_args = 0
 477              		@ link register save eliminated.
 478 0000 90F82020 		ldrb	r2, [r0, #32]	@ zero_extendqisi2
 479 0004 013A     		subs	r2, r2, #1
 480 0006 012A     		cmp	r2, #1
 481 0008 0346     		mov	r3, r0
 482 000a 05D9     		bls	.L89
 483 000c 426A     		ldr	r2, [r0, #36]
 484 000e 42F48022 		orr	r2, r2, #262144
 485 0012 0120     		movs	r0, #1
 486 0014 5A62     		str	r2, [r3, #36]
 487 0016 7047     		bx	lr
 488              	.L89:
 489 0018 0268     		ldr	r2, [r0]
 490 001a 1368     		ldr	r3, [r2]
 491 001c 43F00203 		orr	r3, r3, #2
 492 0020 0020     		movs	r0, #0
 493 0022 1360     		str	r3, [r2]
 494 0024 7047     		bx	lr
 496 0026 00BF     		.section	.text.HAL_CAN_WakeUp,"ax",%progbits
 497              		.align	1
 498              		.p2align 2,,3
 499              		.global	HAL_CAN_WakeUp
 500              		.syntax unified
 501              		.thumb
 502              		.thumb_func
 504              	HAL_CAN_WakeUp:
 505              		@ args = 0, pretend = 0, frame = 8
 506              		@ frame_needed = 0, uses_anonymous_args = 0
 507              		@ link register save eliminated.
 508 0000 82B0     		sub	sp, sp, #8
 509 0002 0023     		movs	r3, #0
 510 0004 0193     		str	r3, [sp, #4]
 511 0006 90F82030 		ldrb	r3, [r0, #32]	@ zero_extendqisi2
 512 000a 013B     		subs	r3, r3, #1
 513 000c 012B     		cmp	r3, #1
 514 000e 17D8     		bhi	.L91
 515 0010 0268     		ldr	r2, [r0]
 516 0012 0F49     		ldr	r1, .L99
 517 0014 1368     		ldr	r3, [r2]
 518 0016 23F00203 		bic	r3, r3, #2
 519 001a 1360     		str	r3, [r2]
 520 001c 03E0     		b	.L94
 521              	.L92:
 522 001e 5368     		ldr	r3, [r2, #4]
 523 0020 13F00203 		ands	r3, r3, #2
 524 0024 11D0     		beq	.L98
 525              	.L94:
 526 0026 019B     		ldr	r3, [sp, #4]
 527 0028 0133     		adds	r3, r3, #1
 528 002a 0193     		str	r3, [sp, #4]
 529 002c 019B     		ldr	r3, [sp, #4]
 530 002e 8B42     		cmp	r3, r1
ARM GAS  /tmp/cc3wWW9F.s 			page 10


 531 0030 F5D9     		bls	.L92
 532 0032 436A     		ldr	r3, [r0, #36]
 533 0034 43F40033 		orr	r3, r3, #131072
 534 0038 4362     		str	r3, [r0, #36]
 535              	.L93:
 536 003a 0120     		movs	r0, #1
 537 003c 02B0     		add	sp, sp, #8
 538              		@ sp needed
 539 003e 7047     		bx	lr
 540              	.L91:
 541 0040 436A     		ldr	r3, [r0, #36]
 542 0042 43F48023 		orr	r3, r3, #262144
 543 0046 4362     		str	r3, [r0, #36]
 544 0048 F7E7     		b	.L93
 545              	.L98:
 546 004a 1846     		mov	r0, r3
 547 004c 02B0     		add	sp, sp, #8
 548              		@ sp needed
 549 004e 7047     		bx	lr
 550              	.L100:
 551              		.align	2
 552              	.L99:
 553 0050 40420F00 		.word	1000000
 555              		.section	.text.HAL_CAN_IsSleepActive,"ax",%progbits
 556              		.align	1
 557              		.p2align 2,,3
 558              		.global	HAL_CAN_IsSleepActive
 559              		.syntax unified
 560              		.thumb
 561              		.thumb_func
 563              	HAL_CAN_IsSleepActive:
 564              		@ args = 0, pretend = 0, frame = 0
 565              		@ frame_needed = 0, uses_anonymous_args = 0
 566              		@ link register save eliminated.
 567 0000 90F82030 		ldrb	r3, [r0, #32]	@ zero_extendqisi2
 568 0004 013B     		subs	r3, r3, #1
 569 0006 012B     		cmp	r3, #1
 570 0008 9DBF     		ittte	ls
 571 000a 0368     		ldrls	r3, [r0]
 572 000c 5868     		ldrls	r0, [r3, #4]
 573 000e C0F34000 		ubfxls	r0, r0, #1, #1
 574 0012 0020     		movhi	r0, #0
 575 0014 7047     		bx	lr
 577 0016 00BF     		.section	.text.HAL_CAN_AddTxMessage,"ax",%progbits
 578              		.align	1
 579              		.p2align 2,,3
 580              		.global	HAL_CAN_AddTxMessage
 581              		.syntax unified
 582              		.thumb
 583              		.thumb_func
 585              	HAL_CAN_AddTxMessage:
 586              		@ args = 0, pretend = 0, frame = 0
 587              		@ frame_needed = 0, uses_anonymous_args = 0
 588              		@ link register save eliminated.
 589 0000 30B4     		push	{r4, r5}
 590 0002 90F820C0 		ldrb	ip, [r0, #32]	@ zero_extendqisi2
 591 0006 0568     		ldr	r5, [r0]
ARM GAS  /tmp/cc3wWW9F.s 			page 11


 592 0008 0CF1FF3C 		add	ip, ip, #-1
 593 000c BCF1010F 		cmp	ip, #1
 594 0010 AC68     		ldr	r4, [r5, #8]
 595 0012 39D8     		bhi	.L105
 596 0014 14F0E05F 		tst	r4, #469762048
 597 0018 06D1     		bne	.L113
 598 001a 436A     		ldr	r3, [r0, #36]
 599 001c 43F40013 		orr	r3, r3, #2097152
 600 0020 4362     		str	r3, [r0, #36]
 601              	.L111:
 602 0022 0120     		movs	r0, #1
 603 0024 30BC     		pop	{r4, r5}
 604 0026 7047     		bx	lr
 605              	.L113:
 606 0028 C4F30164 		ubfx	r4, r4, #24, #2
 607 002c 0120     		movs	r0, #1
 608 002e A040     		lsls	r0, r0, r4
 609 0030 1860     		str	r0, [r3]
 610 0032 D1E90230 		ldrd	r3, r0, [r1, #8]
 611 0036 63B3     		cbz	r3, .L114
 612 0038 0343     		orrs	r3, r3, r0
 613 003a 4868     		ldr	r0, [r1, #4]
 614 003c 43EAC003 		orr	r3, r3, r0, lsl #3
 615 0040 04F11800 		add	r0, r4, #24
 616 0044 0001     		lsls	r0, r0, #4
 617 0046 2B50     		str	r3, [r5, r0]
 618              	.L108:
 619 0048 05EB041C 		add	ip, r5, r4, lsl #4
 620 004c 0B69     		ldr	r3, [r1, #16]
 621 004e CCF88431 		str	r3, [ip, #388]
 622 0052 0B7D     		ldrb	r3, [r1, #20]	@ zero_extendqisi2
 623 0054 012B     		cmp	r3, #1
 624 0056 4FEA0411 		lsl	r1, r4, #4
 625 005a 05D1     		bne	.L109
 626 005c DCF88431 		ldr	r3, [ip, #388]
 627 0060 43F48073 		orr	r3, r3, #256
 628 0064 CCF88431 		str	r3, [ip, #388]
 629              	.L109:
 630 0068 6B18     		adds	r3, r5, r1
 631 006a 5168     		ldr	r1, [r2, #4]	@ unaligned
 632 006c C3F88C11 		str	r1, [r3, #396]
 633 0070 1268     		ldr	r2, [r2]	@ unaligned
 634 0072 C3F88821 		str	r2, [r3, #392]
 635 0076 DCF88031 		ldr	r3, [ip, #384]
 636 007a 43F00103 		orr	r3, r3, #1
 637 007e 0020     		movs	r0, #0
 638 0080 30BC     		pop	{r4, r5}
 639 0082 CCF88031 		str	r3, [ip, #384]
 640 0086 7047     		bx	lr
 641              	.L105:
 642 0088 436A     		ldr	r3, [r0, #36]
 643 008a 43F48023 		orr	r3, r3, #262144
 644 008e 4362     		str	r3, [r0, #36]
 645 0090 C7E7     		b	.L111
 646              	.L114:
 647 0092 0B68     		ldr	r3, [r1]
 648 0094 40EA4350 		orr	r0, r0, r3, lsl #21
ARM GAS  /tmp/cc3wWW9F.s 			page 12


 649 0098 04F11803 		add	r3, r4, #24
 650 009c 1B01     		lsls	r3, r3, #4
 651 009e E850     		str	r0, [r5, r3]
 652 00a0 D2E7     		b	.L108
 654              		.section	.text.HAL_CAN_AbortTxRequest,"ax",%progbits
 655              		.align	1
 656              		.p2align 2,,3
 657              		.global	HAL_CAN_AbortTxRequest
 658              		.syntax unified
 659              		.thumb
 660              		.thumb_func
 662              	HAL_CAN_AbortTxRequest:
 663              		@ args = 0, pretend = 0, frame = 0
 664              		@ frame_needed = 0, uses_anonymous_args = 0
 665              		@ link register save eliminated.
 666 0000 90F82020 		ldrb	r2, [r0, #32]	@ zero_extendqisi2
 667 0004 013A     		subs	r2, r2, #1
 668 0006 012A     		cmp	r2, #1
 669 0008 0346     		mov	r3, r0
 670 000a 05D9     		bls	.L130
 671 000c 426A     		ldr	r2, [r0, #36]
 672 000e 42F48022 		orr	r2, r2, #262144
 673 0012 0120     		movs	r0, #1
 674 0014 5A62     		str	r2, [r3, #36]
 675 0016 7047     		bx	lr
 676              	.L130:
 677 0018 CA07     		lsls	r2, r1, #31
 678 001a 04D5     		bpl	.L117
 679 001c 0068     		ldr	r0, [r0]
 680 001e 8268     		ldr	r2, [r0, #8]
 681 0020 42F08002 		orr	r2, r2, #128
 682 0024 8260     		str	r2, [r0, #8]
 683              	.L117:
 684 0026 8807     		lsls	r0, r1, #30
 685 0028 04D5     		bpl	.L118
 686 002a 1868     		ldr	r0, [r3]
 687 002c 8268     		ldr	r2, [r0, #8]
 688 002e 42F40042 		orr	r2, r2, #32768
 689 0032 8260     		str	r2, [r0, #8]
 690              	.L118:
 691 0034 4A07     		lsls	r2, r1, #29
 692 0036 04D5     		bpl	.L119
 693 0038 1A68     		ldr	r2, [r3]
 694 003a 9368     		ldr	r3, [r2, #8]
 695 003c 43F40003 		orr	r3, r3, #8388608
 696 0040 9360     		str	r3, [r2, #8]
 697              	.L119:
 698 0042 0020     		movs	r0, #0
 699 0044 7047     		bx	lr
 701 0046 00BF     		.section	.text.HAL_CAN_GetTxMailboxesFreeLevel,"ax",%progbits
 702              		.align	1
 703              		.p2align 2,,3
 704              		.global	HAL_CAN_GetTxMailboxesFreeLevel
 705              		.syntax unified
 706              		.thumb
 707              		.thumb_func
 709              	HAL_CAN_GetTxMailboxesFreeLevel:
ARM GAS  /tmp/cc3wWW9F.s 			page 13


 710              		@ args = 0, pretend = 0, frame = 0
 711              		@ frame_needed = 0, uses_anonymous_args = 0
 712              		@ link register save eliminated.
 713 0000 90F82030 		ldrb	r3, [r0, #32]	@ zero_extendqisi2
 714 0004 013B     		subs	r3, r3, #1
 715 0006 012B     		cmp	r3, #1
 716 0008 01D9     		bls	.L141
 717 000a 0020     		movs	r0, #0
 718              	.L131:
 719 000c 7047     		bx	lr
 720              	.L141:
 721 000e 0368     		ldr	r3, [r0]
 722 0010 9868     		ldr	r0, [r3, #8]
 723 0012 9A68     		ldr	r2, [r3, #8]
 724 0014 9B68     		ldr	r3, [r3, #8]
 725 0016 1201     		lsls	r2, r2, #4
 726 0018 C0F38060 		ubfx	r0, r0, #26, #1
 727 001c 48BF     		it	mi
 728 001e 0130     		addmi	r0, r0, #1
 729 0020 DB00     		lsls	r3, r3, #3
 730 0022 F3D5     		bpl	.L131
 731 0024 0130     		adds	r0, r0, #1
 732 0026 7047     		bx	lr
 734              		.section	.text.HAL_CAN_IsTxMessagePending,"ax",%progbits
 735              		.align	1
 736              		.p2align 2,,3
 737              		.global	HAL_CAN_IsTxMessagePending
 738              		.syntax unified
 739              		.thumb
 740              		.thumb_func
 742              	HAL_CAN_IsTxMessagePending:
 743              		@ args = 0, pretend = 0, frame = 0
 744              		@ frame_needed = 0, uses_anonymous_args = 0
 745              		@ link register save eliminated.
 746 0000 90F82030 		ldrb	r3, [r0, #32]	@ zero_extendqisi2
 747 0004 013B     		subs	r3, r3, #1
 748 0006 012B     		cmp	r3, #1
 749 0008 01D9     		bls	.L145
 750 000a 0020     		movs	r0, #0
 751 000c 7047     		bx	lr
 752              	.L145:
 753 000e 0368     		ldr	r3, [r0]
 754 0010 9B68     		ldr	r3, [r3, #8]
 755 0012 03EA8163 		and	r3, r3, r1, lsl #26
 756 0016 B3EB816F 		cmp	r3, r1, lsl #26
 757 001a 14BF     		ite	ne
 758 001c 0120     		movne	r0, #1
 759 001e 0020     		moveq	r0, #0
 760 0020 7047     		bx	lr
 762 0022 00BF     		.section	.text.HAL_CAN_GetTxTimestamp,"ax",%progbits
 763              		.align	1
 764              		.p2align 2,,3
 765              		.global	HAL_CAN_GetTxTimestamp
 766              		.syntax unified
 767              		.thumb
 768              		.thumb_func
 770              	HAL_CAN_GetTxTimestamp:
ARM GAS  /tmp/cc3wWW9F.s 			page 14


 771              		@ args = 0, pretend = 0, frame = 0
 772              		@ frame_needed = 0, uses_anonymous_args = 0
 773              		@ link register save eliminated.
 774 0000 90F82030 		ldrb	r3, [r0, #32]	@ zero_extendqisi2
 775 0004 013B     		subs	r3, r3, #1
 776 0006 012B     		cmp	r3, #1
 777 0008 01D9     		bls	.L149
 778 000a 0020     		movs	r0, #0
 779 000c 7047     		bx	lr
 780              	.L149:
 781 000e 0368     		ldr	r3, [r0]
 782              		.syntax unified
 783              	@ 380 "Drivers/CMSIS/Include/cmsis_gcc.h" 1
 784 0010 91FAA1F1 		rbit r1, r1
 785              	@ 0 "" 2
 786              		.thumb
 787              		.syntax unified
 788 0014 B1FA81F1 		clz	r1, r1
 789 0018 03EB0113 		add	r3, r3, r1, lsl #4
 790 001c D3F88401 		ldr	r0, [r3, #388]
 791 0020 000C     		lsrs	r0, r0, #16
 792 0022 7047     		bx	lr
 794              		.section	.text.HAL_CAN_GetRxMessage,"ax",%progbits
 795              		.align	1
 796              		.p2align 2,,3
 797              		.global	HAL_CAN_GetRxMessage
 798              		.syntax unified
 799              		.thumb
 800              		.thumb_func
 802              	HAL_CAN_GetRxMessage:
 803              		@ args = 0, pretend = 0, frame = 0
 804              		@ frame_needed = 0, uses_anonymous_args = 0
 805 0000 90F820C0 		ldrb	ip, [r0, #32]	@ zero_extendqisi2
 806 0004 0CF1FF3C 		add	ip, ip, #-1
 807 0008 BCF1010F 		cmp	ip, #1
 808 000c 6BD8     		bhi	.L151
 809 000e 70B5     		push	{r4, r5, r6, lr}
 810 0010 0468     		ldr	r4, [r0]
 811 0012 41B9     		cbnz	r1, .L152
 812 0014 E568     		ldr	r5, [r4, #12]
 813 0016 AD07     		lsls	r5, r5, #30
 814 0018 08D1     		bne	.L153
 815              	.L166:
 816 001a 436A     		ldr	r3, [r0, #36]
 817 001c 43F40013 		orr	r3, r3, #2097152
 818 0020 4362     		str	r3, [r0, #36]
 819 0022 0120     		movs	r0, #1
 820 0024 70BD     		pop	{r4, r5, r6, pc}
 821              	.L152:
 822 0026 2569     		ldr	r5, [r4, #16]
 823 0028 AE07     		lsls	r6, r5, #30
 824 002a F6D0     		beq	.L166
 825              	.L153:
 826 002c 04EB011C 		add	ip, r4, r1, lsl #4
 827 0030 4FEA011E 		lsl	lr, r1, #4
 828 0034 DCF8B051 		ldr	r5, [ip, #432]
 829 0038 05F00405 		and	r5, r5, #4
ARM GAS  /tmp/cc3wWW9F.s 			page 15


 830 003c 9560     		str	r5, [r2, #8]
 831 003e 002D     		cmp	r5, #0
 832 0040 57D0     		beq	.L167
 833 0042 DCF8B051 		ldr	r5, [ip, #432]
 834 0046 ED08     		lsrs	r5, r5, #3
 835 0048 5560     		str	r5, [r2, #4]
 836              	.L157:
 837 004a DCF8B051 		ldr	r5, [ip, #432]
 838 004e 05F00205 		and	r5, r5, #2
 839 0052 D560     		str	r5, [r2, #12]
 840 0054 DCF8B451 		ldr	r5, [ip, #436]
 841 0058 2D07     		lsls	r5, r5, #28
 842 005a 58BF     		it	pl
 843 005c DCF8B451 		ldrpl	r5, [ip, #436]
 844 0060 DCF8B461 		ldr	r6, [ip, #436]
 845 0064 54BF     		ite	pl
 846 0066 05F00F05 		andpl	r5, r5, #15
 847 006a 0825     		movmi	r5, #8
 848 006c 1561     		str	r5, [r2, #16]
 849 006e 7444     		add	r4, r4, lr
 850 0070 DCF8B451 		ldr	r5, [ip, #436]
 851 0074 C6F30726 		ubfx	r6, r6, #8, #8
 852 0078 9661     		str	r6, [r2, #24]
 853 007a 2D0C     		lsrs	r5, r5, #16
 854 007c D4F8B861 		ldr	r6, [r4, #440]
 855 0080 5561     		str	r5, [r2, #20]
 856 0082 1E70     		strb	r6, [r3]
 857 0084 0268     		ldr	r2, [r0]
 858 0086 7244     		add	r2, r2, lr
 859 0088 D2F8B821 		ldr	r2, [r2, #440]
 860 008c 120A     		lsrs	r2, r2, #8
 861 008e 5A70     		strb	r2, [r3, #1]
 862 0090 0268     		ldr	r2, [r0]
 863 0092 7244     		add	r2, r2, lr
 864 0094 D2F8B821 		ldr	r2, [r2, #440]
 865 0098 120C     		lsrs	r2, r2, #16
 866 009a 9A70     		strb	r2, [r3, #2]
 867 009c 0268     		ldr	r2, [r0]
 868 009e 7244     		add	r2, r2, lr
 869 00a0 D2F8B821 		ldr	r2, [r2, #440]
 870 00a4 120E     		lsrs	r2, r2, #24
 871 00a6 DA70     		strb	r2, [r3, #3]
 872 00a8 0268     		ldr	r2, [r0]
 873 00aa 7244     		add	r2, r2, lr
 874 00ac D2F8BC21 		ldr	r2, [r2, #444]
 875 00b0 1A71     		strb	r2, [r3, #4]
 876 00b2 0268     		ldr	r2, [r0]
 877 00b4 7244     		add	r2, r2, lr
 878 00b6 D2F8BC21 		ldr	r2, [r2, #444]
 879 00ba 120A     		lsrs	r2, r2, #8
 880 00bc 5A71     		strb	r2, [r3, #5]
 881 00be 0268     		ldr	r2, [r0]
 882 00c0 7244     		add	r2, r2, lr
 883 00c2 D2F8BC21 		ldr	r2, [r2, #444]
 884 00c6 120C     		lsrs	r2, r2, #16
 885 00c8 9A71     		strb	r2, [r3, #6]
 886 00ca 0268     		ldr	r2, [r0]
ARM GAS  /tmp/cc3wWW9F.s 			page 16


 887 00cc 7244     		add	r2, r2, lr
 888 00ce D2F8BC21 		ldr	r2, [r2, #444]
 889 00d2 120E     		lsrs	r2, r2, #24
 890 00d4 DA71     		strb	r2, [r3, #7]
 891 00d6 0368     		ldr	r3, [r0]
 892 00d8 81B9     		cbnz	r1, .L159
 893 00da DA68     		ldr	r2, [r3, #12]
 894 00dc 42F02002 		orr	r2, r2, #32
 895 00e0 DA60     		str	r2, [r3, #12]
 896              	.L160:
 897 00e2 0020     		movs	r0, #0
 898 00e4 70BD     		pop	{r4, r5, r6, pc}
 899              	.L151:
 900 00e6 436A     		ldr	r3, [r0, #36]
 901 00e8 43F48023 		orr	r3, r3, #262144
 902 00ec 4362     		str	r3, [r0, #36]
 903 00ee 0120     		movs	r0, #1
 904 00f0 7047     		bx	lr
 905              	.L167:
 906 00f2 DCF8B051 		ldr	r5, [ip, #432]
 907 00f6 6D0D     		lsrs	r5, r5, #21
 908 00f8 1560     		str	r5, [r2]
 909 00fa A6E7     		b	.L157
 910              	.L159:
 911 00fc 1A69     		ldr	r2, [r3, #16]
 912 00fe 42F02002 		orr	r2, r2, #32
 913 0102 1A61     		str	r2, [r3, #16]
 914 0104 EDE7     		b	.L160
 916 0106 00BF     		.section	.text.HAL_CAN_GetRxFifoFillLevel,"ax",%progbits
 917              		.align	1
 918              		.p2align 2,,3
 919              		.global	HAL_CAN_GetRxFifoFillLevel
 920              		.syntax unified
 921              		.thumb
 922              		.thumb_func
 924              	HAL_CAN_GetRxFifoFillLevel:
 925              		@ args = 0, pretend = 0, frame = 0
 926              		@ frame_needed = 0, uses_anonymous_args = 0
 927              		@ link register save eliminated.
 928 0000 90F82030 		ldrb	r3, [r0, #32]	@ zero_extendqisi2
 929 0004 013B     		subs	r3, r3, #1
 930 0006 012B     		cmp	r3, #1
 931 0008 01D9     		bls	.L172
 932 000a 0020     		movs	r0, #0
 933 000c 7047     		bx	lr
 934              	.L172:
 935 000e 0368     		ldr	r3, [r0]
 936 0010 19B9     		cbnz	r1, .L170
 937 0012 D868     		ldr	r0, [r3, #12]
 938 0014 00F00300 		and	r0, r0, #3
 939 0018 7047     		bx	lr
 940              	.L170:
 941 001a 1869     		ldr	r0, [r3, #16]
 942 001c 00F00300 		and	r0, r0, #3
 943 0020 7047     		bx	lr
 945 0022 00BF     		.section	.text.HAL_CAN_ActivateNotification,"ax",%progbits
 946              		.align	1
ARM GAS  /tmp/cc3wWW9F.s 			page 17


 947              		.p2align 2,,3
 948              		.global	HAL_CAN_ActivateNotification
 949              		.syntax unified
 950              		.thumb
 951              		.thumb_func
 953              	HAL_CAN_ActivateNotification:
 954              		@ args = 0, pretend = 0, frame = 0
 955              		@ frame_needed = 0, uses_anonymous_args = 0
 956              		@ link register save eliminated.
 957 0000 90F82020 		ldrb	r2, [r0, #32]	@ zero_extendqisi2
 958 0004 013A     		subs	r2, r2, #1
 959 0006 012A     		cmp	r2, #1
 960 0008 0346     		mov	r3, r0
 961 000a 05D9     		bls	.L176
 962 000c 426A     		ldr	r2, [r0, #36]
 963 000e 42F48022 		orr	r2, r2, #262144
 964 0012 0120     		movs	r0, #1
 965 0014 5A62     		str	r2, [r3, #36]
 966 0016 7047     		bx	lr
 967              	.L176:
 968 0018 0268     		ldr	r2, [r0]
 969 001a 5369     		ldr	r3, [r2, #20]
 970 001c 0B43     		orrs	r3, r3, r1
 971 001e 0020     		movs	r0, #0
 972 0020 5361     		str	r3, [r2, #20]
 973 0022 7047     		bx	lr
 975              		.section	.text.HAL_CAN_DeactivateNotification,"ax",%progbits
 976              		.align	1
 977              		.p2align 2,,3
 978              		.global	HAL_CAN_DeactivateNotification
 979              		.syntax unified
 980              		.thumb
 981              		.thumb_func
 983              	HAL_CAN_DeactivateNotification:
 984              		@ args = 0, pretend = 0, frame = 0
 985              		@ frame_needed = 0, uses_anonymous_args = 0
 986              		@ link register save eliminated.
 987 0000 90F82020 		ldrb	r2, [r0, #32]	@ zero_extendqisi2
 988 0004 013A     		subs	r2, r2, #1
 989 0006 012A     		cmp	r2, #1
 990 0008 0346     		mov	r3, r0
 991 000a 05D9     		bls	.L180
 992 000c 426A     		ldr	r2, [r0, #36]
 993 000e 42F48022 		orr	r2, r2, #262144
 994 0012 0120     		movs	r0, #1
 995 0014 5A62     		str	r2, [r3, #36]
 996 0016 7047     		bx	lr
 997              	.L180:
 998 0018 0268     		ldr	r2, [r0]
 999 001a 5369     		ldr	r3, [r2, #20]
 1000 001c 23EA0103 		bic	r3, r3, r1
 1001 0020 0020     		movs	r0, #0
 1002 0022 5361     		str	r3, [r2, #20]
 1003 0024 7047     		bx	lr
 1005 0026 00BF     		.section	.text.HAL_CAN_TxMailbox0CompleteCallback,"ax",%progbits
 1006              		.align	1
 1007              		.p2align 2,,3
ARM GAS  /tmp/cc3wWW9F.s 			page 18


 1008              		.weak	HAL_CAN_TxMailbox0CompleteCallback
 1009              		.syntax unified
 1010              		.thumb
 1011              		.thumb_func
 1013              	HAL_CAN_TxMailbox0CompleteCallback:
 1014              		@ args = 0, pretend = 0, frame = 0
 1015              		@ frame_needed = 0, uses_anonymous_args = 0
 1016              		@ link register save eliminated.
 1017 0000 7047     		bx	lr
 1019 0002 00BF     		.section	.text.HAL_CAN_TxMailbox1CompleteCallback,"ax",%progbits
 1020              		.align	1
 1021              		.p2align 2,,3
 1022              		.weak	HAL_CAN_TxMailbox1CompleteCallback
 1023              		.syntax unified
 1024              		.thumb
 1025              		.thumb_func
 1027              	HAL_CAN_TxMailbox1CompleteCallback:
 1028              		@ args = 0, pretend = 0, frame = 0
 1029              		@ frame_needed = 0, uses_anonymous_args = 0
 1030              		@ link register save eliminated.
 1031 0000 7047     		bx	lr
 1033 0002 00BF     		.section	.text.HAL_CAN_TxMailbox2CompleteCallback,"ax",%progbits
 1034              		.align	1
 1035              		.p2align 2,,3
 1036              		.weak	HAL_CAN_TxMailbox2CompleteCallback
 1037              		.syntax unified
 1038              		.thumb
 1039              		.thumb_func
 1041              	HAL_CAN_TxMailbox2CompleteCallback:
 1042              		@ args = 0, pretend = 0, frame = 0
 1043              		@ frame_needed = 0, uses_anonymous_args = 0
 1044              		@ link register save eliminated.
 1045 0000 7047     		bx	lr
 1047 0002 00BF     		.section	.text.HAL_CAN_TxMailbox0AbortCallback,"ax",%progbits
 1048              		.align	1
 1049              		.p2align 2,,3
 1050              		.weak	HAL_CAN_TxMailbox0AbortCallback
 1051              		.syntax unified
 1052              		.thumb
 1053              		.thumb_func
 1055              	HAL_CAN_TxMailbox0AbortCallback:
 1056              		@ args = 0, pretend = 0, frame = 0
 1057              		@ frame_needed = 0, uses_anonymous_args = 0
 1058              		@ link register save eliminated.
 1059 0000 7047     		bx	lr
 1061 0002 00BF     		.section	.text.HAL_CAN_TxMailbox1AbortCallback,"ax",%progbits
 1062              		.align	1
 1063              		.p2align 2,,3
 1064              		.weak	HAL_CAN_TxMailbox1AbortCallback
 1065              		.syntax unified
 1066              		.thumb
 1067              		.thumb_func
 1069              	HAL_CAN_TxMailbox1AbortCallback:
 1070              		@ args = 0, pretend = 0, frame = 0
 1071              		@ frame_needed = 0, uses_anonymous_args = 0
 1072              		@ link register save eliminated.
 1073 0000 7047     		bx	lr
ARM GAS  /tmp/cc3wWW9F.s 			page 19


 1075 0002 00BF     		.section	.text.HAL_CAN_TxMailbox2AbortCallback,"ax",%progbits
 1076              		.align	1
 1077              		.p2align 2,,3
 1078              		.weak	HAL_CAN_TxMailbox2AbortCallback
 1079              		.syntax unified
 1080              		.thumb
 1081              		.thumb_func
 1083              	HAL_CAN_TxMailbox2AbortCallback:
 1084              		@ args = 0, pretend = 0, frame = 0
 1085              		@ frame_needed = 0, uses_anonymous_args = 0
 1086              		@ link register save eliminated.
 1087 0000 7047     		bx	lr
 1089 0002 00BF     		.section	.text.HAL_CAN_RxFifo0MsgPendingCallback,"ax",%progbits
 1090              		.align	1
 1091              		.p2align 2,,3
 1092              		.weak	HAL_CAN_RxFifo0MsgPendingCallback
 1093              		.syntax unified
 1094              		.thumb
 1095              		.thumb_func
 1097              	HAL_CAN_RxFifo0MsgPendingCallback:
 1098              		@ args = 0, pretend = 0, frame = 0
 1099              		@ frame_needed = 0, uses_anonymous_args = 0
 1100              		@ link register save eliminated.
 1101 0000 7047     		bx	lr
 1103 0002 00BF     		.section	.text.HAL_CAN_RxFifo0FullCallback,"ax",%progbits
 1104              		.align	1
 1105              		.p2align 2,,3
 1106              		.weak	HAL_CAN_RxFifo0FullCallback
 1107              		.syntax unified
 1108              		.thumb
 1109              		.thumb_func
 1111              	HAL_CAN_RxFifo0FullCallback:
 1112              		@ args = 0, pretend = 0, frame = 0
 1113              		@ frame_needed = 0, uses_anonymous_args = 0
 1114              		@ link register save eliminated.
 1115 0000 7047     		bx	lr
 1117 0002 00BF     		.section	.text.HAL_CAN_RxFifo1MsgPendingCallback,"ax",%progbits
 1118              		.align	1
 1119              		.p2align 2,,3
 1120              		.weak	HAL_CAN_RxFifo1MsgPendingCallback
 1121              		.syntax unified
 1122              		.thumb
 1123              		.thumb_func
 1125              	HAL_CAN_RxFifo1MsgPendingCallback:
 1126              		@ args = 0, pretend = 0, frame = 0
 1127              		@ frame_needed = 0, uses_anonymous_args = 0
 1128              		@ link register save eliminated.
 1129 0000 7047     		bx	lr
 1131 0002 00BF     		.section	.text.HAL_CAN_RxFifo1FullCallback,"ax",%progbits
 1132              		.align	1
 1133              		.p2align 2,,3
 1134              		.weak	HAL_CAN_RxFifo1FullCallback
 1135              		.syntax unified
 1136              		.thumb
 1137              		.thumb_func
 1139              	HAL_CAN_RxFifo1FullCallback:
 1140              		@ args = 0, pretend = 0, frame = 0
ARM GAS  /tmp/cc3wWW9F.s 			page 20


 1141              		@ frame_needed = 0, uses_anonymous_args = 0
 1142              		@ link register save eliminated.
 1143 0000 7047     		bx	lr
 1145 0002 00BF     		.section	.text.HAL_CAN_SleepCallback,"ax",%progbits
 1146              		.align	1
 1147              		.p2align 2,,3
 1148              		.weak	HAL_CAN_SleepCallback
 1149              		.syntax unified
 1150              		.thumb
 1151              		.thumb_func
 1153              	HAL_CAN_SleepCallback:
 1154              		@ args = 0, pretend = 0, frame = 0
 1155              		@ frame_needed = 0, uses_anonymous_args = 0
 1156              		@ link register save eliminated.
 1157 0000 7047     		bx	lr
 1159 0002 00BF     		.section	.text.HAL_CAN_WakeUpFromRxMsgCallback,"ax",%progbits
 1160              		.align	1
 1161              		.p2align 2,,3
 1162              		.weak	HAL_CAN_WakeUpFromRxMsgCallback
 1163              		.syntax unified
 1164              		.thumb
 1165              		.thumb_func
 1167              	HAL_CAN_WakeUpFromRxMsgCallback:
 1168              		@ args = 0, pretend = 0, frame = 0
 1169              		@ frame_needed = 0, uses_anonymous_args = 0
 1170              		@ link register save eliminated.
 1171 0000 7047     		bx	lr
 1173 0002 00BF     		.section	.text.HAL_CAN_ErrorCallback,"ax",%progbits
 1174              		.align	1
 1175              		.p2align 2,,3
 1176              		.weak	HAL_CAN_ErrorCallback
 1177              		.syntax unified
 1178              		.thumb
 1179              		.thumb_func
 1181              	HAL_CAN_ErrorCallback:
 1182              		@ args = 0, pretend = 0, frame = 0
 1183              		@ frame_needed = 0, uses_anonymous_args = 0
 1184              		@ link register save eliminated.
 1185 0000 7047     		bx	lr
 1187 0002 00BF     		.section	.text.HAL_CAN_IRQHandler,"ax",%progbits
 1188              		.align	1
 1189              		.p2align 2,,3
 1190              		.global	HAL_CAN_IRQHandler
 1191              		.syntax unified
 1192              		.thumb
 1193              		.thumb_func
 1195              	HAL_CAN_IRQHandler:
 1196              		@ args = 0, pretend = 0, frame = 0
 1197              		@ frame_needed = 0, uses_anonymous_args = 0
 1198 0000 2DE9F84F 		push	{r3, r4, r5, r6, r7, r8, r9, r10, fp, lr}
 1199 0004 0368     		ldr	r3, [r0]
 1200 0006 5C69     		ldr	r4, [r3, #20]
 1201 0008 D3F80480 		ldr	r8, [r3, #4]
 1202 000c 9F68     		ldr	r7, [r3, #8]
 1203 000e D3F80CB0 		ldr	fp, [r3, #12]
 1204 0012 D3F81090 		ldr	r9, [r3, #16]
 1205 0016 D3F818A0 		ldr	r10, [r3, #24]
ARM GAS  /tmp/cc3wWW9F.s 			page 21


 1206 001a 14F00106 		ands	r6, r4, #1
 1207 001e 0546     		mov	r5, r0
 1208 0020 25D0     		beq	.L195
 1209 0022 FA07     		lsls	r2, r7, #31
 1210 0024 00F18880 		bmi	.L336
 1211              	.L196:
 1212 0028 4FF40051 		mov	r1, #8192
 1213 002c 4FF48040 		mov	r0, #16384
 1214 0030 0026     		movs	r6, #0
 1215              	.L198:
 1216 0032 FA05     		lsls	r2, r7, #23
 1217 0034 0DD5     		bpl	.L201
 1218 0036 2B68     		ldr	r3, [r5]
 1219 0038 4FF48072 		mov	r2, #256
 1220 003c 9A60     		str	r2, [r3, #8]
 1221 003e BB05     		lsls	r3, r7, #22
 1222 0040 00F1BA80 		bmi	.L337
 1223 0044 7A05     		lsls	r2, r7, #21
 1224 0046 00F1D880 		bmi	.L239
 1225 004a 3B05     		lsls	r3, r7, #20
 1226 004c 40F1F280 		bpl	.L338
 1227 0050 0646     		mov	r6, r0
 1228              	.L201:
 1229 0052 F903     		lsls	r1, r7, #15
 1230 0054 0BD5     		bpl	.L195
 1231 0056 2B68     		ldr	r3, [r5]
 1232 0058 4FF48032 		mov	r2, #65536
 1233 005c 9A60     		str	r2, [r3, #8]
 1234 005e BA03     		lsls	r2, r7, #14
 1235 0060 00F1A380 		bmi	.L339
 1236 0064 7B03     		lsls	r3, r7, #13
 1237 0066 40F1CA80 		bpl	.L204
 1238 006a 46F40046 		orr	r6, r6, #32768
 1239              	.L195:
 1240 006e 2107     		lsls	r1, r4, #28
 1241 0070 02D5     		bpl	.L206
 1242 0072 1BF0100F 		tst	fp, #16
 1243 0076 59D1     		bne	.L340
 1244              	.L206:
 1245 0078 6207     		lsls	r2, r4, #29
 1246 007a 02D5     		bpl	.L207
 1247 007c 1BF0080F 		tst	fp, #8
 1248 0080 73D1     		bne	.L341
 1249              	.L207:
 1250 0082 A307     		lsls	r3, r4, #30
 1251 0084 03D5     		bpl	.L208
 1252 0086 2B68     		ldr	r3, [r5]
 1253 0088 DB68     		ldr	r3, [r3, #12]
 1254 008a 9F07     		lsls	r7, r3, #30
 1255 008c 74D1     		bne	.L342
 1256              	.L208:
 1257 008e 6006     		lsls	r0, r4, #25
 1258 0090 02D5     		bpl	.L209
 1259 0092 19F0100F 		tst	r9, #16
 1260 0096 5ED1     		bne	.L343
 1261              	.L209:
 1262 0098 A106     		lsls	r1, r4, #26
ARM GAS  /tmp/cc3wWW9F.s 			page 22


 1263 009a 02D5     		bpl	.L210
 1264 009c 19F0080F 		tst	r9, #8
 1265 00a0 75D1     		bne	.L344
 1266              	.L210:
 1267 00a2 E206     		lsls	r2, r4, #27
 1268 00a4 03D5     		bpl	.L211
 1269 00a6 2B68     		ldr	r3, [r5]
 1270 00a8 1B69     		ldr	r3, [r3, #16]
 1271 00aa 9B07     		lsls	r3, r3, #30
 1272 00ac 59D1     		bne	.L345
 1273              	.L211:
 1274 00ae A703     		lsls	r7, r4, #14
 1275 00b0 02D5     		bpl	.L212
 1276 00b2 18F0100F 		tst	r8, #16
 1277 00b6 63D1     		bne	.L346
 1278              	.L212:
 1279 00b8 E003     		lsls	r0, r4, #15
 1280 00ba 02D5     		bpl	.L213
 1281 00bc 18F0080F 		tst	r8, #8
 1282 00c0 6CD1     		bne	.L347
 1283              	.L213:
 1284 00c2 2104     		lsls	r1, r4, #16
 1285 00c4 2ED5     		bpl	.L214
 1286 00c6 18F0040F 		tst	r8, #4
 1287 00ca 2B68     		ldr	r3, [r5]
 1288 00cc 28D0     		beq	.L215
 1289 00ce E205     		lsls	r2, r4, #23
 1290 00d0 44BF     		itt	mi
 1291 00d2 0AF00102 		andmi	r2, r10, #1
 1292 00d6 1643     		orrmi	r6, r6, r2
 1293 00d8 A705     		lsls	r7, r4, #22
 1294 00da 16D5     		bpl	.L217
 1295 00dc 1AF0020F 		tst	r10, #2
 1296 00e0 13D0     		beq	.L217
 1297 00e2 6005     		lsls	r0, r4, #21
 1298 00e4 46F00206 		orr	r6, r6, #2
 1299 00e8 04F40062 		and	r2, r4, #2048
 1300 00ec 6AD5     		bpl	.L335
 1301 00ee 1AF0040F 		tst	r10, #4
 1302 00f2 65D1     		bne	.L219
 1303 00f4 8AB9     		cbnz	r2, .L220
 1304              	.L226:
 1305 00f6 0422     		movs	r2, #4
 1306 00f8 5A60     		str	r2, [r3, #4]
 1307              	.L224:
 1308 00fa 6B6A     		ldr	r3, [r5, #36]
 1309 00fc 3343     		orrs	r3, r3, r6
 1310 00fe 2846     		mov	r0, r5
 1311 0100 6B62     		str	r3, [r5, #36]
 1312 0102 FFF7FEFF 		bl	HAL_CAN_ErrorCallback
 1313 0106 BDE8F88F 		pop	{r3, r4, r5, r6, r7, r8, r9, r10, fp, pc}
 1314              	.L217:
 1315 010a 6105     		lsls	r1, r4, #21
 1316 010c 04F40062 		and	r2, r4, #2048
 1317 0110 02D5     		bpl	.L225
 1318 0112 1AF0040F 		tst	r10, #4
 1319 0116 53D1     		bne	.L219
ARM GAS  /tmp/cc3wWW9F.s 			page 23


 1320              	.L225:
 1321 0118 12B1     		cbz	r2, .L215
 1322              	.L220:
 1323 011a 1AF0700A 		ands	r10, r10, #112
 1324 011e 56D1     		bne	.L223
 1325              	.L215:
 1326 0120 0422     		movs	r2, #4
 1327 0122 5A60     		str	r2, [r3, #4]
 1328              	.L214:
 1329 0124 002E     		cmp	r6, #0
 1330 0126 E8D1     		bne	.L224
 1331 0128 BDE8F88F 		pop	{r3, r4, r5, r6, r7, r8, r9, r10, fp, pc}
 1332              	.L340:
 1333 012c 2B68     		ldr	r3, [r5]
 1334 012e 1022     		movs	r2, #16
 1335 0130 46F40076 		orr	r6, r6, #512
 1336 0134 DA60     		str	r2, [r3, #12]
 1337 0136 9FE7     		b	.L206
 1338              	.L336:
 1339 0138 0122     		movs	r2, #1
 1340 013a 9A60     		str	r2, [r3, #8]
 1341 013c BB07     		lsls	r3, r7, #30
 1342 013e 38D4     		bmi	.L348
 1343 0140 7E07     		lsls	r6, r7, #29
 1344 0142 61D4     		bmi	.L237
 1345 0144 3907     		lsls	r1, r7, #28
 1346 0146 79D5     		bpl	.L349
 1347 0148 4FF44051 		mov	r1, #12288
 1348 014c 4FF4A040 		mov	r0, #20480
 1349 0150 4FF48056 		mov	r6, #4096
 1350 0154 6DE7     		b	.L198
 1351              	.L343:
 1352 0156 2B68     		ldr	r3, [r5]
 1353 0158 1022     		movs	r2, #16
 1354 015a 46F48066 		orr	r6, r6, #1024
 1355 015e 1A61     		str	r2, [r3, #16]
 1356 0160 9AE7     		b	.L209
 1357              	.L345:
 1358 0162 2846     		mov	r0, r5
 1359 0164 FFF7FEFF 		bl	HAL_CAN_RxFifo1MsgPendingCallback
 1360 0168 A1E7     		b	.L211
 1361              	.L341:
 1362 016a 2B68     		ldr	r3, [r5]
 1363 016c 0822     		movs	r2, #8
 1364 016e DA60     		str	r2, [r3, #12]
 1365 0170 2846     		mov	r0, r5
 1366 0172 FFF7FEFF 		bl	HAL_CAN_RxFifo0FullCallback
 1367 0176 84E7     		b	.L207
 1368              	.L342:
 1369 0178 2846     		mov	r0, r5
 1370 017a FFF7FEFF 		bl	HAL_CAN_RxFifo0MsgPendingCallback
 1371 017e 86E7     		b	.L208
 1372              	.L346:
 1373 0180 2B68     		ldr	r3, [r5]
 1374 0182 1022     		movs	r2, #16
 1375 0184 5A60     		str	r2, [r3, #4]
 1376 0186 2846     		mov	r0, r5
ARM GAS  /tmp/cc3wWW9F.s 			page 24


 1377 0188 FFF7FEFF 		bl	HAL_CAN_SleepCallback
 1378 018c 94E7     		b	.L212
 1379              	.L344:
 1380 018e 2B68     		ldr	r3, [r5]
 1381 0190 0822     		movs	r2, #8
 1382 0192 1A61     		str	r2, [r3, #16]
 1383 0194 2846     		mov	r0, r5
 1384 0196 FFF7FEFF 		bl	HAL_CAN_RxFifo1FullCallback
 1385 019a 82E7     		b	.L210
 1386              	.L347:
 1387 019c 2B68     		ldr	r3, [r5]
 1388 019e 0822     		movs	r2, #8
 1389 01a0 5A60     		str	r2, [r3, #4]
 1390 01a2 2846     		mov	r0, r5
 1391 01a4 FFF7FEFF 		bl	HAL_CAN_WakeUpFromRxMsgCallback
 1392 01a8 8BE7     		b	.L213
 1393              	.L339:
 1394 01aa 2846     		mov	r0, r5
 1395 01ac FFF7FEFF 		bl	HAL_CAN_TxMailbox2CompleteCallback
 1396 01b0 5DE7     		b	.L195
 1397              	.L348:
 1398 01b2 FFF7FEFF 		bl	HAL_CAN_TxMailbox0CompleteCallback
 1399 01b6 37E7     		b	.L196
 1400              	.L337:
 1401 01b8 2846     		mov	r0, r5
 1402 01ba FFF7FEFF 		bl	HAL_CAN_TxMailbox1CompleteCallback
 1403 01be 48E7     		b	.L201
 1404              	.L219:
 1405 01c0 46F00406 		orr	r6, r6, #4
 1406              	.L335:
 1407 01c4 002A     		cmp	r2, #0
 1408 01c6 96D0     		beq	.L226
 1409 01c8 1AF0700A 		ands	r10, r10, #112
 1410 01cc 93D0     		beq	.L226
 1411              	.L223:
 1412 01ce BAF1400F 		cmp	r10, #64
 1413 01d2 3FD0     		beq	.L228
 1414 01d4 1FD8     		bhi	.L229
 1415 01d6 BAF1200F 		cmp	r10, #32
 1416 01da 56D0     		beq	.L230
 1417 01dc BAF1300F 		cmp	r10, #48
 1418 01e0 4AD0     		beq	.L231
 1419 01e2 BAF1100F 		cmp	r10, #16
 1420 01e6 30D1     		bne	.L233
 1421 01e8 9A69     		ldr	r2, [r3, #24]
 1422 01ea 0421     		movs	r1, #4
 1423 01ec 22F07002 		bic	r2, r2, #112
 1424 01f0 9A61     		str	r2, [r3, #24]
 1425 01f2 46F00806 		orr	r6, r6, #8
 1426 01f6 5960     		str	r1, [r3, #4]
 1427 01f8 7FE7     		b	.L224
 1428              	.L239:
 1429 01fa 0E46     		mov	r6, r1
 1430 01fc 29E7     		b	.L201
 1431              	.L204:
 1432 01fe 3803     		lsls	r0, r7, #12
 1433 0200 1FD5     		bpl	.L205
ARM GAS  /tmp/cc3wWW9F.s 			page 25


 1434 0202 46F48036 		orr	r6, r6, #65536
 1435 0206 32E7     		b	.L195
 1436              	.L237:
 1437 0208 4FF42051 		mov	r1, #10240
 1438 020c 4FF49040 		mov	r0, #18432
 1439 0210 4FF40066 		mov	r6, #2048
 1440 0214 0DE7     		b	.L198
 1441              	.L229:
 1442 0216 BAF1500F 		cmp	r10, #80
 1443 021a 24D0     		beq	.L234
 1444 021c BAF1600F 		cmp	r10, #96
 1445 0220 13D1     		bne	.L233
 1446 0222 9A69     		ldr	r2, [r3, #24]
 1447 0224 0421     		movs	r1, #4
 1448 0226 22F07002 		bic	r2, r2, #112
 1449 022a 9A61     		str	r2, [r3, #24]
 1450 022c 46F48076 		orr	r6, r6, #256
 1451 0230 5960     		str	r1, [r3, #4]
 1452 0232 62E7     		b	.L224
 1453              	.L338:
 1454 0234 2846     		mov	r0, r5
 1455 0236 FFF7FEFF 		bl	HAL_CAN_TxMailbox1AbortCallback
 1456 023a 0AE7     		b	.L201
 1457              	.L349:
 1458 023c FFF7FEFF 		bl	HAL_CAN_TxMailbox0AbortCallback
 1459 0240 F2E6     		b	.L196
 1460              	.L205:
 1461 0242 2846     		mov	r0, r5
 1462 0244 FFF7FEFF 		bl	HAL_CAN_TxMailbox2AbortCallback
 1463 0248 11E7     		b	.L195
 1464              	.L233:
 1465 024a 9A69     		ldr	r2, [r3, #24]
 1466 024c 22F07002 		bic	r2, r2, #112
 1467 0250 9A61     		str	r2, [r3, #24]
 1468 0252 65E7     		b	.L215
 1469              	.L228:
 1470 0254 9A69     		ldr	r2, [r3, #24]
 1471 0256 0421     		movs	r1, #4
 1472 0258 22F07002 		bic	r2, r2, #112
 1473 025c 9A61     		str	r2, [r3, #24]
 1474 025e 46F04006 		orr	r6, r6, #64
 1475 0262 5960     		str	r1, [r3, #4]
 1476 0264 49E7     		b	.L224
 1477              	.L234:
 1478 0266 9A69     		ldr	r2, [r3, #24]
 1479 0268 0421     		movs	r1, #4
 1480 026a 22F07002 		bic	r2, r2, #112
 1481 026e 9A61     		str	r2, [r3, #24]
 1482 0270 46F08006 		orr	r6, r6, #128
 1483 0274 5960     		str	r1, [r3, #4]
 1484 0276 40E7     		b	.L224
 1485              	.L231:
 1486 0278 9A69     		ldr	r2, [r3, #24]
 1487 027a 0421     		movs	r1, #4
 1488 027c 22F07002 		bic	r2, r2, #112
 1489 0280 9A61     		str	r2, [r3, #24]
 1490 0282 46F02006 		orr	r6, r6, #32
ARM GAS  /tmp/cc3wWW9F.s 			page 26


 1491 0286 5960     		str	r1, [r3, #4]
 1492 0288 37E7     		b	.L224
 1493              	.L230:
 1494 028a 9A69     		ldr	r2, [r3, #24]
 1495 028c 0421     		movs	r1, #4
 1496 028e 22F07002 		bic	r2, r2, #112
 1497 0292 9A61     		str	r2, [r3, #24]
 1498 0294 46F01006 		orr	r6, r6, #16
 1499 0298 5960     		str	r1, [r3, #4]
 1500 029a 2EE7     		b	.L224
 1502              		.section	.text.HAL_CAN_GetState,"ax",%progbits
 1503              		.align	1
 1504              		.p2align 2,,3
 1505              		.global	HAL_CAN_GetState
 1506              		.syntax unified
 1507              		.thumb
 1508              		.thumb_func
 1510              	HAL_CAN_GetState:
 1511              		@ args = 0, pretend = 0, frame = 0
 1512              		@ frame_needed = 0, uses_anonymous_args = 0
 1513              		@ link register save eliminated.
 1514 0000 90F82030 		ldrb	r3, [r0, #32]	@ zero_extendqisi2
 1515 0004 591E     		subs	r1, r3, #1
 1516 0006 0129     		cmp	r1, #1
 1517 0008 0246     		mov	r2, r0
 1518 000a D8B2     		uxtb	r0, r3
 1519 000c 00D9     		bls	.L354
 1520 000e 7047     		bx	lr
 1521              	.L354:
 1522 0010 1368     		ldr	r3, [r2]
 1523 0012 5A68     		ldr	r2, [r3, #4]
 1524 0014 9207     		lsls	r2, r2, #30
 1525 0016 05D4     		bmi	.L352
 1526 0018 1B68     		ldr	r3, [r3]
 1527 001a 13F0020F 		tst	r3, #2
 1528 001e 18BF     		it	ne
 1529 0020 0320     		movne	r0, #3
 1530 0022 7047     		bx	lr
 1531              	.L352:
 1532 0024 0420     		movs	r0, #4
 1533 0026 7047     		bx	lr
 1535              		.section	.text.HAL_CAN_GetError,"ax",%progbits
 1536              		.align	1
 1537              		.p2align 2,,3
 1538              		.global	HAL_CAN_GetError
 1539              		.syntax unified
 1540              		.thumb
 1541              		.thumb_func
 1543              	HAL_CAN_GetError:
 1544              		@ args = 0, pretend = 0, frame = 0
 1545              		@ frame_needed = 0, uses_anonymous_args = 0
 1546              		@ link register save eliminated.
 1547 0000 406A     		ldr	r0, [r0, #36]
 1548 0002 7047     		bx	lr
 1550              		.section	.text.HAL_CAN_ResetError,"ax",%progbits
 1551              		.align	1
 1552              		.p2align 2,,3
ARM GAS  /tmp/cc3wWW9F.s 			page 27


 1553              		.global	HAL_CAN_ResetError
 1554              		.syntax unified
 1555              		.thumb
 1556              		.thumb_func
 1558              	HAL_CAN_ResetError:
 1559              		@ args = 0, pretend = 0, frame = 0
 1560              		@ frame_needed = 0, uses_anonymous_args = 0
 1561              		@ link register save eliminated.
 1562 0000 90F82020 		ldrb	r2, [r0, #32]	@ zero_extendqisi2
 1563 0004 013A     		subs	r2, r2, #1
 1564 0006 012A     		cmp	r2, #1
 1565 0008 0346     		mov	r3, r0
 1566 000a 05D9     		bls	.L359
 1567 000c 426A     		ldr	r2, [r0, #36]
 1568 000e 42F48022 		orr	r2, r2, #262144
 1569 0012 0120     		movs	r0, #1
 1570 0014 5A62     		str	r2, [r3, #36]
 1571 0016 7047     		bx	lr
 1572              	.L359:
 1573 0018 0020     		movs	r0, #0
 1574 001a 5862     		str	r0, [r3, #36]
 1575 001c 7047     		bx	lr
 1577 001e 00BF     		.ident	"GCC: (Arch Repository) 14.1.0"
ARM GAS  /tmp/cc3wWW9F.s 			page 28


DEFINED SYMBOLS
                            *ABS*:00000000 stm32f4xx_hal_can.c
     /tmp/cc3wWW9F.s:16     .text.HAL_CAN_MspInit:00000000 $t
     /tmp/cc3wWW9F.s:23     .text.HAL_CAN_MspInit:00000000 HAL_CAN_MspInit
     /tmp/cc3wWW9F.s:30     .text.HAL_CAN_Init:00000000 $t
     /tmp/cc3wWW9F.s:37     .text.HAL_CAN_Init:00000000 HAL_CAN_Init
     /tmp/cc3wWW9F.s:154    .text.HAL_CAN_MspDeInit:00000000 $t
     /tmp/cc3wWW9F.s:161    .text.HAL_CAN_MspDeInit:00000000 HAL_CAN_MspDeInit
     /tmp/cc3wWW9F.s:168    .text.HAL_CAN_DeInit:00000000 $t
     /tmp/cc3wWW9F.s:175    .text.HAL_CAN_DeInit:00000000 HAL_CAN_DeInit
     /tmp/cc3wWW9F.s:235    .text.HAL_CAN_ConfigFilter:00000000 $t
     /tmp/cc3wWW9F.s:242    .text.HAL_CAN_ConfigFilter:00000000 HAL_CAN_ConfigFilter
     /tmp/cc3wWW9F.s:356    .text.HAL_CAN_ConfigFilter:0000011c $d
     /tmp/cc3wWW9F.s:359    .text.HAL_CAN_Start:00000000 $t
     /tmp/cc3wWW9F.s:366    .text.HAL_CAN_Start:00000000 HAL_CAN_Start
     /tmp/cc3wWW9F.s:412    .text.HAL_CAN_Stop:00000000 $t
     /tmp/cc3wWW9F.s:419    .text.HAL_CAN_Stop:00000000 HAL_CAN_Stop
     /tmp/cc3wWW9F.s:467    .text.HAL_CAN_RequestSleep:00000000 $t
     /tmp/cc3wWW9F.s:474    .text.HAL_CAN_RequestSleep:00000000 HAL_CAN_RequestSleep
     /tmp/cc3wWW9F.s:497    .text.HAL_CAN_WakeUp:00000000 $t
     /tmp/cc3wWW9F.s:504    .text.HAL_CAN_WakeUp:00000000 HAL_CAN_WakeUp
     /tmp/cc3wWW9F.s:553    .text.HAL_CAN_WakeUp:00000050 $d
     /tmp/cc3wWW9F.s:556    .text.HAL_CAN_IsSleepActive:00000000 $t
     /tmp/cc3wWW9F.s:563    .text.HAL_CAN_IsSleepActive:00000000 HAL_CAN_IsSleepActive
     /tmp/cc3wWW9F.s:578    .text.HAL_CAN_AddTxMessage:00000000 $t
     /tmp/cc3wWW9F.s:585    .text.HAL_CAN_AddTxMessage:00000000 HAL_CAN_AddTxMessage
     /tmp/cc3wWW9F.s:655    .text.HAL_CAN_AbortTxRequest:00000000 $t
     /tmp/cc3wWW9F.s:662    .text.HAL_CAN_AbortTxRequest:00000000 HAL_CAN_AbortTxRequest
     /tmp/cc3wWW9F.s:702    .text.HAL_CAN_GetTxMailboxesFreeLevel:00000000 $t
     /tmp/cc3wWW9F.s:709    .text.HAL_CAN_GetTxMailboxesFreeLevel:00000000 HAL_CAN_GetTxMailboxesFreeLevel
     /tmp/cc3wWW9F.s:735    .text.HAL_CAN_IsTxMessagePending:00000000 $t
     /tmp/cc3wWW9F.s:742    .text.HAL_CAN_IsTxMessagePending:00000000 HAL_CAN_IsTxMessagePending
     /tmp/cc3wWW9F.s:763    .text.HAL_CAN_GetTxTimestamp:00000000 $t
     /tmp/cc3wWW9F.s:770    .text.HAL_CAN_GetTxTimestamp:00000000 HAL_CAN_GetTxTimestamp
     /tmp/cc3wWW9F.s:795    .text.HAL_CAN_GetRxMessage:00000000 $t
     /tmp/cc3wWW9F.s:802    .text.HAL_CAN_GetRxMessage:00000000 HAL_CAN_GetRxMessage
     /tmp/cc3wWW9F.s:917    .text.HAL_CAN_GetRxFifoFillLevel:00000000 $t
     /tmp/cc3wWW9F.s:924    .text.HAL_CAN_GetRxFifoFillLevel:00000000 HAL_CAN_GetRxFifoFillLevel
     /tmp/cc3wWW9F.s:946    .text.HAL_CAN_ActivateNotification:00000000 $t
     /tmp/cc3wWW9F.s:953    .text.HAL_CAN_ActivateNotification:00000000 HAL_CAN_ActivateNotification
     /tmp/cc3wWW9F.s:976    .text.HAL_CAN_DeactivateNotification:00000000 $t
     /tmp/cc3wWW9F.s:983    .text.HAL_CAN_DeactivateNotification:00000000 HAL_CAN_DeactivateNotification
     /tmp/cc3wWW9F.s:1006   .text.HAL_CAN_TxMailbox0CompleteCallback:00000000 $t
     /tmp/cc3wWW9F.s:1013   .text.HAL_CAN_TxMailbox0CompleteCallback:00000000 HAL_CAN_TxMailbox0CompleteCallback
     /tmp/cc3wWW9F.s:1020   .text.HAL_CAN_TxMailbox1CompleteCallback:00000000 $t
     /tmp/cc3wWW9F.s:1027   .text.HAL_CAN_TxMailbox1CompleteCallback:00000000 HAL_CAN_TxMailbox1CompleteCallback
     /tmp/cc3wWW9F.s:1034   .text.HAL_CAN_TxMailbox2CompleteCallback:00000000 $t
     /tmp/cc3wWW9F.s:1041   .text.HAL_CAN_TxMailbox2CompleteCallback:00000000 HAL_CAN_TxMailbox2CompleteCallback
     /tmp/cc3wWW9F.s:1048   .text.HAL_CAN_TxMailbox0AbortCallback:00000000 $t
     /tmp/cc3wWW9F.s:1055   .text.HAL_CAN_TxMailbox0AbortCallback:00000000 HAL_CAN_TxMailbox0AbortCallback
     /tmp/cc3wWW9F.s:1062   .text.HAL_CAN_TxMailbox1AbortCallback:00000000 $t
     /tmp/cc3wWW9F.s:1069   .text.HAL_CAN_TxMailbox1AbortCallback:00000000 HAL_CAN_TxMailbox1AbortCallback
     /tmp/cc3wWW9F.s:1076   .text.HAL_CAN_TxMailbox2AbortCallback:00000000 $t
     /tmp/cc3wWW9F.s:1083   .text.HAL_CAN_TxMailbox2AbortCallback:00000000 HAL_CAN_TxMailbox2AbortCallback
     /tmp/cc3wWW9F.s:1090   .text.HAL_CAN_RxFifo0MsgPendingCallback:00000000 $t
     /tmp/cc3wWW9F.s:1097   .text.HAL_CAN_RxFifo0MsgPendingCallback:00000000 HAL_CAN_RxFifo0MsgPendingCallback
     /tmp/cc3wWW9F.s:1104   .text.HAL_CAN_RxFifo0FullCallback:00000000 $t
ARM GAS  /tmp/cc3wWW9F.s 			page 29


     /tmp/cc3wWW9F.s:1111   .text.HAL_CAN_RxFifo0FullCallback:00000000 HAL_CAN_RxFifo0FullCallback
     /tmp/cc3wWW9F.s:1118   .text.HAL_CAN_RxFifo1MsgPendingCallback:00000000 $t
     /tmp/cc3wWW9F.s:1125   .text.HAL_CAN_RxFifo1MsgPendingCallback:00000000 HAL_CAN_RxFifo1MsgPendingCallback
     /tmp/cc3wWW9F.s:1132   .text.HAL_CAN_RxFifo1FullCallback:00000000 $t
     /tmp/cc3wWW9F.s:1139   .text.HAL_CAN_RxFifo1FullCallback:00000000 HAL_CAN_RxFifo1FullCallback
     /tmp/cc3wWW9F.s:1146   .text.HAL_CAN_SleepCallback:00000000 $t
     /tmp/cc3wWW9F.s:1153   .text.HAL_CAN_SleepCallback:00000000 HAL_CAN_SleepCallback
     /tmp/cc3wWW9F.s:1160   .text.HAL_CAN_WakeUpFromRxMsgCallback:00000000 $t
     /tmp/cc3wWW9F.s:1167   .text.HAL_CAN_WakeUpFromRxMsgCallback:00000000 HAL_CAN_WakeUpFromRxMsgCallback
     /tmp/cc3wWW9F.s:1174   .text.HAL_CAN_ErrorCallback:00000000 $t
     /tmp/cc3wWW9F.s:1181   .text.HAL_CAN_ErrorCallback:00000000 HAL_CAN_ErrorCallback
     /tmp/cc3wWW9F.s:1188   .text.HAL_CAN_IRQHandler:00000000 $t
     /tmp/cc3wWW9F.s:1195   .text.HAL_CAN_IRQHandler:00000000 HAL_CAN_IRQHandler
     /tmp/cc3wWW9F.s:1503   .text.HAL_CAN_GetState:00000000 $t
     /tmp/cc3wWW9F.s:1510   .text.HAL_CAN_GetState:00000000 HAL_CAN_GetState
     /tmp/cc3wWW9F.s:1536   .text.HAL_CAN_GetError:00000000 $t
     /tmp/cc3wWW9F.s:1543   .text.HAL_CAN_GetError:00000000 HAL_CAN_GetError
     /tmp/cc3wWW9F.s:1551   .text.HAL_CAN_ResetError:00000000 $t
     /tmp/cc3wWW9F.s:1558   .text.HAL_CAN_ResetError:00000000 HAL_CAN_ResetError

UNDEFINED SYMBOLS
HAL_GetTick
