ARM GAS  /tmp/cchtJ89X.s 			page 1


   1              		.cpu cortex-m4
   2              		.arch armv7e-m
   3              		.fpu fpv4-sp-d16
   4              		.eabi_attribute 27, 1
   5              		.eabi_attribute 28, 1
   6              		.eabi_attribute 23, 1
   7              		.eabi_attribute 24, 1
   8              		.eabi_attribute 25, 1
   9              		.eabi_attribute 26, 1
  10              		.eabi_attribute 30, 2
  11              		.eabi_attribute 34, 1
  12              		.eabi_attribute 18, 4
  13              		.file	"sysmem.c"
  14              		.text
  15              		.section	.text._sbrk,"ax",%progbits
  16              		.align	1
  17              		.p2align 2,,3
  18              		.global	_sbrk
  19              		.syntax unified
  20              		.thumb
  21              		.thumb_func
  23              	_sbrk:
  24              		@ args = 0, pretend = 0, frame = 0
  25              		@ frame_needed = 0, uses_anonymous_args = 0
  26 0000 0C49     		ldr	r1, .L9
  27 0002 0D4A     		ldr	r2, .L9+4
  28 0004 0B68     		ldr	r3, [r1]
  29 0006 10B5     		push	{r4, lr}
  30 0008 0C4C     		ldr	r4, .L9+8
  31 000a 121B     		subs	r2, r2, r4
  32 000c 2BB1     		cbz	r3, .L7
  33 000e 1844     		add	r0, r0, r3
  34 0010 9042     		cmp	r0, r2
  35 0012 07D8     		bhi	.L8
  36              	.L3:
  37 0014 0860     		str	r0, [r1]
  38 0016 1846     		mov	r0, r3
  39 0018 10BD     		pop	{r4, pc}
  40              	.L7:
  41 001a 094B     		ldr	r3, .L9+12
  42 001c 0B60     		str	r3, [r1]
  43 001e 1844     		add	r0, r0, r3
  44 0020 9042     		cmp	r0, r2
  45 0022 F7D9     		bls	.L3
  46              	.L8:
  47 0024 FFF7FEFF 		bl	__errno
  48 0028 0C23     		movs	r3, #12
  49 002a 0360     		str	r3, [r0]
  50 002c 4FF0FF33 		mov	r3, #-1
  51 0030 1846     		mov	r0, r3
  52 0032 10BD     		pop	{r4, pc}
  53              	.L10:
  54              		.align	2
  55              	.L9:
  56 0034 00000000 		.word	__sbrk_heap_end
  57 0038 00000000 		.word	_estack
  58 003c 00000000 		.word	_Min_Stack_Size
ARM GAS  /tmp/cchtJ89X.s 			page 2


  59 0040 00000000 		.word	_end
  61              		.section	.bss.__sbrk_heap_end,"aw",%nobits
  62              		.align	2
  65              	__sbrk_heap_end:
  66 0000 00000000 		.space	4
  67              		.ident	"GCC: (Arch Repository) 14.1.0"
ARM GAS  /tmp/cchtJ89X.s 			page 3


DEFINED SYMBOLS
                            *ABS*:00000000 sysmem.c
     /tmp/cchtJ89X.s:16     .text._sbrk:00000000 $t
     /tmp/cchtJ89X.s:23     .text._sbrk:00000000 _sbrk
     /tmp/cchtJ89X.s:56     .text._sbrk:00000034 $d
     /tmp/cchtJ89X.s:65     .bss.__sbrk_heap_end:00000000 __sbrk_heap_end
     /tmp/cchtJ89X.s:62     .bss.__sbrk_heap_end:00000000 $d

UNDEFINED SYMBOLS
__errno
_estack
_Min_Stack_Size
_end
