ARM GAS  /tmp/ccFQQnsP.s 			page 1


   1              		.cpu cortex-m3
   2              		.arch armv7-m
   3              		.fpu softvfp
   4              		.eabi_attribute 20, 1
   5              		.eabi_attribute 21, 1
   6              		.eabi_attribute 23, 3
   7              		.eabi_attribute 24, 1
   8              		.eabi_attribute 25, 1
   9              		.eabi_attribute 26, 1
  10              		.eabi_attribute 30, 4
  11              		.eabi_attribute 34, 1
  12              		.eabi_attribute 18, 4
  13              		.file	"stm32f1xx_hal_flash.c"
  14              		.text
  15              		.section	.text.FLASH_SetErrorCode,"ax",%progbits
  16              		.align	1
  17              		.syntax unified
  18              		.thumb
  19              		.thumb_func
  21              	FLASH_SetErrorCode:
  22              		@ args = 0, pretend = 0, frame = 0
  23              		@ frame_needed = 0, uses_anonymous_args = 0
  24              		@ link register save eliminated.
  25 0000 114A     		ldr	r2, .L14
  26 0002 D368     		ldr	r3, [r2, #12]
  27 0004 13F01003 		ands	r3, r3, #16
  28 0008 05D0     		beq	.L2
  29 000a 1049     		ldr	r1, .L14+4
  30 000c CB69     		ldr	r3, [r1, #28]
  31 000e 43F00203 		orr	r3, r3, #2
  32 0012 CB61     		str	r3, [r1, #28]
  33 0014 1023     		movs	r3, #16
  34              	.L2:
  35 0016 D268     		ldr	r2, [r2, #12]
  36 0018 5007     		lsls	r0, r2, #29
  37 001a 06D5     		bpl	.L3
  38 001c 0B49     		ldr	r1, .L14+4
  39 001e 43F00403 		orr	r3, r3, #4
  40 0022 CA69     		ldr	r2, [r1, #28]
  41 0024 42F00102 		orr	r2, r2, #1
  42 0028 CA61     		str	r2, [r1, #28]
  43              	.L3:
  44 002a 074A     		ldr	r2, .L14
  45 002c D169     		ldr	r1, [r2, #28]
  46 002e C907     		lsls	r1, r1, #31
  47 0030 08D5     		bpl	.L4
  48 0032 0648     		ldr	r0, .L14+4
  49 0034 C169     		ldr	r1, [r0, #28]
  50 0036 41F00401 		orr	r1, r1, #4
  51 003a C161     		str	r1, [r0, #28]
  52 003c D169     		ldr	r1, [r2, #28]
  53 003e 21F00101 		bic	r1, r1, #1
  54 0042 D161     		str	r1, [r2, #28]
  55              	.L4:
  56 0044 D360     		str	r3, [r2, #12]
  57 0046 7047     		bx	lr
  58              	.L15:
ARM GAS  /tmp/ccFQQnsP.s 			page 2


  59              		.align	2
  60              	.L14:
  61 0048 00200240 		.word	1073881088
  62 004c 00000000 		.word	pFlash
  64              		.section	.text.HAL_FLASH_Program_IT,"ax",%progbits
  65              		.align	1
  66              		.global	HAL_FLASH_Program_IT
  67              		.syntax unified
  68              		.thumb
  69              		.thumb_func
  71              	HAL_FLASH_Program_IT:
  72              		@ args = 0, pretend = 0, frame = 0
  73              		@ frame_needed = 0, uses_anonymous_args = 0
  74 0000 70B5     		push	{r4, r5, r6, lr}
  75 0002 1D46     		mov	r5, r3
  76 0004 134B     		ldr	r3, .L23
  77 0006 1446     		mov	r4, r2
  78 0008 1A7E     		ldrb	r2, [r3, #24]	@ zero_extendqisi2
  79 000a 012A     		cmp	r2, #1
  80 000c 20D0     		beq	.L21
  81 000e 0122     		movs	r2, #1
  82 0010 114E     		ldr	r6, .L23+4
  83 0012 1A76     		strb	r2, [r3, #24]
  84 0014 3269     		ldr	r2, [r6, #16]
  85 0016 0128     		cmp	r0, #1
  86 0018 42F4A052 		orr	r2, r2, #5120
  87 001c 3261     		str	r2, [r6, #16]
  88 001e 9960     		str	r1, [r3, #8]
  89 0020 C3E90445 		strd	r4, [r3, #16]
  90 0024 0CD1     		bne	.L18
  91 0026 0322     		movs	r2, #3
  92              	.L22:
  93 0028 1A70     		strb	r2, [r3]
  94 002a 5860     		str	r0, [r3, #4]
  95              	.L19:
  96 002c 0020     		movs	r0, #0
  97 002e 0A4A     		ldr	r2, .L23+4
  98 0030 D861     		str	r0, [r3, #28]
  99 0032 1369     		ldr	r3, [r2, #16]
 100 0034 A4B2     		uxth	r4, r4
 101 0036 43F00103 		orr	r3, r3, #1
 102 003a 1361     		str	r3, [r2, #16]
 103 003c 0C80     		strh	r4, [r1]	@ movhi
 104              	.L17:
 105 003e 70BD     		pop	{r4, r5, r6, pc}
 106              	.L18:
 107 0040 0228     		cmp	r0, #2
 108 0042 4FF00402 		mov	r2, #4
 109 0046 EFD0     		beq	.L22
 110 0048 0520     		movs	r0, #5
 111 004a 1870     		strb	r0, [r3]
 112 004c 5A60     		str	r2, [r3, #4]
 113 004e EDE7     		b	.L19
 114              	.L21:
 115 0050 0220     		movs	r0, #2
 116 0052 F4E7     		b	.L17
 117              	.L24:
ARM GAS  /tmp/ccFQQnsP.s 			page 3


 118              		.align	2
 119              	.L23:
 120 0054 00000000 		.word	pFlash
 121 0058 00200240 		.word	1073881088
 123              		.section	.text.HAL_FLASH_EndOfOperationCallback,"ax",%progbits
 124              		.align	1
 125              		.weak	HAL_FLASH_EndOfOperationCallback
 126              		.syntax unified
 127              		.thumb
 128              		.thumb_func
 130              	HAL_FLASH_EndOfOperationCallback:
 131              		@ args = 0, pretend = 0, frame = 0
 132              		@ frame_needed = 0, uses_anonymous_args = 0
 133              		@ link register save eliminated.
 134 0000 7047     		bx	lr
 136              		.section	.text.HAL_FLASH_OperationErrorCallback,"ax",%progbits
 137              		.align	1
 138              		.weak	HAL_FLASH_OperationErrorCallback
 139              		.syntax unified
 140              		.thumb
 141              		.thumb_func
 143              	HAL_FLASH_OperationErrorCallback:
 144              		@ args = 0, pretend = 0, frame = 0
 145              		@ frame_needed = 0, uses_anonymous_args = 0
 146              		@ link register save eliminated.
 147 0000 7047     		bx	lr
 149              		.section	.text.HAL_FLASH_IRQHandler,"ax",%progbits
 150              		.align	1
 151              		.global	HAL_FLASH_IRQHandler
 152              		.syntax unified
 153              		.thumb
 154              		.thumb_func
 156              	HAL_FLASH_IRQHandler:
 157              		@ args = 0, pretend = 0, frame = 0
 158              		@ frame_needed = 0, uses_anonymous_args = 0
 159 0000 424B     		ldr	r3, .L49
 160 0002 70B5     		push	{r4, r5, r6, lr}
 161 0004 DA68     		ldr	r2, [r3, #12]
 162 0006 424C     		ldr	r4, .L49+4
 163 0008 12F0100F 		tst	r2, #16
 164 000c 02D1     		bne	.L28
 165 000e DB68     		ldr	r3, [r3, #12]
 166 0010 5A07     		lsls	r2, r3, #29
 167 0012 0AD5     		bpl	.L29
 168              	.L28:
 169 0014 4FF0FF33 		mov	r3, #-1
 170 0018 A568     		ldr	r5, [r4, #8]
 171 001a A360     		str	r3, [r4, #8]
 172 001c FFF7FEFF 		bl	FLASH_SetErrorCode
 173 0020 2846     		mov	r0, r5
 174 0022 FFF7FEFF 		bl	HAL_FLASH_OperationErrorCallback
 175 0026 0023     		movs	r3, #0
 176 0028 2370     		strb	r3, [r4]
 177              	.L29:
 178 002a 384D     		ldr	r5, .L49
 179 002c EB68     		ldr	r3, [r5, #12]
 180 002e 9B06     		lsls	r3, r3, #26
ARM GAS  /tmp/ccFQQnsP.s 			page 4


 181 0030 18D5     		bpl	.L31
 182 0032 2023     		movs	r3, #32
 183 0034 EB60     		str	r3, [r5, #12]
 184 0036 2378     		ldrb	r3, [r4]	@ zero_extendqisi2
 185 0038 A3B1     		cbz	r3, .L31
 186 003a 2378     		ldrb	r3, [r4]	@ zero_extendqisi2
 187 003c 012B     		cmp	r3, #1
 188 003e 27D1     		bne	.L33
 189 0040 6368     		ldr	r3, [r4, #4]
 190 0042 013B     		subs	r3, r3, #1
 191 0044 6360     		str	r3, [r4, #4]
 192 0046 6368     		ldr	r3, [r4, #4]
 193 0048 DBB1     		cbz	r3, .L34
 194 004a A068     		ldr	r0, [r4, #8]
 195 004c FFF7FEFF 		bl	HAL_FLASH_EndOfOperationCallback
 196 0050 A068     		ldr	r0, [r4, #8]
 197 0052 00F58060 		add	r0, r0, #1024
 198 0056 A060     		str	r0, [r4, #8]
 199 0058 2B69     		ldr	r3, [r5, #16]
 200 005a 23F00203 		bic	r3, r3, #2
 201 005e 2B61     		str	r3, [r5, #16]
 202 0060 FFF7FEFF 		bl	FLASH_PageErase
 203              	.L31:
 204 0064 2378     		ldrb	r3, [r4]	@ zero_extendqisi2
 205 0066 03F0FF01 		and	r1, r3, #255
 206 006a 4BB9     		cbnz	r3, .L27
 207 006c 274B     		ldr	r3, .L49
 208 006e 1A69     		ldr	r2, [r3, #16]
 209 0070 22F00702 		bic	r2, r2, #7
 210 0074 1A61     		str	r2, [r3, #16]
 211 0076 1A69     		ldr	r2, [r3, #16]
 212 0078 22F4A052 		bic	r2, r2, #5120
 213 007c 1A61     		str	r2, [r3, #16]
 214 007e 2176     		strb	r1, [r4, #24]
 215              	.L27:
 216 0080 70BD     		pop	{r4, r5, r6, pc}
 217              	.L34:
 218 0082 4FF0FF30 		mov	r0, #-1
 219 0086 A060     		str	r0, [r4, #8]
 220 0088 2370     		strb	r3, [r4]
 221 008a FFF7FEFF 		bl	HAL_FLASH_EndOfOperationCallback
 222 008e E9E7     		b	.L31
 223              	.L33:
 224 0090 2378     		ldrb	r3, [r4]	@ zero_extendqisi2
 225 0092 022B     		cmp	r3, #2
 226 0094 09D1     		bne	.L35
 227 0096 2B69     		ldr	r3, [r5, #16]
 228 0098 0020     		movs	r0, #0
 229 009a 23F00403 		bic	r3, r3, #4
 230 009e 2B61     		str	r3, [r5, #16]
 231 00a0 FFF7FEFF 		bl	HAL_FLASH_EndOfOperationCallback
 232              	.L48:
 233 00a4 0023     		movs	r3, #0
 234 00a6 2370     		strb	r3, [r4]
 235 00a8 DCE7     		b	.L31
 236              	.L35:
 237 00aa 6368     		ldr	r3, [r4, #4]
ARM GAS  /tmp/ccFQQnsP.s 			page 5


 238 00ac 013B     		subs	r3, r3, #1
 239 00ae 6360     		str	r3, [r4, #4]
 240 00b0 6368     		ldr	r3, [r4, #4]
 241 00b2 D3B1     		cbz	r3, .L36
 242 00b4 A368     		ldr	r3, [r4, #8]
 243 00b6 0233     		adds	r3, r3, #2
 244 00b8 A360     		str	r3, [r4, #8]
 245 00ba A668     		ldr	r6, [r4, #8]
 246 00bc D4E90401 		ldrd	r0, [r4, #16]
 247 00c0 020C     		lsrs	r2, r0, #16
 248 00c2 42EA0142 		orr	r2, r2, r1, lsl #16
 249 00c6 0B0C     		lsrs	r3, r1, #16
 250 00c8 C4E90423 		strd	r2, [r4, #16]
 251 00cc 2B69     		ldr	r3, [r5, #16]
 252 00ce 23F00103 		bic	r3, r3, #1
 253 00d2 2B61     		str	r3, [r5, #16]
 254 00d4 D4E90423 		ldrd	r2, [r4, #16]
 255 00d8 0023     		movs	r3, #0
 256 00da E361     		str	r3, [r4, #28]
 257 00dc 2B69     		ldr	r3, [r5, #16]
 258 00de 92B2     		uxth	r2, r2
 259 00e0 43F00103 		orr	r3, r3, #1
 260 00e4 2B61     		str	r3, [r5, #16]
 261 00e6 3280     		strh	r2, [r6]	@ movhi
 262 00e8 BCE7     		b	.L31
 263              	.L36:
 264 00ea 2378     		ldrb	r3, [r4]	@ zero_extendqisi2
 265 00ec 032B     		cmp	r3, #3
 266 00ee 06D1     		bne	.L37
 267 00f0 A068     		ldr	r0, [r4, #8]
 268              	.L47:
 269 00f2 FFF7FEFF 		bl	HAL_FLASH_EndOfOperationCallback
 270 00f6 4FF0FF33 		mov	r3, #-1
 271 00fa A360     		str	r3, [r4, #8]
 272 00fc D2E7     		b	.L48
 273              	.L37:
 274 00fe 2378     		ldrb	r3, [r4]	@ zero_extendqisi2
 275 0100 A068     		ldr	r0, [r4, #8]
 276 0102 042B     		cmp	r3, #4
 277 0104 0CBF     		ite	eq
 278 0106 0238     		subeq	r0, r0, #2
 279 0108 0638     		subne	r0, r0, #6
 280 010a F2E7     		b	.L47
 281              	.L50:
 282              		.align	2
 283              	.L49:
 284 010c 00200240 		.word	1073881088
 285 0110 00000000 		.word	pFlash
 287              		.section	.text.HAL_FLASH_Unlock,"ax",%progbits
 288              		.align	1
 289              		.global	HAL_FLASH_Unlock
 290              		.syntax unified
 291              		.thumb
 292              		.thumb_func
 294              	HAL_FLASH_Unlock:
 295              		@ args = 0, pretend = 0, frame = 0
 296              		@ frame_needed = 0, uses_anonymous_args = 0
ARM GAS  /tmp/ccFQQnsP.s 			page 6


 297              		@ link register save eliminated.
 298 0000 064B     		ldr	r3, .L54
 299 0002 1869     		ldr	r0, [r3, #16]
 300 0004 10F08000 		ands	r0, r0, #128
 301 0008 07D0     		beq	.L52
 302 000a 054A     		ldr	r2, .L54+4
 303 000c 5A60     		str	r2, [r3, #4]
 304 000e 02F18832 		add	r2, r2, #-2004318072
 305 0012 5A60     		str	r2, [r3, #4]
 306 0014 1869     		ldr	r0, [r3, #16]
 307 0016 C0F3C010 		ubfx	r0, r0, #7, #1
 308              	.L52:
 309 001a 7047     		bx	lr
 310              	.L55:
 311              		.align	2
 312              	.L54:
 313 001c 00200240 		.word	1073881088
 314 0020 23016745 		.word	1164378403
 316              		.section	.text.HAL_FLASH_Lock,"ax",%progbits
 317              		.align	1
 318              		.global	HAL_FLASH_Lock
 319              		.syntax unified
 320              		.thumb
 321              		.thumb_func
 323              	HAL_FLASH_Lock:
 324              		@ args = 0, pretend = 0, frame = 0
 325              		@ frame_needed = 0, uses_anonymous_args = 0
 326              		@ link register save eliminated.
 327 0000 034A     		ldr	r2, .L57
 328 0002 0020     		movs	r0, #0
 329 0004 1369     		ldr	r3, [r2, #16]
 330 0006 43F08003 		orr	r3, r3, #128
 331 000a 1361     		str	r3, [r2, #16]
 332 000c 7047     		bx	lr
 333              	.L58:
 334 000e 00BF     		.align	2
 335              	.L57:
 336 0010 00200240 		.word	1073881088
 338              		.section	.text.HAL_FLASH_OB_Unlock,"ax",%progbits
 339              		.align	1
 340              		.global	HAL_FLASH_OB_Unlock
 341              		.syntax unified
 342              		.thumb
 343              		.thumb_func
 345              	HAL_FLASH_OB_Unlock:
 346              		@ args = 0, pretend = 0, frame = 0
 347              		@ frame_needed = 0, uses_anonymous_args = 0
 348              		@ link register save eliminated.
 349 0000 064B     		ldr	r3, .L62
 350 0002 1869     		ldr	r0, [r3, #16]
 351 0004 10F40070 		ands	r0, r0, #512
 352 0008 09BF     		itett	eq
 353 000a 054A     		ldreq	r2, .L62+4
 354 000c 0120     		movne	r0, #1
 355 000e 9A60     		streq	r2, [r3, #8]
 356 0010 02F18832 		addeq	r2, r2, #-2004318072
 357 0014 08BF     		it	eq
ARM GAS  /tmp/ccFQQnsP.s 			page 7


 358 0016 9A60     		streq	r2, [r3, #8]
 359 0018 7047     		bx	lr
 360              	.L63:
 361 001a 00BF     		.align	2
 362              	.L62:
 363 001c 00200240 		.word	1073881088
 364 0020 23016745 		.word	1164378403
 366              		.section	.text.HAL_FLASH_OB_Lock,"ax",%progbits
 367              		.align	1
 368              		.global	HAL_FLASH_OB_Lock
 369              		.syntax unified
 370              		.thumb
 371              		.thumb_func
 373              	HAL_FLASH_OB_Lock:
 374              		@ args = 0, pretend = 0, frame = 0
 375              		@ frame_needed = 0, uses_anonymous_args = 0
 376              		@ link register save eliminated.
 377 0000 034A     		ldr	r2, .L65
 378 0002 0020     		movs	r0, #0
 379 0004 1369     		ldr	r3, [r2, #16]
 380 0006 23F40073 		bic	r3, r3, #512
 381 000a 1361     		str	r3, [r2, #16]
 382 000c 7047     		bx	lr
 383              	.L66:
 384 000e 00BF     		.align	2
 385              	.L65:
 386 0010 00200240 		.word	1073881088
 388              		.section	.text.HAL_FLASH_OB_Launch,"ax",%progbits
 389              		.align	1
 390              		.global	HAL_FLASH_OB_Launch
 391              		.syntax unified
 392              		.thumb
 393              		.thumb_func
 395              	HAL_FLASH_OB_Launch:
 396              		@ args = 0, pretend = 0, frame = 0
 397              		@ frame_needed = 0, uses_anonymous_args = 0
 398              		@ link register save eliminated.
 399 0000 FFF7FEBF 		b	HAL_NVIC_SystemReset
 401              		.section	.text.HAL_FLASH_GetError,"ax",%progbits
 402              		.align	1
 403              		.global	HAL_FLASH_GetError
 404              		.syntax unified
 405              		.thumb
 406              		.thumb_func
 408              	HAL_FLASH_GetError:
 409              		@ args = 0, pretend = 0, frame = 0
 410              		@ frame_needed = 0, uses_anonymous_args = 0
 411              		@ link register save eliminated.
 412 0000 014B     		ldr	r3, .L69
 413 0002 D869     		ldr	r0, [r3, #28]
 414 0004 7047     		bx	lr
 415              	.L70:
 416 0006 00BF     		.align	2
 417              	.L69:
 418 0008 00000000 		.word	pFlash
 420              		.section	.text.FLASH_WaitForLastOperation,"ax",%progbits
 421              		.align	1
ARM GAS  /tmp/ccFQQnsP.s 			page 8


 422              		.global	FLASH_WaitForLastOperation
 423              		.syntax unified
 424              		.thumb
 425              		.thumb_func
 427              	FLASH_WaitForLastOperation:
 428              		@ args = 0, pretend = 0, frame = 0
 429              		@ frame_needed = 0, uses_anonymous_args = 0
 430 0000 70B5     		push	{r4, r5, r6, lr}
 431 0002 0546     		mov	r5, r0
 432 0004 FFF7FEFF 		bl	HAL_GetTick
 433 0008 0646     		mov	r6, r0
 434 000a 114C     		ldr	r4, .L86
 435              	.L73:
 436 000c E368     		ldr	r3, [r4, #12]
 437 000e D807     		lsls	r0, r3, #31
 438 0010 12D4     		bmi	.L77
 439 0012 E368     		ldr	r3, [r4, #12]
 440 0014 9906     		lsls	r1, r3, #26
 441 0016 44BF     		itt	mi
 442 0018 2023     		movmi	r3, #32
 443 001a E360     		strmi	r3, [r4, #12]
 444 001c E368     		ldr	r3, [r4, #12]
 445 001e DA06     		lsls	r2, r3, #27
 446 0020 06D4     		bmi	.L79
 447 0022 E369     		ldr	r3, [r4, #28]
 448 0024 DB07     		lsls	r3, r3, #31
 449 0026 03D4     		bmi	.L79
 450 0028 E068     		ldr	r0, [r4, #12]
 451 002a 10F00400 		ands	r0, r0, #4
 452 002e 07D0     		beq	.L75
 453              	.L79:
 454 0030 FFF7FEFF 		bl	FLASH_SetErrorCode
 455 0034 0120     		movs	r0, #1
 456 0036 03E0     		b	.L75
 457              	.L77:
 458 0038 6B1C     		adds	r3, r5, #1
 459 003a E7D0     		beq	.L73
 460 003c 0DB9     		cbnz	r5, .L74
 461              	.L76:
 462 003e 0320     		movs	r0, #3
 463              	.L75:
 464 0040 70BD     		pop	{r4, r5, r6, pc}
 465              	.L74:
 466 0042 FFF7FEFF 		bl	HAL_GetTick
 467 0046 801B     		subs	r0, r0, r6
 468 0048 A842     		cmp	r0, r5
 469 004a DFD9     		bls	.L73
 470 004c F7E7     		b	.L76
 471              	.L87:
 472 004e 00BF     		.align	2
 473              	.L86:
 474 0050 00200240 		.word	1073881088
 476              		.section	.text.HAL_FLASH_Program,"ax",%progbits
 477              		.align	1
 478              		.global	HAL_FLASH_Program
 479              		.syntax unified
 480              		.thumb
ARM GAS  /tmp/ccFQQnsP.s 			page 9


 481              		.thumb_func
 483              	HAL_FLASH_Program:
 484              		@ args = 0, pretend = 0, frame = 0
 485              		@ frame_needed = 0, uses_anonymous_args = 0
 486 0000 2DE9F84F 		push	{r3, r4, r5, r6, r7, r8, r9, r10, fp, lr}
 487 0004 DFF894A0 		ldr	r10, .L97
 488 0008 1F46     		mov	r7, r3
 489 000a 9AF81830 		ldrb	r3, [r10, #24]	@ zero_extendqisi2
 490 000e 0546     		mov	r5, r0
 491 0010 012B     		cmp	r3, #1
 492 0012 8846     		mov	r8, r1
 493 0014 9146     		mov	r9, r2
 494 0016 3FD0     		beq	.L93
 495 0018 0123     		movs	r3, #1
 496 001a 4CF25030 		movw	r0, #50000
 497 001e 8AF81830 		strb	r3, [r10, #24]
 498 0022 FFF7FEFF 		bl	FLASH_WaitForLastOperation
 499 0026 90BB     		cbnz	r0, .L90
 500 0028 012D     		cmp	r5, #1
 501 002a 03D0     		beq	.L91
 502 002c 022D     		cmp	r5, #2
 503 002e 14BF     		ite	ne
 504 0030 0425     		movne	r5, #4
 505 0032 0225     		moveq	r5, #2
 506              	.L91:
 507 0034 0026     		movs	r6, #0
 508 0036 3346     		mov	r3, r6
 509 0038 DFF864B0 		ldr	fp, .L97+4
 510              	.L92:
 511 003c 3401     		lsls	r4, r6, #4
 512 003e C4F12001 		rsb	r1, r4, #32
 513 0042 A4F12002 		sub	r2, r4, #32
 514 0046 07FA01F1 		lsl	r1, r7, r1
 515 004a 29FA04F4 		lsr	r4, r9, r4
 516 004e CAF81C30 		str	r3, [r10, #28]
 517 0052 0C43     		orrs	r4, r4, r1
 518 0054 27FA02F2 		lsr	r2, r7, r2
 519 0058 1443     		orrs	r4, r4, r2
 520 005a DBF81020 		ldr	r2, [fp, #16]
 521 005e A4B2     		uxth	r4, r4
 522 0060 42F00102 		orr	r2, r2, #1
 523 0064 CBF81020 		str	r2, [fp, #16]
 524 0068 4CF25030 		movw	r0, #50000
 525 006c 28F81640 		strh	r4, [r8, r6, lsl #1]	@ movhi
 526 0070 FFF7FEFF 		bl	FLASH_WaitForLastOperation
 527 0074 DBF81020 		ldr	r2, [fp, #16]
 528 0078 22F00102 		bic	r2, r2, #1
 529 007c CBF81020 		str	r2, [fp, #16]
 530 0080 28B9     		cbnz	r0, .L90
 531 0082 0136     		adds	r6, r6, #1
 532 0084 F2B2     		uxtb	r2, r6
 533 0086 9542     		cmp	r5, r2
 534 0088 4FF00003 		mov	r3, #0
 535 008c D6D8     		bhi	.L92
 536              	.L90:
 537 008e 0023     		movs	r3, #0
 538 0090 8AF81830 		strb	r3, [r10, #24]
ARM GAS  /tmp/ccFQQnsP.s 			page 10


 539              	.L89:
 540 0094 BDE8F88F 		pop	{r3, r4, r5, r6, r7, r8, r9, r10, fp, pc}
 541              	.L93:
 542 0098 0220     		movs	r0, #2
 543 009a FBE7     		b	.L89
 544              	.L98:
 545              		.align	2
 546              	.L97:
 547 009c 00000000 		.word	pFlash
 548 00a0 00200240 		.word	1073881088
 550              		.global	pFlash
 551              		.section	.bss.pFlash,"aw",%nobits
 552              		.align	3
 555              	pFlash:
 556 0000 00000000 		.space	32
 556      00000000 
 556      00000000 
 556      00000000 
 556      00000000 
 557              		.ident	"GCC: (Arch Repository) 13.2.0"
ARM GAS  /tmp/ccFQQnsP.s 			page 11


DEFINED SYMBOLS
                            *ABS*:00000000 stm32f1xx_hal_flash.c
     /tmp/ccFQQnsP.s:16     .text.FLASH_SetErrorCode:00000000 $t
     /tmp/ccFQQnsP.s:21     .text.FLASH_SetErrorCode:00000000 FLASH_SetErrorCode
     /tmp/ccFQQnsP.s:61     .text.FLASH_SetErrorCode:00000048 $d
     /tmp/ccFQQnsP.s:555    .bss.pFlash:00000000 pFlash
     /tmp/ccFQQnsP.s:65     .text.HAL_FLASH_Program_IT:00000000 $t
     /tmp/ccFQQnsP.s:71     .text.HAL_FLASH_Program_IT:00000000 HAL_FLASH_Program_IT
     /tmp/ccFQQnsP.s:120    .text.HAL_FLASH_Program_IT:00000054 $d
     /tmp/ccFQQnsP.s:124    .text.HAL_FLASH_EndOfOperationCallback:00000000 $t
     /tmp/ccFQQnsP.s:130    .text.HAL_FLASH_EndOfOperationCallback:00000000 HAL_FLASH_EndOfOperationCallback
     /tmp/ccFQQnsP.s:137    .text.HAL_FLASH_OperationErrorCallback:00000000 $t
     /tmp/ccFQQnsP.s:143    .text.HAL_FLASH_OperationErrorCallback:00000000 HAL_FLASH_OperationErrorCallback
     /tmp/ccFQQnsP.s:150    .text.HAL_FLASH_IRQHandler:00000000 $t
     /tmp/ccFQQnsP.s:156    .text.HAL_FLASH_IRQHandler:00000000 HAL_FLASH_IRQHandler
     /tmp/ccFQQnsP.s:284    .text.HAL_FLASH_IRQHandler:0000010c $d
     /tmp/ccFQQnsP.s:288    .text.HAL_FLASH_Unlock:00000000 $t
     /tmp/ccFQQnsP.s:294    .text.HAL_FLASH_Unlock:00000000 HAL_FLASH_Unlock
     /tmp/ccFQQnsP.s:313    .text.HAL_FLASH_Unlock:0000001c $d
     /tmp/ccFQQnsP.s:317    .text.HAL_FLASH_Lock:00000000 $t
     /tmp/ccFQQnsP.s:323    .text.HAL_FLASH_Lock:00000000 HAL_FLASH_Lock
     /tmp/ccFQQnsP.s:336    .text.HAL_FLASH_Lock:00000010 $d
     /tmp/ccFQQnsP.s:339    .text.HAL_FLASH_OB_Unlock:00000000 $t
     /tmp/ccFQQnsP.s:345    .text.HAL_FLASH_OB_Unlock:00000000 HAL_FLASH_OB_Unlock
     /tmp/ccFQQnsP.s:363    .text.HAL_FLASH_OB_Unlock:0000001c $d
     /tmp/ccFQQnsP.s:367    .text.HAL_FLASH_OB_Lock:00000000 $t
     /tmp/ccFQQnsP.s:373    .text.HAL_FLASH_OB_Lock:00000000 HAL_FLASH_OB_Lock
     /tmp/ccFQQnsP.s:386    .text.HAL_FLASH_OB_Lock:00000010 $d
     /tmp/ccFQQnsP.s:389    .text.HAL_FLASH_OB_Launch:00000000 $t
     /tmp/ccFQQnsP.s:395    .text.HAL_FLASH_OB_Launch:00000000 HAL_FLASH_OB_Launch
     /tmp/ccFQQnsP.s:402    .text.HAL_FLASH_GetError:00000000 $t
     /tmp/ccFQQnsP.s:408    .text.HAL_FLASH_GetError:00000000 HAL_FLASH_GetError
     /tmp/ccFQQnsP.s:418    .text.HAL_FLASH_GetError:00000008 $d
     /tmp/ccFQQnsP.s:421    .text.FLASH_WaitForLastOperation:00000000 $t
     /tmp/ccFQQnsP.s:427    .text.FLASH_WaitForLastOperation:00000000 FLASH_WaitForLastOperation
     /tmp/ccFQQnsP.s:474    .text.FLASH_WaitForLastOperation:00000050 $d
     /tmp/ccFQQnsP.s:477    .text.HAL_FLASH_Program:00000000 $t
     /tmp/ccFQQnsP.s:483    .text.HAL_FLASH_Program:00000000 HAL_FLASH_Program
     /tmp/ccFQQnsP.s:547    .text.HAL_FLASH_Program:0000009c $d
     /tmp/ccFQQnsP.s:552    .bss.pFlash:00000000 $d

UNDEFINED SYMBOLS
FLASH_PageErase
HAL_NVIC_SystemReset
HAL_GetTick
