ARM GAS  /tmp/ccdkJXSK.s 			page 1


   1              		.cpu cortex-m3
   2              		.arch armv7-m
   3              		.fpu softvfp
   4              		.eabi_attribute 20, 1
   5              		.eabi_attribute 21, 1
   6              		.eabi_attribute 23, 3
   7              		.eabi_attribute 24, 1
   8              		.eabi_attribute 25, 1
   9              		.eabi_attribute 26, 1
  10              		.eabi_attribute 30, 4
  11              		.eabi_attribute 34, 1
  12              		.eabi_attribute 18, 4
  13              		.file	"stm32f1xx_hal_exti.c"
  14              		.text
  15              		.section	.text.HAL_EXTI_SetConfigLine,"ax",%progbits
  16              		.align	1
  17              		.global	HAL_EXTI_SetConfigLine
  18              		.syntax unified
  19              		.thumb
  20              		.thumb_func
  22              	HAL_EXTI_SetConfigLine:
  23              		@ args = 0, pretend = 0, frame = 0
  24              		@ frame_needed = 0, uses_anonymous_args = 0
  25 0000 70B5     		push	{r4, r5, r6, lr}
  26 0002 0028     		cmp	r0, #0
  27 0004 42D0     		beq	.L15
  28 0006 0029     		cmp	r1, #0
  29 0008 40D0     		beq	.L15
  30 000a 0122     		movs	r2, #1
  31 000c 0C68     		ldr	r4, [r1]
  32 000e 204B     		ldr	r3, .L20
  33 0010 0460     		str	r4, [r0]
  34 0012 14F0007F 		tst	r4, #33554432
  35 0016 04F01F00 		and	r0, r4, #31
  36 001a 02FA00F2 		lsl	r2, r2, r0
  37 001e 24D0     		beq	.L4
  38 0020 8E68     		ldr	r6, [r1, #8]
  39 0022 9D68     		ldr	r5, [r3, #8]
  40 0024 16F0010F 		tst	r6, #1
  41 0028 14BF     		ite	ne
  42 002a 1543     		orrne	r5, r5, r2
  43 002c 9543     		biceq	r5, r5, r2
  44 002e 9D60     		str	r5, [r3, #8]
  45 0030 DD68     		ldr	r5, [r3, #12]
  46 0032 B607     		lsls	r6, r6, #30
  47 0034 4CBF     		ite	mi
  48 0036 1543     		orrmi	r5, r5, r2
  49 0038 9543     		bicpl	r5, r5, r2
  50 003a DD60     		str	r5, [r3, #12]
  51 003c 04F0C065 		and	r5, r4, #100663296
  52 0040 B5F1C06F 		cmp	r5, #100663296
  53 0044 11D1     		bne	.L4
  54 0046 0F25     		movs	r5, #15
  55 0048 00F01C00 		and	r0, r0, #28
  56 004c 00F18040 		add	r0, r0, #1073741824
  57 0050 00F58030 		add	r0, r0, #65536
  58 0054 04F00304 		and	r4, r4, #3
ARM GAS  /tmp/ccdkJXSK.s 			page 2


  59 0058 8668     		ldr	r6, [r0, #8]
  60 005a A400     		lsls	r4, r4, #2
  61 005c A540     		lsls	r5, r5, r4
  62 005e 26EA0506 		bic	r6, r6, r5
  63 0062 CD68     		ldr	r5, [r1, #12]
  64 0064 A540     		lsls	r5, r5, r4
  65 0066 3543     		orrs	r5, r5, r6
  66 0068 8560     		str	r5, [r0, #8]
  67              	.L4:
  68 006a 4868     		ldr	r0, [r1, #4]
  69 006c 1968     		ldr	r1, [r3]
  70 006e C407     		lsls	r4, r0, #31
  71 0070 4CBF     		ite	mi
  72 0072 1143     		orrmi	r1, r1, r2
  73 0074 9143     		bicpl	r1, r1, r2
  74 0076 8007     		lsls	r0, r0, #30
  75 0078 4FF00000 		mov	r0, #0
  76 007c 1960     		str	r1, [r3]
  77 007e 5968     		ldr	r1, [r3, #4]
  78 0080 4CBF     		ite	mi
  79 0082 0A43     		orrmi	r2, r2, r1
  80 0084 21EA0202 		bicpl	r2, r1, r2
  81 0088 5A60     		str	r2, [r3, #4]
  82              	.L2:
  83 008a 70BD     		pop	{r4, r5, r6, pc}
  84              	.L15:
  85 008c 0120     		movs	r0, #1
  86 008e FCE7     		b	.L2
  87              	.L21:
  88              		.align	2
  89              	.L20:
  90 0090 00040140 		.word	1073808384
  92              		.section	.text.HAL_EXTI_GetConfigLine,"ax",%progbits
  93              		.align	1
  94              		.global	HAL_EXTI_GetConfigLine
  95              		.syntax unified
  96              		.thumb
  97              		.thumb_func
  99              	HAL_EXTI_GetConfigLine:
 100              		@ args = 0, pretend = 0, frame = 0
 101              		@ frame_needed = 0, uses_anonymous_args = 0
 102 0000 70B5     		push	{r4, r5, r6, lr}
 103 0002 0028     		cmp	r0, #0
 104 0004 3AD0     		beq	.L30
 105 0006 0029     		cmp	r1, #0
 106 0008 38D0     		beq	.L30
 107 000a 0368     		ldr	r3, [r0]
 108 000c 0120     		movs	r0, #1
 109 000e 1C4D     		ldr	r5, .L37
 110 0010 0B60     		str	r3, [r1]
 111 0012 2C68     		ldr	r4, [r5]
 112 0014 03F01F02 		and	r2, r3, #31
 113 0018 9040     		lsls	r0, r0, r2
 114 001a 0442     		tst	r4, r0
 115 001c 14BF     		ite	ne
 116 001e 0124     		movne	r4, #1
 117 0020 0024     		moveq	r4, #0
ARM GAS  /tmp/ccdkJXSK.s 			page 3


 118 0022 4C60     		str	r4, [r1, #4]
 119 0024 6E68     		ldr	r6, [r5, #4]
 120 0026 0642     		tst	r6, r0
 121 0028 1CBF     		itt	ne
 122 002a 44F00204 		orrne	r4, r4, #2
 123 002e 4C60     		strne	r4, [r1, #4]
 124 0030 0024     		movs	r4, #0
 125 0032 C1E90244 		strd	r4, r4, [r1, #8]
 126 0036 9C01     		lsls	r4, r3, #6
 127 0038 1ED5     		bpl	.L26
 128 003a AC68     		ldr	r4, [r5, #8]
 129 003c 0442     		tst	r4, r0
 130 003e 14BF     		ite	ne
 131 0040 0124     		movne	r4, #1
 132 0042 0024     		moveq	r4, #0
 133 0044 8C60     		str	r4, [r1, #8]
 134 0046 ED68     		ldr	r5, [r5, #12]
 135 0048 0542     		tst	r5, r0
 136 004a 18BF     		it	ne
 137 004c 44F00204 		orrne	r4, r4, #2
 138 0050 03F0C060 		and	r0, r3, #100663296
 139 0054 18BF     		it	ne
 140 0056 8C60     		strne	r4, [r1, #8]
 141 0058 B0F1C06F 		cmp	r0, #100663296
 142 005c 0CD1     		bne	.L26
 143 005e 0948     		ldr	r0, .L37+4
 144 0060 9208     		lsrs	r2, r2, #2
 145 0062 0232     		adds	r2, r2, #2
 146 0064 50F82220 		ldr	r2, [r0, r2, lsl #2]
 147 0068 03F00303 		and	r3, r3, #3
 148 006c 9B00     		lsls	r3, r3, #2
 149 006e 22FA03F3 		lsr	r3, r2, r3
 150 0072 03F00F03 		and	r3, r3, #15
 151 0076 CB60     		str	r3, [r1, #12]
 152              	.L26:
 153 0078 0020     		movs	r0, #0
 154              	.L23:
 155 007a 70BD     		pop	{r4, r5, r6, pc}
 156              	.L30:
 157 007c 0120     		movs	r0, #1
 158 007e FCE7     		b	.L23
 159              	.L38:
 160              		.align	2
 161              	.L37:
 162 0080 00040140 		.word	1073808384
 163 0084 00000140 		.word	1073807360
 165              		.section	.text.HAL_EXTI_ClearConfigLine,"ax",%progbits
 166              		.align	1
 167              		.global	HAL_EXTI_ClearConfigLine
 168              		.syntax unified
 169              		.thumb
 170              		.thumb_func
 172              	HAL_EXTI_ClearConfigLine:
 173              		@ args = 0, pretend = 0, frame = 0
 174              		@ frame_needed = 0, uses_anonymous_args = 0
 175 0000 30B5     		push	{r4, r5, lr}
 176 0002 70B3     		cbz	r0, .L44
ARM GAS  /tmp/ccdkJXSK.s 			page 4


 177 0004 0268     		ldr	r2, [r0]
 178 0006 0120     		movs	r0, #1
 179 0008 1749     		ldr	r1, .L45
 180 000a 02F01F03 		and	r3, r2, #31
 181 000e 0D68     		ldr	r5, [r1]
 182 0010 9840     		lsls	r0, r0, r3
 183 0012 25EA0005 		bic	r5, r5, r0
 184 0016 0D60     		str	r5, [r1]
 185 0018 4D68     		ldr	r5, [r1, #4]
 186 001a C443     		mvns	r4, r0
 187 001c 25EA0000 		bic	r0, r5, r0
 188 0020 4860     		str	r0, [r1, #4]
 189 0022 9001     		lsls	r0, r2, #6
 190 0024 01D4     		bmi	.L41
 191              	.L43:
 192 0026 0020     		movs	r0, #0
 193              	.L40:
 194 0028 30BD     		pop	{r4, r5, pc}
 195              	.L41:
 196 002a 8868     		ldr	r0, [r1, #8]
 197 002c 2040     		ands	r0, r0, r4
 198 002e 8860     		str	r0, [r1, #8]
 199 0030 C868     		ldr	r0, [r1, #12]
 200 0032 0440     		ands	r4, r4, r0
 201 0034 CC60     		str	r4, [r1, #12]
 202 0036 02F0C061 		and	r1, r2, #100663296
 203 003a B1F1C06F 		cmp	r1, #100663296
 204 003e F2D1     		bne	.L43
 205 0040 0F20     		movs	r0, #15
 206 0042 03F01C03 		and	r3, r3, #28
 207 0046 03F18043 		add	r3, r3, #1073741824
 208 004a 03F58033 		add	r3, r3, #65536
 209 004e 02F00302 		and	r2, r2, #3
 210 0052 9968     		ldr	r1, [r3, #8]
 211 0054 9200     		lsls	r2, r2, #2
 212 0056 00FA02F2 		lsl	r2, r0, r2
 213 005a 21EA0202 		bic	r2, r1, r2
 214 005e 9A60     		str	r2, [r3, #8]
 215 0060 E1E7     		b	.L43
 216              	.L44:
 217 0062 0120     		movs	r0, #1
 218 0064 E0E7     		b	.L40
 219              	.L46:
 220 0066 00BF     		.align	2
 221              	.L45:
 222 0068 00040140 		.word	1073808384
 224              		.section	.text.HAL_EXTI_RegisterCallback,"ax",%progbits
 225              		.align	1
 226              		.global	HAL_EXTI_RegisterCallback
 227              		.syntax unified
 228              		.thumb
 229              		.thumb_func
 231              	HAL_EXTI_RegisterCallback:
 232              		@ args = 0, pretend = 0, frame = 0
 233              		@ frame_needed = 0, uses_anonymous_args = 0
 234              		@ link register save eliminated.
 235 0000 0346     		mov	r3, r0
ARM GAS  /tmp/ccdkJXSK.s 			page 5


 236 0002 0846     		mov	r0, r1
 237 0004 09B9     		cbnz	r1, .L49
 238 0006 5A60     		str	r2, [r3, #4]
 239 0008 7047     		bx	lr
 240              	.L49:
 241 000a 0120     		movs	r0, #1
 242 000c 7047     		bx	lr
 244              		.section	.text.HAL_EXTI_GetHandle,"ax",%progbits
 245              		.align	1
 246              		.global	HAL_EXTI_GetHandle
 247              		.syntax unified
 248              		.thumb
 249              		.thumb_func
 251              	HAL_EXTI_GetHandle:
 252              		@ args = 0, pretend = 0, frame = 0
 253              		@ frame_needed = 0, uses_anonymous_args = 0
 254              		@ link register save eliminated.
 255 0000 10B1     		cbz	r0, .L52
 256 0002 0160     		str	r1, [r0]
 257 0004 0020     		movs	r0, #0
 258 0006 7047     		bx	lr
 259              	.L52:
 260 0008 0120     		movs	r0, #1
 261 000a 7047     		bx	lr
 263              		.section	.text.HAL_EXTI_IRQHandler,"ax",%progbits
 264              		.align	1
 265              		.global	HAL_EXTI_IRQHandler
 266              		.syntax unified
 267              		.thumb
 268              		.thumb_func
 270              	HAL_EXTI_IRQHandler:
 271              		@ args = 0, pretend = 0, frame = 0
 272              		@ frame_needed = 0, uses_anonymous_args = 0
 273              		@ link register save eliminated.
 274 0000 0368     		ldr	r3, [r0]
 275 0002 03F01F02 		and	r2, r3, #31
 276 0006 0123     		movs	r3, #1
 277 0008 9340     		lsls	r3, r3, r2
 278 000a 044A     		ldr	r2, .L60
 279 000c 5169     		ldr	r1, [r2, #20]
 280 000e 1942     		tst	r1, r3
 281 0010 03D0     		beq	.L53
 282 0012 5361     		str	r3, [r2, #20]
 283 0014 4368     		ldr	r3, [r0, #4]
 284 0016 03B1     		cbz	r3, .L53
 285 0018 1847     		bx	r3	@ indirect register sibling call
 286              	.L53:
 287 001a 7047     		bx	lr
 288              	.L61:
 289              		.align	2
 290              	.L60:
 291 001c 00040140 		.word	1073808384
 293              		.section	.text.HAL_EXTI_GetPending,"ax",%progbits
 294              		.align	1
 295              		.global	HAL_EXTI_GetPending
 296              		.syntax unified
 297              		.thumb
ARM GAS  /tmp/ccdkJXSK.s 			page 6


 298              		.thumb_func
 300              	HAL_EXTI_GetPending:
 301              		@ args = 0, pretend = 0, frame = 0
 302              		@ frame_needed = 0, uses_anonymous_args = 0
 303              		@ link register save eliminated.
 304 0000 054B     		ldr	r3, .L63
 305 0002 0068     		ldr	r0, [r0]
 306 0004 5A69     		ldr	r2, [r3, #20]
 307 0006 0123     		movs	r3, #1
 308 0008 00F01F00 		and	r0, r0, #31
 309 000c 8340     		lsls	r3, r3, r0
 310 000e 1340     		ands	r3, r3, r2
 311 0010 23FA00F0 		lsr	r0, r3, r0
 312 0014 7047     		bx	lr
 313              	.L64:
 314 0016 00BF     		.align	2
 315              	.L63:
 316 0018 00040140 		.word	1073808384
 318              		.section	.text.HAL_EXTI_ClearPending,"ax",%progbits
 319              		.align	1
 320              		.global	HAL_EXTI_ClearPending
 321              		.syntax unified
 322              		.thumb
 323              		.thumb_func
 325              	HAL_EXTI_ClearPending:
 326              		@ args = 0, pretend = 0, frame = 0
 327              		@ frame_needed = 0, uses_anonymous_args = 0
 328              		@ link register save eliminated.
 329 0000 0123     		movs	r3, #1
 330 0002 0268     		ldr	r2, [r0]
 331 0004 02F01F02 		and	r2, r2, #31
 332 0008 9340     		lsls	r3, r3, r2
 333 000a 014A     		ldr	r2, .L66
 334 000c 5361     		str	r3, [r2, #20]
 335 000e 7047     		bx	lr
 336              	.L67:
 337              		.align	2
 338              	.L66:
 339 0010 00040140 		.word	1073808384
 341              		.section	.text.HAL_EXTI_GenerateSWI,"ax",%progbits
 342              		.align	1
 343              		.global	HAL_EXTI_GenerateSWI
 344              		.syntax unified
 345              		.thumb
 346              		.thumb_func
 348              	HAL_EXTI_GenerateSWI:
 349              		@ args = 0, pretend = 0, frame = 0
 350              		@ frame_needed = 0, uses_anonymous_args = 0
 351              		@ link register save eliminated.
 352 0000 0123     		movs	r3, #1
 353 0002 0268     		ldr	r2, [r0]
 354 0004 02F01F02 		and	r2, r2, #31
 355 0008 9340     		lsls	r3, r3, r2
 356 000a 014A     		ldr	r2, .L69
 357 000c 1361     		str	r3, [r2, #16]
 358 000e 7047     		bx	lr
 359              	.L70:
ARM GAS  /tmp/ccdkJXSK.s 			page 7


 360              		.align	2
 361              	.L69:
 362 0010 00040140 		.word	1073808384
 364              		.ident	"GCC: (Arch Repository) 13.2.0"
ARM GAS  /tmp/ccdkJXSK.s 			page 8


DEFINED SYMBOLS
                            *ABS*:00000000 stm32f1xx_hal_exti.c
     /tmp/ccdkJXSK.s:16     .text.HAL_EXTI_SetConfigLine:00000000 $t
     /tmp/ccdkJXSK.s:22     .text.HAL_EXTI_SetConfigLine:00000000 HAL_EXTI_SetConfigLine
     /tmp/ccdkJXSK.s:90     .text.HAL_EXTI_SetConfigLine:00000090 $d
     /tmp/ccdkJXSK.s:93     .text.HAL_EXTI_GetConfigLine:00000000 $t
     /tmp/ccdkJXSK.s:99     .text.HAL_EXTI_GetConfigLine:00000000 HAL_EXTI_GetConfigLine
     /tmp/ccdkJXSK.s:162    .text.HAL_EXTI_GetConfigLine:00000080 $d
     /tmp/ccdkJXSK.s:166    .text.HAL_EXTI_ClearConfigLine:00000000 $t
     /tmp/ccdkJXSK.s:172    .text.HAL_EXTI_ClearConfigLine:00000000 HAL_EXTI_ClearConfigLine
     /tmp/ccdkJXSK.s:222    .text.HAL_EXTI_ClearConfigLine:00000068 $d
     /tmp/ccdkJXSK.s:225    .text.HAL_EXTI_RegisterCallback:00000000 $t
     /tmp/ccdkJXSK.s:231    .text.HAL_EXTI_RegisterCallback:00000000 HAL_EXTI_RegisterCallback
     /tmp/ccdkJXSK.s:245    .text.HAL_EXTI_GetHandle:00000000 $t
     /tmp/ccdkJXSK.s:251    .text.HAL_EXTI_GetHandle:00000000 HAL_EXTI_GetHandle
     /tmp/ccdkJXSK.s:264    .text.HAL_EXTI_IRQHandler:00000000 $t
     /tmp/ccdkJXSK.s:270    .text.HAL_EXTI_IRQHandler:00000000 HAL_EXTI_IRQHandler
     /tmp/ccdkJXSK.s:291    .text.HAL_EXTI_IRQHandler:0000001c $d
     /tmp/ccdkJXSK.s:294    .text.HAL_EXTI_GetPending:00000000 $t
     /tmp/ccdkJXSK.s:300    .text.HAL_EXTI_GetPending:00000000 HAL_EXTI_GetPending
     /tmp/ccdkJXSK.s:316    .text.HAL_EXTI_GetPending:00000018 $d
     /tmp/ccdkJXSK.s:319    .text.HAL_EXTI_ClearPending:00000000 $t
     /tmp/ccdkJXSK.s:325    .text.HAL_EXTI_ClearPending:00000000 HAL_EXTI_ClearPending
     /tmp/ccdkJXSK.s:339    .text.HAL_EXTI_ClearPending:00000010 $d
     /tmp/ccdkJXSK.s:342    .text.HAL_EXTI_GenerateSWI:00000000 $t
     /tmp/ccdkJXSK.s:348    .text.HAL_EXTI_GenerateSWI:00000000 HAL_EXTI_GenerateSWI
     /tmp/ccdkJXSK.s:362    .text.HAL_EXTI_GenerateSWI:00000010 $d

NO UNDEFINED SYMBOLS
